LINE 494 : 2020-03-04 16:04:39,070 [INFO    ] Parsing data files for GSEA.............................
LINE 225 : 2020-03-04 16:04:39,588 [DEBUG   ] Starting new HTTP connection (1): amp.pharm.mssm.edu:80
LINE 437 : 2020-03-04 16:04:39,941 [DEBUG   ] http://amp.pharm.mssm.edu:80 "GET /Enrichr/datasetStatistics HTTP/1.1" 200 None
LINE 166 : 2020-03-04 16:04:39,977 [INFO    ] Enrichr library gene sets already downloaded in: C:\Users\kirst\.gseapy, use local file
LINE 135 : 2020-03-04 16:04:46,934 [INFO    ] 0277 gene_sets have been filtered out when max_size=500 and min_size=15
LINE 498 : 2020-03-04 16:04:46,935 [INFO    ] 0031 gene_sets used for further statistical testing.....
LINE 499 : 2020-03-04 16:04:46,936 [INFO    ] Start to run GSEA...Might take a while..................
LINE 455 : 2020-03-04 16:04:46,938 [DEBUG   ] Start to compute enrichment scores......................
LINE 479 : 2020-03-04 16:04:46,939 [DEBUG   ] Start to compute es and esnulls........................
LINE 622 : 2020-03-04 16:05:43,181 [DEBUG   ] Start to compute pvals..................................
LINE 626 : 2020-03-04 16:05:43,201 [DEBUG   ] Start to compute nes and nesnull........................
LINE 637 : 2020-03-04 16:05:43,206 [DEBUG   ] Start to compute fdrs..................................
LINE 604 : 2020-03-04 16:05:43,214 [DEBUG   ] Statistical testing finished.............................
LINE 507 : 2020-03-04 16:05:43,221 [INFO    ] Start to generate gseapy reports, and produce figures...
LINE 519 : 2020-03-04 16:07:19,537 [INFO    ] Congratulations. GSEApy runs successfully................

LINE 494 : 2020-03-04 16:07:19,605 [INFO    ] Parsing data files for GSEA.............................
LINE 225 : 2020-03-04 16:07:19,679 [DEBUG   ] Starting new HTTP connection (1): amp.pharm.mssm.edu:80
LINE 437 : 2020-03-04 16:07:19,826 [DEBUG   ] http://amp.pharm.mssm.edu:80 "GET /Enrichr/datasetStatistics HTTP/1.1" 200 None
LINE 166 : 2020-03-04 16:07:19,901 [INFO    ] Enrichr library gene sets already downloaded in: C:\Users\kirst\.gseapy, use local file
LINE 135 : 2020-03-04 16:07:56,791 [INFO    ] 4909 gene_sets have been filtered out when max_size=500 and min_size=15
LINE 498 : 2020-03-04 16:07:56,806 [INFO    ] 0194 gene_sets used for further statistical testing.....
LINE 499 : 2020-03-04 16:07:56,806 [INFO    ] Start to run GSEA...Might take a while..................
LINE 455 : 2020-03-04 16:07:56,806 [DEBUG   ] Start to compute enrichment scores......................
LINE 479 : 2020-03-04 16:07:56,806 [DEBUG   ] Start to compute es and esnulls........................
LINE 622 : 2020-03-04 16:08:54,731 [DEBUG   ] Start to compute pvals..................................
LINE 626 : 2020-03-04 16:08:54,758 [DEBUG   ] Start to compute nes and nesnull........................
LINE 637 : 2020-03-04 16:08:54,762 [DEBUG   ] Start to compute fdrs..................................
LINE 604 : 2020-03-04 16:08:54,784 [DEBUG   ] Statistical testing finished.............................
LINE 507 : 2020-03-04 16:08:54,793 [INFO    ] Start to generate gseapy reports, and produce figures...
LINE 519 : 2020-03-04 16:10:56,847 [INFO    ] Congratulations. GSEApy runs successfully................

LINE 2515: 2020-03-04 16:10:57,562 [DEBUG   ] update_title_pos
LINE 1254: 2020-03-04 16:10:57,621 [DEBUG   ] findfont: Matching :family=sans-serif:style=normal:variant=normal:weight=normal:stretch=normal:size=16.0 to DejaVu Sans ('C:\\Users\\kirst\\Miniconda3\\lib\\site-packages\\matplotlib\\mpl-data\\fonts\\ttf\\DejaVuSans.ttf') with score of 0.050000.
LINE 1254: 2020-03-04 16:10:57,692 [DEBUG   ] findfont: Matching :family=sans-serif:style=normal:variant=normal:weight=bold:stretch=normal:size=16.0 to DejaVu Sans ('C:\\Users\\kirst\\Miniconda3\\lib\\site-packages\\matplotlib\\mpl-data\\fonts\\ttf\\DejaVuSans-Bold.ttf') with score of 0.000000.
LINE 1254: 2020-03-04 16:10:57,796 [DEBUG   ] findfont: Matching :family=sans-serif:style=normal:variant=normal:weight=bold:stretch=normal:size=24.0 to DejaVu Sans ('C:\\Users\\kirst\\Miniconda3\\lib\\site-packages\\matplotlib\\mpl-data\\fonts\\ttf\\DejaVuSans-Bold.ttf') with score of 0.000000.
LINE 2515: 2020-03-04 16:10:57,852 [DEBUG   ] update_title_pos
LINE 2515: 2020-03-04 16:10:57,963 [DEBUG   ] update_title_pos
LINE 2515: 2020-03-04 16:10:58,059 [DEBUG   ] update_title_pos
LINE 2515: 2020-03-04 16:10:58,335 [DEBUG   ] update_title_pos
LINE 2515: 2020-03-04 16:10:58,761 [DEBUG   ] update_title_pos
LINE 2515: 2020-03-04 16:10:59,339 [DEBUG   ] update_title_pos
LINE 2515: 2020-03-04 16:10:59,777 [DEBUG   ] update_title_pos
LINE 2515: 2020-03-04 16:10:59,960 [DEBUG   ] update_title_pos
LINE 2515: 2020-03-04 16:11:00,551 [DEBUG   ] update_title_pos
LINE 494 : 2020-03-04 16:11:01,271 [INFO    ] Parsing data files for GSEA.............................
LINE 225 : 2020-03-04 16:11:01,323 [DEBUG   ] Starting new HTTP connection (1): amp.pharm.mssm.edu:80
LINE 437 : 2020-03-04 16:11:01,596 [DEBUG   ] http://amp.pharm.mssm.edu:80 "GET /Enrichr/datasetStatistics HTTP/1.1" 200 None
LINE 166 : 2020-03-04 16:11:01,606 [INFO    ] Enrichr library gene sets already downloaded in: C:\Users\kirst\.gseapy, use local file
LINE 135 : 2020-03-04 16:11:06,857 [INFO    ] 0296 gene_sets have been filtered out when max_size=500 and min_size=15
LINE 498 : 2020-03-04 16:11:06,857 [INFO    ] 0012 gene_sets used for further statistical testing.....
LINE 499 : 2020-03-04 16:11:06,857 [INFO    ] Start to run GSEA...Might take a while..................
LINE 455 : 2020-03-04 16:11:06,860 [DEBUG   ] Start to compute enrichment scores......................
LINE 479 : 2020-03-04 16:11:06,861 [DEBUG   ] Start to compute es and esnulls........................
LINE 622 : 2020-03-04 16:11:27,040 [DEBUG   ] Start to compute pvals..................................
LINE 626 : 2020-03-04 16:11:27,041 [DEBUG   ] Start to compute nes and nesnull........................
LINE 637 : 2020-03-04 16:11:27,042 [DEBUG   ] Start to compute fdrs..................................
LINE 604 : 2020-03-04 16:11:27,043 [DEBUG   ] Statistical testing finished.............................
LINE 507 : 2020-03-04 16:11:27,044 [INFO    ] Start to generate gseapy reports, and produce figures...
LINE 519 : 2020-03-04 16:12:42,574 [INFO    ] Congratulations. GSEApy runs successfully................

LINE 494 : 2020-03-04 16:12:42,659 [INFO    ] Parsing data files for GSEA.............................
LINE 225 : 2020-03-04 16:12:42,697 [DEBUG   ] Starting new HTTP connection (1): amp.pharm.mssm.edu:80
LINE 437 : 2020-03-04 16:12:42,810 [DEBUG   ] http://amp.pharm.mssm.edu:80 "GET /Enrichr/datasetStatistics HTTP/1.1" 200 None
LINE 166 : 2020-03-04 16:12:43,040 [INFO    ] Enrichr library gene sets already downloaded in: C:\Users\kirst\.gseapy, use local file
LINE 135 : 2020-03-04 16:12:58,339 [INFO    ] 5003 gene_sets have been filtered out when max_size=500 and min_size=15
LINE 498 : 2020-03-04 16:12:58,339 [INFO    ] 0100 gene_sets used for further statistical testing.....
LINE 499 : 2020-03-04 16:12:58,339 [INFO    ] Start to run GSEA...Might take a while..................
LINE 455 : 2020-03-04 16:12:58,344 [DEBUG   ] Start to compute enrichment scores......................
LINE 479 : 2020-03-04 16:12:58,344 [DEBUG   ] Start to compute es and esnulls........................
LINE 622 : 2020-03-04 16:13:19,516 [DEBUG   ] Start to compute pvals..................................
LINE 626 : 2020-03-04 16:13:19,518 [DEBUG   ] Start to compute nes and nesnull........................
LINE 637 : 2020-03-04 16:13:19,520 [DEBUG   ] Start to compute fdrs..................................
LINE 604 : 2020-03-04 16:13:19,526 [DEBUG   ] Statistical testing finished.............................
LINE 507 : 2020-03-04 16:13:19,529 [INFO    ] Start to generate gseapy reports, and produce figures...
LINE 519 : 2020-03-04 16:14:27,862 [INFO    ] Congratulations. GSEApy runs successfully................

LINE 2515: 2020-03-04 16:14:28,223 [DEBUG   ] update_title_pos
LINE 2515: 2020-03-04 16:14:28,545 [DEBUG   ] update_title_pos
LINE 2515: 2020-03-04 16:14:28,602 [DEBUG   ] update_title_pos
LINE 2515: 2020-03-04 16:14:28,715 [DEBUG   ] update_title_pos
LINE 2515: 2020-03-04 16:14:28,861 [DEBUG   ] update_title_pos
LINE 2515: 2020-03-04 16:14:29,095 [DEBUG   ] update_title_pos
LINE 2515: 2020-03-04 16:14:29,559 [DEBUG   ] update_title_pos
LINE 2515: 2020-03-04 16:14:29,714 [DEBUG   ] update_title_pos
LINE 2515: 2020-03-04 16:14:29,803 [DEBUG   ] update_title_pos
LINE 2515: 2020-03-04 16:14:30,198 [DEBUG   ] update_title_pos
LINE 494 : 2020-03-04 16:14:30,662 [INFO    ] Parsing data files for GSEA.............................
LINE 225 : 2020-03-04 16:14:30,665 [DEBUG   ] Starting new HTTP connection (1): amp.pharm.mssm.edu:80
LINE 437 : 2020-03-04 16:14:30,896 [DEBUG   ] http://amp.pharm.mssm.edu:80 "GET /Enrichr/datasetStatistics HTTP/1.1" 200 None
LINE 166 : 2020-03-04 16:14:30,901 [INFO    ] Enrichr library gene sets already downloaded in: C:\Users\kirst\.gseapy, use local file
LINE 135 : 2020-03-04 16:14:40,578 [INFO    ] 0143 gene_sets have been filtered out when max_size=500 and min_size=15
LINE 498 : 2020-03-04 16:14:40,578 [INFO    ] 0165 gene_sets used for further statistical testing.....
LINE 499 : 2020-03-04 16:14:40,578 [INFO    ] Start to run GSEA...Might take a while..................
LINE 455 : 2020-03-04 16:14:40,579 [DEBUG   ] Start to compute enrichment scores......................
LINE 479 : 2020-03-04 16:14:40,579 [DEBUG   ] Start to compute es and esnulls........................
LINE 622 : 2020-03-04 16:15:10,615 [DEBUG   ] Start to compute pvals..................................
LINE 626 : 2020-03-04 16:15:10,616 [DEBUG   ] Start to compute nes and nesnull........................
LINE 637 : 2020-03-04 16:15:10,618 [DEBUG   ] Start to compute fdrs..................................
LINE 604 : 2020-03-04 16:15:10,628 [DEBUG   ] Statistical testing finished.............................
LINE 507 : 2020-03-04 16:15:10,630 [INFO    ] Start to generate gseapy reports, and produce figures...
LINE 519 : 2020-03-04 16:16:18,802 [INFO    ] Congratulations. GSEApy runs successfully................

LINE 494 : 2020-03-04 16:16:18,817 [INFO    ] Parsing data files for GSEA.............................
LINE 225 : 2020-03-04 16:16:18,820 [DEBUG   ] Starting new HTTP connection (1): amp.pharm.mssm.edu:80
LINE 437 : 2020-03-04 16:16:18,920 [DEBUG   ] http://amp.pharm.mssm.edu:80 "GET /Enrichr/datasetStatistics HTTP/1.1" 200 None
LINE 166 : 2020-03-04 16:16:19,013 [INFO    ] Enrichr library gene sets already downloaded in: C:\Users\kirst\.gseapy, use local file
LINE 135 : 2020-03-04 16:17:08,482 [INFO    ] 4349 gene_sets have been filtered out when max_size=500 and min_size=15
LINE 498 : 2020-03-04 16:17:08,482 [INFO    ] 0754 gene_sets used for further statistical testing.....
LINE 499 : 2020-03-04 16:17:08,482 [INFO    ] Start to run GSEA...Might take a while..................
LINE 455 : 2020-03-04 16:17:08,482 [DEBUG   ] Start to compute enrichment scores......................
LINE 479 : 2020-03-04 16:17:08,482 [DEBUG   ] Start to compute es and esnulls........................
LINE 622 : 2020-03-04 16:19:02,715 [DEBUG   ] Start to compute pvals..................................
LINE 626 : 2020-03-04 16:19:02,732 [DEBUG   ] Start to compute nes and nesnull........................
LINE 637 : 2020-03-04 16:19:02,737 [DEBUG   ] Start to compute fdrs..................................
LINE 604 : 2020-03-04 16:19:02,777 [DEBUG   ] Statistical testing finished.............................
LINE 507 : 2020-03-04 16:19:02,793 [INFO    ] Start to generate gseapy reports, and produce figures...
LINE 519 : 2020-03-04 16:21:56,655 [INFO    ] Congratulations. GSEApy runs successfully................

LINE 2515: 2020-03-04 16:22:00,007 [DEBUG   ] update_title_pos
LINE 2515: 2020-03-04 16:22:01,187 [DEBUG   ] update_title_pos
LINE 2515: 2020-03-04 16:22:01,476 [DEBUG   ] update_title_pos
LINE 2515: 2020-03-04 16:22:01,644 [DEBUG   ] update_title_pos
LINE 2515: 2020-03-04 16:22:02,057 [DEBUG   ] update_title_pos
LINE 2515: 2020-03-04 16:22:02,862 [DEBUG   ] update_title_pos
LINE 2515: 2020-03-04 16:22:04,129 [DEBUG   ] update_title_pos
LINE 2515: 2020-03-04 16:22:04,789 [DEBUG   ] update_title_pos
LINE 2515: 2020-03-04 16:22:05,328 [DEBUG   ] update_title_pos
LINE 2515: 2020-03-04 16:22:06,499 [DEBUG   ] update_title_pos
LINE 494 : 2020-03-04 16:22:08,049 [INFO    ] Parsing data files for GSEA.............................
LINE 225 : 2020-03-04 16:22:08,231 [DEBUG   ] Starting new HTTP connection (1): amp.pharm.mssm.edu:80
LINE 437 : 2020-03-04 16:25:07,147 [DEBUG   ] http://amp.pharm.mssm.edu:80 "GET /Enrichr/datasetStatistics HTTP/1.1" 200 None
LINE 166 : 2020-03-04 16:25:07,300 [INFO    ] Enrichr library gene sets already downloaded in: C:\Users\kirst\.gseapy, use local file
LINE 135 : 2020-03-04 16:25:11,377 [INFO    ] 0258 gene_sets have been filtered out when max_size=500 and min_size=15
LINE 498 : 2020-03-04 16:25:11,378 [INFO    ] 0050 gene_sets used for further statistical testing.....
LINE 499 : 2020-03-04 16:25:11,379 [INFO    ] Start to run GSEA...Might take a while..................
LINE 455 : 2020-03-04 16:25:11,401 [DEBUG   ] Start to compute enrichment scores......................
LINE 479 : 2020-03-04 16:25:11,412 [DEBUG   ] Start to compute es and esnulls........................
LINE 622 : 2020-03-04 16:25:28,349 [DEBUG   ] Start to compute pvals..................................
LINE 626 : 2020-03-04 16:25:28,362 [DEBUG   ] Start to compute nes and nesnull........................
LINE 637 : 2020-03-04 16:25:28,363 [DEBUG   ] Start to compute fdrs..................................
LINE 604 : 2020-03-04 16:25:28,374 [DEBUG   ] Statistical testing finished.............................
LINE 507 : 2020-03-04 16:25:28,379 [INFO    ] Start to generate gseapy reports, and produce figures...
LINE 519 : 2020-03-04 16:26:30,389 [INFO    ] Congratulations. GSEApy runs successfully................

LINE 494 : 2020-03-04 16:26:30,709 [INFO    ] Parsing data files for GSEA.............................
LINE 225 : 2020-03-04 16:26:30,764 [DEBUG   ] Starting new HTTP connection (1): amp.pharm.mssm.edu:80
LINE 437 : 2020-03-04 16:26:31,054 [DEBUG   ] http://amp.pharm.mssm.edu:80 "GET /Enrichr/datasetStatistics HTTP/1.1" 200 None
LINE 166 : 2020-03-04 16:26:31,071 [INFO    ] Enrichr library gene sets already downloaded in: C:\Users\kirst\.gseapy, use local file
LINE 135 : 2020-03-04 16:26:56,490 [INFO    ] 4820 gene_sets have been filtered out when max_size=500 and min_size=15
LINE 498 : 2020-03-04 16:26:56,491 [INFO    ] 0283 gene_sets used for further statistical testing.....
LINE 499 : 2020-03-04 16:26:56,491 [INFO    ] Start to run GSEA...Might take a while..................
LINE 455 : 2020-03-04 16:26:56,491 [DEBUG   ] Start to compute enrichment scores......................
LINE 479 : 2020-03-04 16:26:56,491 [DEBUG   ] Start to compute es and esnulls........................
LINE 622 : 2020-03-04 16:27:43,205 [DEBUG   ] Start to compute pvals..................................
LINE 626 : 2020-03-04 16:27:43,217 [DEBUG   ] Start to compute nes and nesnull........................
LINE 637 : 2020-03-04 16:27:43,223 [DEBUG   ] Start to compute fdrs..................................
LINE 604 : 2020-03-04 16:27:43,247 [DEBUG   ] Statistical testing finished.............................
LINE 507 : 2020-03-04 16:27:43,254 [INFO    ] Start to generate gseapy reports, and produce figures...
LINE 519 : 2020-03-04 16:29:26,026 [INFO    ] Congratulations. GSEApy runs successfully................

LINE 2515: 2020-03-04 16:29:27,598 [DEBUG   ] update_title_pos
LINE 2515: 2020-03-04 16:29:27,939 [DEBUG   ] update_title_pos
LINE 2515: 2020-03-04 16:29:28,191 [DEBUG   ] update_title_pos
LINE 2515: 2020-03-04 16:29:28,318 [DEBUG   ] update_title_pos
LINE 2515: 2020-03-04 16:29:28,609 [DEBUG   ] update_title_pos
LINE 2515: 2020-03-04 16:29:28,939 [DEBUG   ] update_title_pos
LINE 2515: 2020-03-04 16:29:29,280 [DEBUG   ] update_title_pos
LINE 2515: 2020-03-04 16:29:29,391 [DEBUG   ] update_title_pos
LINE 2515: 2020-03-04 16:29:29,450 [DEBUG   ] update_title_pos
LINE 2515: 2020-03-04 16:29:30,223 [DEBUG   ] update_title_pos
LINE 494 : 2020-03-04 16:29:31,082 [INFO    ] Parsing data files for GSEA.............................
LINE 225 : 2020-03-04 16:29:31,141 [DEBUG   ] Starting new HTTP connection (1): amp.pharm.mssm.edu:80
LINE 437 : 2020-03-04 16:29:31,302 [DEBUG   ] http://amp.pharm.mssm.edu:80 "GET /Enrichr/datasetStatistics HTTP/1.1" 200 None
LINE 166 : 2020-03-04 16:29:31,396 [INFO    ] Enrichr library gene sets already downloaded in: C:\Users\kirst\.gseapy, use local file
LINE 135 : 2020-03-04 16:29:36,717 [INFO    ] 0290 gene_sets have been filtered out when max_size=500 and min_size=15
LINE 498 : 2020-03-04 16:29:36,717 [INFO    ] 0018 gene_sets used for further statistical testing.....
LINE 499 : 2020-03-04 16:29:36,721 [INFO    ] Start to run GSEA...Might take a while..................
LINE 455 : 2020-03-04 16:29:36,724 [DEBUG   ] Start to compute enrichment scores......................
LINE 479 : 2020-03-04 16:29:36,725 [DEBUG   ] Start to compute es and esnulls........................
LINE 622 : 2020-03-04 16:29:52,173 [DEBUG   ] Start to compute pvals..................................
LINE 626 : 2020-03-04 16:29:52,174 [DEBUG   ] Start to compute nes and nesnull........................
LINE 637 : 2020-03-04 16:29:52,174 [DEBUG   ] Start to compute fdrs..................................
LINE 604 : 2020-03-04 16:29:52,178 [DEBUG   ] Statistical testing finished.............................
LINE 507 : 2020-03-04 16:29:52,180 [INFO    ] Start to generate gseapy reports, and produce figures...
LINE 519 : 2020-03-04 16:31:17,390 [INFO    ] Congratulations. GSEApy runs successfully................

LINE 494 : 2020-03-04 16:31:17,413 [INFO    ] Parsing data files for GSEA.............................
LINE 225 : 2020-03-04 16:31:17,421 [DEBUG   ] Starting new HTTP connection (1): amp.pharm.mssm.edu:80
LINE 437 : 2020-03-04 16:31:17,566 [DEBUG   ] http://amp.pharm.mssm.edu:80 "GET /Enrichr/datasetStatistics HTTP/1.1" 200 None
LINE 166 : 2020-03-04 16:31:17,613 [INFO    ] Enrichr library gene sets already downloaded in: C:\Users\kirst\.gseapy, use local file
LINE 135 : 2020-03-04 16:31:44,567 [INFO    ] 4946 gene_sets have been filtered out when max_size=500 and min_size=15
LINE 498 : 2020-03-04 16:31:44,567 [INFO    ] 0157 gene_sets used for further statistical testing.....
LINE 499 : 2020-03-04 16:31:44,567 [INFO    ] Start to run GSEA...Might take a while..................
LINE 455 : 2020-03-04 16:31:44,567 [DEBUG   ] Start to compute enrichment scores......................
LINE 479 : 2020-03-04 16:31:44,567 [DEBUG   ] Start to compute es and esnulls........................
LINE 622 : 2020-03-04 16:32:05,567 [DEBUG   ] Start to compute pvals..................................
LINE 626 : 2020-03-04 16:32:05,571 [DEBUG   ] Start to compute nes and nesnull........................
LINE 637 : 2020-03-04 16:32:05,572 [DEBUG   ] Start to compute fdrs..................................
LINE 604 : 2020-03-04 16:32:05,585 [DEBUG   ] Statistical testing finished.............................
LINE 507 : 2020-03-04 16:32:05,587 [INFO    ] Start to generate gseapy reports, and produce figures...
LINE 519 : 2020-03-04 16:33:41,336 [INFO    ] Congratulations. GSEApy runs successfully................

LINE 2515: 2020-03-04 16:33:41,853 [DEBUG   ] update_title_pos
LINE 2515: 2020-03-04 16:33:42,437 [DEBUG   ] update_title_pos
LINE 2515: 2020-03-04 16:33:42,804 [DEBUG   ] update_title_pos
LINE 2515: 2020-03-04 16:33:43,047 [DEBUG   ] update_title_pos
LINE 2515: 2020-03-04 16:33:43,623 [DEBUG   ] update_title_pos
LINE 2515: 2020-03-04 16:33:44,246 [DEBUG   ] update_title_pos
LINE 2515: 2020-03-04 16:33:44,582 [DEBUG   ] update_title_pos
LINE 2515: 2020-03-04 16:33:44,900 [DEBUG   ] update_title_pos
LINE 2515: 2020-03-04 16:33:45,024 [DEBUG   ] update_title_pos
LINE 2515: 2020-03-04 16:33:45,388 [DEBUG   ] update_title_pos
LINE 494 : 2020-03-04 16:33:45,704 [INFO    ] Parsing data files for GSEA.............................
LINE 225 : 2020-03-04 16:33:45,709 [DEBUG   ] Starting new HTTP connection (1): amp.pharm.mssm.edu:80
LINE 437 : 2020-03-04 16:33:45,872 [DEBUG   ] http://amp.pharm.mssm.edu:80 "GET /Enrichr/datasetStatistics HTTP/1.1" 200 None
LINE 166 : 2020-03-04 16:33:45,922 [INFO    ] Enrichr library gene sets already downloaded in: C:\Users\kirst\.gseapy, use local file
LINE 135 : 2020-03-04 16:33:57,614 [INFO    ] 0220 gene_sets have been filtered out when max_size=500 and min_size=15
LINE 498 : 2020-03-04 16:33:57,614 [INFO    ] 0088 gene_sets used for further statistical testing.....
LINE 499 : 2020-03-04 16:33:57,614 [INFO    ] Start to run GSEA...Might take a while..................
LINE 455 : 2020-03-04 16:33:57,614 [DEBUG   ] Start to compute enrichment scores......................
LINE 479 : 2020-03-04 16:33:57,618 [DEBUG   ] Start to compute es and esnulls........................
LINE 622 : 2020-03-04 16:34:24,787 [DEBUG   ] Start to compute pvals..................................
LINE 626 : 2020-03-04 16:34:24,791 [DEBUG   ] Start to compute nes and nesnull........................
LINE 637 : 2020-03-04 16:34:24,792 [DEBUG   ] Start to compute fdrs..................................
LINE 604 : 2020-03-04 16:34:24,797 [DEBUG   ] Statistical testing finished.............................
LINE 507 : 2020-03-04 16:34:24,802 [INFO    ] Start to generate gseapy reports, and produce figures...
LINE 519 : 2020-03-04 16:36:13,557 [INFO    ] Congratulations. GSEApy runs successfully................

LINE 494 : 2020-03-04 16:36:13,572 [INFO    ] Parsing data files for GSEA.............................
LINE 225 : 2020-03-04 16:36:13,578 [DEBUG   ] Starting new HTTP connection (1): amp.pharm.mssm.edu:80
LINE 437 : 2020-03-04 16:36:13,805 [DEBUG   ] http://amp.pharm.mssm.edu:80 "GET /Enrichr/datasetStatistics HTTP/1.1" 200 None
LINE 166 : 2020-03-04 16:36:13,821 [INFO    ] Enrichr library gene sets already downloaded in: C:\Users\kirst\.gseapy, use local file
LINE 135 : 2020-03-04 16:37:00,423 [INFO    ] 4637 gene_sets have been filtered out when max_size=500 and min_size=15
LINE 498 : 2020-03-04 16:37:00,423 [INFO    ] 0466 gene_sets used for further statistical testing.....
LINE 499 : 2020-03-04 16:37:00,423 [INFO    ] Start to run GSEA...Might take a while..................
LINE 455 : 2020-03-04 16:37:00,423 [DEBUG   ] Start to compute enrichment scores......................
LINE 479 : 2020-03-04 16:37:00,423 [DEBUG   ] Start to compute es and esnulls........................
LINE 622 : 2020-03-04 16:38:34,990 [DEBUG   ] Start to compute pvals..................................
LINE 626 : 2020-03-04 16:38:35,005 [DEBUG   ] Start to compute nes and nesnull........................
LINE 637 : 2020-03-04 16:38:35,013 [DEBUG   ] Start to compute fdrs..................................
LINE 604 : 2020-03-04 16:38:35,053 [DEBUG   ] Statistical testing finished.............................
LINE 507 : 2020-03-04 16:38:35,061 [INFO    ] Start to generate gseapy reports, and produce figures...
LINE 519 : 2020-03-04 16:40:25,693 [INFO    ] Congratulations. GSEApy runs successfully................

LINE 2515: 2020-03-04 16:40:26,696 [DEBUG   ] update_title_pos
LINE 2515: 2020-03-04 16:40:27,012 [DEBUG   ] update_title_pos
LINE 2515: 2020-03-04 16:40:27,136 [DEBUG   ] update_title_pos
LINE 2515: 2020-03-04 16:40:27,244 [DEBUG   ] update_title_pos
LINE 2515: 2020-03-04 16:40:27,520 [DEBUG   ] update_title_pos
LINE 2515: 2020-03-04 16:40:27,803 [DEBUG   ] update_title_pos
LINE 2515: 2020-03-04 16:40:28,062 [DEBUG   ] update_title_pos
LINE 2515: 2020-03-04 16:40:28,171 [DEBUG   ] update_title_pos
LINE 2515: 2020-03-04 16:40:28,244 [DEBUG   ] update_title_pos
LINE 2515: 2020-03-04 16:40:28,688 [DEBUG   ] update_title_pos
LINE 494 : 2020-03-04 16:40:29,193 [INFO    ] Parsing data files for GSEA.............................
LINE 225 : 2020-03-04 16:40:29,229 [DEBUG   ] Starting new HTTP connection (1): amp.pharm.mssm.edu:80
LINE 437 : 2020-03-04 16:40:29,370 [DEBUG   ] http://amp.pharm.mssm.edu:80 "GET /Enrichr/datasetStatistics HTTP/1.1" 200 None
LINE 166 : 2020-03-04 16:40:29,461 [INFO    ] Enrichr library gene sets already downloaded in: C:\Users\kirst\.gseapy, use local file
LINE 135 : 2020-03-04 16:40:41,315 [INFO    ] 0142 gene_sets have been filtered out when max_size=500 and min_size=15
LINE 498 : 2020-03-04 16:40:41,316 [INFO    ] 0166 gene_sets used for further statistical testing.....
LINE 499 : 2020-03-04 16:40:41,316 [INFO    ] Start to run GSEA...Might take a while..................
LINE 455 : 2020-03-04 16:40:41,317 [DEBUG   ] Start to compute enrichment scores......................
LINE 479 : 2020-03-04 16:40:41,317 [DEBUG   ] Start to compute es and esnulls........................
LINE 622 : 2020-03-04 16:41:32,331 [DEBUG   ] Start to compute pvals..................................
LINE 626 : 2020-03-04 16:41:32,340 [DEBUG   ] Start to compute nes and nesnull........................
LINE 637 : 2020-03-04 16:41:32,343 [DEBUG   ] Start to compute fdrs..................................
LINE 604 : 2020-03-04 16:41:32,355 [DEBUG   ] Statistical testing finished.............................
LINE 507 : 2020-03-04 16:41:32,360 [INFO    ] Start to generate gseapy reports, and produce figures...
LINE 519 : 2020-03-04 16:43:02,327 [INFO    ] Congratulations. GSEApy runs successfully................

LINE 494 : 2020-03-04 16:43:02,578 [INFO    ] Parsing data files for GSEA.............................
LINE 225 : 2020-03-04 16:43:02,652 [DEBUG   ] Starting new HTTP connection (1): amp.pharm.mssm.edu:80
LINE 437 : 2020-03-04 16:43:02,760 [DEBUG   ] http://amp.pharm.mssm.edu:80 "GET /Enrichr/datasetStatistics HTTP/1.1" 200 None
LINE 166 : 2020-03-04 16:43:02,864 [INFO    ] Enrichr library gene sets already downloaded in: C:\Users\kirst\.gseapy, use local file
LINE 135 : 2020-03-04 16:43:59,841 [INFO    ] 4324 gene_sets have been filtered out when max_size=500 and min_size=15
LINE 498 : 2020-03-04 16:43:59,842 [INFO    ] 0779 gene_sets used for further statistical testing.....
LINE 499 : 2020-03-04 16:43:59,842 [INFO    ] Start to run GSEA...Might take a while..................
LINE 455 : 2020-03-04 16:43:59,930 [DEBUG   ] Start to compute enrichment scores......................
LINE 479 : 2020-03-04 16:43:59,930 [DEBUG   ] Start to compute es and esnulls........................
LINE 622 : 2020-03-04 16:45:23,582 [DEBUG   ] Start to compute pvals..................................
LINE 626 : 2020-03-04 16:45:23,586 [DEBUG   ] Start to compute nes and nesnull........................
LINE 637 : 2020-03-04 16:45:23,590 [DEBUG   ] Start to compute fdrs..................................
LINE 604 : 2020-03-04 16:45:23,633 [DEBUG   ] Statistical testing finished.............................
LINE 507 : 2020-03-04 16:45:23,640 [INFO    ] Start to generate gseapy reports, and produce figures...
LINE 519 : 2020-03-04 16:46:43,160 [INFO    ] Congratulations. GSEApy runs successfully................

LINE 2515: 2020-03-04 16:46:46,780 [DEBUG   ] update_title_pos
LINE 2515: 2020-03-04 16:46:46,958 [DEBUG   ] update_title_pos
LINE 2515: 2020-03-04 16:46:47,025 [DEBUG   ] update_title_pos
LINE 2515: 2020-03-04 16:46:47,084 [DEBUG   ] update_title_pos
LINE 2515: 2020-03-04 16:46:47,306 [DEBUG   ] update_title_pos
LINE 2515: 2020-03-04 16:46:47,560 [DEBUG   ] update_title_pos
LINE 2515: 2020-03-04 16:46:47,728 [DEBUG   ] update_title_pos
LINE 2515: 2020-03-04 16:46:47,801 [DEBUG   ] update_title_pos
LINE 2515: 2020-03-04 16:46:47,852 [DEBUG   ] update_title_pos
LINE 2515: 2020-03-04 16:46:48,355 [DEBUG   ] update_title_pos
LINE 494 : 2020-03-04 16:46:48,784 [INFO    ] Parsing data files for GSEA.............................
LINE 225 : 2020-03-04 16:46:48,849 [DEBUG   ] Starting new HTTP connection (1): amp.pharm.mssm.edu:80
LINE 437 : 2020-03-04 16:46:49,013 [DEBUG   ] http://amp.pharm.mssm.edu:80 "GET /Enrichr/datasetStatistics HTTP/1.1" 200 None
LINE 166 : 2020-03-04 16:46:49,107 [INFO    ] Enrichr library gene sets already downloaded in: C:\Users\kirst\.gseapy, use local file
LINE 135 : 2020-03-04 16:46:52,889 [INFO    ] 0282 gene_sets have been filtered out when max_size=500 and min_size=15
LINE 498 : 2020-03-04 16:46:52,889 [INFO    ] 0026 gene_sets used for further statistical testing.....
LINE 499 : 2020-03-04 16:46:52,890 [INFO    ] Start to run GSEA...Might take a while..................
LINE 455 : 2020-03-04 16:46:52,891 [DEBUG   ] Start to compute enrichment scores......................
LINE 479 : 2020-03-04 16:46:52,892 [DEBUG   ] Start to compute es and esnulls........................
LINE 622 : 2020-03-04 16:47:05,338 [DEBUG   ] Start to compute pvals..................................
LINE 626 : 2020-03-04 16:47:05,339 [DEBUG   ] Start to compute nes and nesnull........................
LINE 637 : 2020-03-04 16:47:05,340 [DEBUG   ] Start to compute fdrs..................................
LINE 604 : 2020-03-04 16:47:05,343 [DEBUG   ] Statistical testing finished.............................
LINE 507 : 2020-03-04 16:47:05,344 [INFO    ] Start to generate gseapy reports, and produce figures...
LINE 519 : 2020-03-04 16:48:22,398 [INFO    ] Congratulations. GSEApy runs successfully................

LINE 494 : 2020-03-04 16:48:23,024 [INFO    ] Parsing data files for GSEA.............................
LINE 225 : 2020-03-04 16:48:23,030 [DEBUG   ] Starting new HTTP connection (1): amp.pharm.mssm.edu:80
LINE 437 : 2020-03-04 16:48:23,131 [DEBUG   ] http://amp.pharm.mssm.edu:80 "GET /Enrichr/datasetStatistics HTTP/1.1" 200 None
LINE 166 : 2020-03-04 16:48:23,224 [INFO    ] Enrichr library gene sets already downloaded in: C:\Users\kirst\.gseapy, use local file
LINE 135 : 2020-03-04 16:48:49,331 [INFO    ] 4978 gene_sets have been filtered out when max_size=500 and min_size=15
LINE 498 : 2020-03-04 16:48:49,331 [INFO    ] 0125 gene_sets used for further statistical testing.....
LINE 499 : 2020-03-04 16:48:49,331 [INFO    ] Start to run GSEA...Might take a while..................
LINE 455 : 2020-03-04 16:48:49,331 [DEBUG   ] Start to compute enrichment scores......................
LINE 479 : 2020-03-04 16:48:49,331 [DEBUG   ] Start to compute es and esnulls........................
LINE 622 : 2020-03-04 16:49:04,468 [DEBUG   ] Start to compute pvals..................................
LINE 626 : 2020-03-04 16:49:04,468 [DEBUG   ] Start to compute nes and nesnull........................
LINE 637 : 2020-03-04 16:49:04,468 [DEBUG   ] Start to compute fdrs..................................
LINE 604 : 2020-03-04 16:49:04,483 [DEBUG   ] Statistical testing finished.............................
LINE 507 : 2020-03-04 16:49:04,483 [INFO    ] Start to generate gseapy reports, and produce figures...
LINE 519 : 2020-03-04 16:50:18,923 [INFO    ] Congratulations. GSEApy runs successfully................

LINE 2515: 2020-03-04 16:50:19,985 [DEBUG   ] update_title_pos
LINE 2515: 2020-03-04 16:50:20,369 [DEBUG   ] update_title_pos
LINE 2515: 2020-03-04 16:50:20,603 [DEBUG   ] update_title_pos
LINE 2515: 2020-03-04 16:50:20,761 [DEBUG   ] update_title_pos
LINE 2515: 2020-03-04 16:50:21,137 [DEBUG   ] update_title_pos
LINE 2515: 2020-03-04 16:50:21,402 [DEBUG   ] update_title_pos
LINE 2515: 2020-03-04 16:50:21,637 [DEBUG   ] update_title_pos
LINE 2515: 2020-03-04 16:50:21,933 [DEBUG   ] update_title_pos
LINE 2515: 2020-03-04 16:50:22,043 [DEBUG   ] update_title_pos
LINE 2515: 2020-03-04 16:50:22,597 [DEBUG   ] update_title_pos
LINE 494 : 2020-03-04 16:50:22,971 [INFO    ] Parsing data files for GSEA.............................
LINE 225 : 2020-03-04 16:50:22,987 [DEBUG   ] Starting new HTTP connection (1): amp.pharm.mssm.edu:80
LINE 437 : 2020-03-04 16:50:23,128 [DEBUG   ] http://amp.pharm.mssm.edu:80 "GET /Enrichr/datasetStatistics HTTP/1.1" 200 None
LINE 166 : 2020-03-04 16:50:23,237 [INFO    ] Enrichr library gene sets already downloaded in: C:\Users\kirst\.gseapy, use local file
LINE 135 : 2020-03-04 16:50:26,486 [INFO    ] 0294 gene_sets have been filtered out when max_size=500 and min_size=15
LINE 498 : 2020-03-04 16:50:26,486 [INFO    ] 0014 gene_sets used for further statistical testing.....
LINE 499 : 2020-03-04 16:50:26,486 [INFO    ] Start to run GSEA...Might take a while..................
LINE 455 : 2020-03-04 16:50:26,486 [DEBUG   ] Start to compute enrichment scores......................
LINE 479 : 2020-03-04 16:50:26,486 [DEBUG   ] Start to compute es and esnulls........................
LINE 622 : 2020-03-04 16:50:37,960 [DEBUG   ] Start to compute pvals..................................
LINE 626 : 2020-03-04 16:50:37,960 [DEBUG   ] Start to compute nes and nesnull........................
LINE 637 : 2020-03-04 16:50:37,960 [DEBUG   ] Start to compute fdrs..................................
LINE 604 : 2020-03-04 16:50:37,960 [DEBUG   ] Statistical testing finished.............................
LINE 507 : 2020-03-04 16:50:37,960 [INFO    ] Start to generate gseapy reports, and produce figures...
LINE 519 : 2020-03-04 16:51:40,154 [INFO    ] Congratulations. GSEApy runs successfully................

LINE 494 : 2020-03-04 16:51:40,169 [INFO    ] Parsing data files for GSEA.............................
LINE 225 : 2020-03-04 16:51:40,185 [DEBUG   ] Starting new HTTP connection (1): amp.pharm.mssm.edu:80
LINE 437 : 2020-03-04 16:51:40,279 [DEBUG   ] http://amp.pharm.mssm.edu:80 "GET /Enrichr/datasetStatistics HTTP/1.1" 200 None
LINE 166 : 2020-03-04 16:51:40,373 [INFO    ] Enrichr library gene sets already downloaded in: C:\Users\kirst\.gseapy, use local file
LINE 135 : 2020-03-04 16:51:58,016 [INFO    ] 5036 gene_sets have been filtered out when max_size=500 and min_size=15
LINE 498 : 2020-03-04 16:51:58,016 [INFO    ] 0067 gene_sets used for further statistical testing.....
LINE 499 : 2020-03-04 16:51:58,016 [INFO    ] Start to run GSEA...Might take a while..................
LINE 455 : 2020-03-04 16:51:58,016 [DEBUG   ] Start to compute enrichment scores......................
LINE 479 : 2020-03-04 16:51:58,016 [DEBUG   ] Start to compute es and esnulls........................
LINE 622 : 2020-03-04 16:52:15,673 [DEBUG   ] Start to compute pvals..................................
LINE 626 : 2020-03-04 16:52:15,673 [DEBUG   ] Start to compute nes and nesnull........................
LINE 637 : 2020-03-04 16:52:15,673 [DEBUG   ] Start to compute fdrs..................................
LINE 604 : 2020-03-04 16:52:15,673 [DEBUG   ] Statistical testing finished.............................
LINE 507 : 2020-03-04 16:52:15,673 [INFO    ] Start to generate gseapy reports, and produce figures...
LINE 519 : 2020-03-04 16:53:45,337 [INFO    ] Congratulations. GSEApy runs successfully................

LINE 2515: 2020-03-04 16:53:45,462 [DEBUG   ] update_title_pos
LINE 2515: 2020-03-04 16:53:45,603 [DEBUG   ] update_title_pos
LINE 2515: 2020-03-04 16:53:45,665 [DEBUG   ] update_title_pos
LINE 2515: 2020-03-04 16:53:45,712 [DEBUG   ] update_title_pos
LINE 2515: 2020-03-04 16:53:45,837 [DEBUG   ] update_title_pos
LINE 2515: 2020-03-04 16:53:46,167 [DEBUG   ] update_title_pos
LINE 2515: 2020-03-04 16:53:46,700 [DEBUG   ] update_title_pos
LINE 2515: 2020-03-04 16:53:46,800 [DEBUG   ] update_title_pos
LINE 2515: 2020-03-04 16:53:46,847 [DEBUG   ] update_title_pos
LINE 2515: 2020-03-04 16:53:47,532 [DEBUG   ] update_title_pos
LINE 494 : 2020-03-04 16:53:47,926 [INFO    ] Parsing data files for GSEA.............................
LINE 225 : 2020-03-04 16:53:47,942 [DEBUG   ] Starting new HTTP connection (1): amp.pharm.mssm.edu:80
LINE 437 : 2020-03-04 16:53:48,036 [DEBUG   ] http://amp.pharm.mssm.edu:80 "GET /Enrichr/datasetStatistics HTTP/1.1" 200 None
LINE 166 : 2020-03-04 16:53:48,129 [INFO    ] Enrichr library gene sets already downloaded in: C:\Users\kirst\.gseapy, use local file
LINE 135 : 2020-03-04 16:53:51,524 [INFO    ] 0284 gene_sets have been filtered out when max_size=500 and min_size=15
LINE 498 : 2020-03-04 16:53:51,524 [INFO    ] 0024 gene_sets used for further statistical testing.....
LINE 499 : 2020-03-04 16:53:51,524 [INFO    ] Start to run GSEA...Might take a while..................
LINE 455 : 2020-03-04 16:53:51,524 [DEBUG   ] Start to compute enrichment scores......................
LINE 479 : 2020-03-04 16:53:51,524 [DEBUG   ] Start to compute es and esnulls........................
LINE 622 : 2020-03-04 16:54:09,193 [DEBUG   ] Start to compute pvals..................................
LINE 626 : 2020-03-04 16:54:09,193 [DEBUG   ] Start to compute nes and nesnull........................
LINE 637 : 2020-03-04 16:54:09,208 [DEBUG   ] Start to compute fdrs..................................
LINE 604 : 2020-03-04 16:54:09,208 [DEBUG   ] Statistical testing finished.............................
LINE 507 : 2020-03-04 16:54:09,208 [INFO    ] Start to generate gseapy reports, and produce figures...
LINE 519 : 2020-03-04 16:55:34,801 [INFO    ] Congratulations. GSEApy runs successfully................

LINE 494 : 2020-03-04 16:55:34,815 [INFO    ] Parsing data files for GSEA.............................
LINE 225 : 2020-03-04 16:55:34,815 [DEBUG   ] Starting new HTTP connection (1): amp.pharm.mssm.edu:80
LINE 437 : 2020-03-04 16:55:34,925 [DEBUG   ] http://amp.pharm.mssm.edu:80 "GET /Enrichr/datasetStatistics HTTP/1.1" 200 None
LINE 166 : 2020-03-04 16:55:35,034 [INFO    ] Enrichr library gene sets already downloaded in: C:\Users\kirst\.gseapy, use local file
LINE 135 : 2020-03-04 16:55:52,086 [INFO    ] 5001 gene_sets have been filtered out when max_size=500 and min_size=15
LINE 498 : 2020-03-04 16:55:52,086 [INFO    ] 0102 gene_sets used for further statistical testing.....
LINE 499 : 2020-03-04 16:55:52,086 [INFO    ] Start to run GSEA...Might take a while..................
LINE 455 : 2020-03-04 16:55:52,086 [DEBUG   ] Start to compute enrichment scores......................
LINE 479 : 2020-03-04 16:55:52,086 [DEBUG   ] Start to compute es and esnulls........................
LINE 622 : 2020-03-04 16:56:08,753 [DEBUG   ] Start to compute pvals..................................
LINE 626 : 2020-03-04 16:56:08,753 [DEBUG   ] Start to compute nes and nesnull........................
LINE 637 : 2020-03-04 16:56:08,753 [DEBUG   ] Start to compute fdrs..................................
LINE 604 : 2020-03-04 16:56:08,753 [DEBUG   ] Statistical testing finished.............................
LINE 507 : 2020-03-04 16:56:08,753 [INFO    ] Start to generate gseapy reports, and produce figures...
LINE 519 : 2020-03-04 16:57:31,440 [INFO    ] Congratulations. GSEApy runs successfully................

LINE 2515: 2020-03-04 16:57:31,987 [DEBUG   ] update_title_pos
LINE 2515: 2020-03-04 16:57:32,268 [DEBUG   ] update_title_pos
LINE 2515: 2020-03-04 16:57:32,409 [DEBUG   ] update_title_pos
LINE 2515: 2020-03-04 16:57:32,471 [DEBUG   ] update_title_pos
LINE 2515: 2020-03-04 16:57:32,628 [DEBUG   ] update_title_pos
LINE 2515: 2020-03-04 16:57:33,081 [DEBUG   ] update_title_pos
LINE 2515: 2020-03-04 16:57:33,315 [DEBUG   ] update_title_pos
LINE 2515: 2020-03-04 16:57:33,393 [DEBUG   ] update_title_pos
LINE 2515: 2020-03-04 16:57:33,456 [DEBUG   ] update_title_pos
LINE 2515: 2020-03-04 16:57:33,752 [DEBUG   ] update_title_pos
LINE 494 : 2020-03-04 16:57:34,319 [INFO    ] Parsing data files for GSEA.............................
LINE 225 : 2020-03-04 16:57:34,335 [DEBUG   ] Starting new HTTP connection (1): amp.pharm.mssm.edu:80
LINE 437 : 2020-03-04 16:57:34,428 [DEBUG   ] http://amp.pharm.mssm.edu:80 "GET /Enrichr/datasetStatistics HTTP/1.1" 200 None
LINE 166 : 2020-03-04 16:57:34,538 [INFO    ] Enrichr library gene sets already downloaded in: C:\Users\kirst\.gseapy, use local file
LINE 135 : 2020-03-04 16:57:40,079 [INFO    ] 0270 gene_sets have been filtered out when max_size=500 and min_size=15
LINE 498 : 2020-03-04 16:57:40,079 [INFO    ] 0038 gene_sets used for further statistical testing.....
LINE 499 : 2020-03-04 16:57:40,079 [INFO    ] Start to run GSEA...Might take a while..................
LINE 455 : 2020-03-04 16:57:40,079 [DEBUG   ] Start to compute enrichment scores......................
LINE 479 : 2020-03-04 16:57:40,079 [DEBUG   ] Start to compute es and esnulls........................
LINE 622 : 2020-03-04 16:58:02,544 [DEBUG   ] Start to compute pvals..................................
LINE 626 : 2020-03-04 16:58:02,544 [DEBUG   ] Start to compute nes and nesnull........................
LINE 637 : 2020-03-04 16:58:02,544 [DEBUG   ] Start to compute fdrs..................................
LINE 604 : 2020-03-04 16:58:02,560 [DEBUG   ] Statistical testing finished.............................
LINE 507 : 2020-03-04 16:58:02,560 [INFO    ] Start to generate gseapy reports, and produce figures...
LINE 519 : 2020-03-04 16:59:37,318 [INFO    ] Congratulations. GSEApy runs successfully................

LINE 494 : 2020-03-04 16:59:37,411 [INFO    ] Parsing data files for GSEA.............................
LINE 225 : 2020-03-04 16:59:37,458 [DEBUG   ] Starting new HTTP connection (1): amp.pharm.mssm.edu:80
LINE 437 : 2020-03-04 16:59:37,568 [DEBUG   ] http://amp.pharm.mssm.edu:80 "GET /Enrichr/datasetStatistics HTTP/1.1" 200 None
LINE 166 : 2020-03-04 16:59:37,724 [INFO    ] Enrichr library gene sets already downloaded in: C:\Users\kirst\.gseapy, use local file
LINE 135 : 2020-03-04 17:00:08,836 [INFO    ] 4878 gene_sets have been filtered out when max_size=500 and min_size=15
LINE 498 : 2020-03-04 17:00:08,836 [INFO    ] 0225 gene_sets used for further statistical testing.....
LINE 499 : 2020-03-04 17:00:08,836 [INFO    ] Start to run GSEA...Might take a while..................
LINE 455 : 2020-03-04 17:00:08,836 [DEBUG   ] Start to compute enrichment scores......................
LINE 479 : 2020-03-04 17:00:08,851 [DEBUG   ] Start to compute es and esnulls........................
LINE 622 : 2020-03-04 17:00:33,759 [DEBUG   ] Start to compute pvals..................................
LINE 626 : 2020-03-04 17:00:33,759 [DEBUG   ] Start to compute nes and nesnull........................
LINE 637 : 2020-03-04 17:00:33,775 [DEBUG   ] Start to compute fdrs..................................
LINE 604 : 2020-03-04 17:00:33,790 [DEBUG   ] Statistical testing finished.............................
LINE 507 : 2020-03-04 17:00:33,790 [INFO    ] Start to generate gseapy reports, and produce figures...
LINE 519 : 2020-03-04 17:01:59,294 [INFO    ] Congratulations. GSEApy runs successfully................

LINE 2515: 2020-03-04 17:02:00,344 [DEBUG   ] update_title_pos
LINE 2515: 2020-03-04 17:02:00,781 [DEBUG   ] update_title_pos
LINE 2515: 2020-03-04 17:02:00,937 [DEBUG   ] update_title_pos
LINE 2515: 2020-03-04 17:02:01,031 [DEBUG   ] update_title_pos
LINE 2515: 2020-03-04 17:02:01,359 [DEBUG   ] update_title_pos
LINE 2515: 2020-03-04 17:02:02,062 [DEBUG   ] update_title_pos
LINE 2515: 2020-03-04 17:02:02,531 [DEBUG   ] update_title_pos
LINE 2515: 2020-03-04 17:02:02,655 [DEBUG   ] update_title_pos
LINE 2515: 2020-03-04 17:02:02,734 [DEBUG   ] update_title_pos
LINE 2515: 2020-03-04 17:02:03,202 [DEBUG   ] update_title_pos
LINE 494 : 2020-03-04 17:02:03,865 [INFO    ] Parsing data files for GSEA.............................
LINE 225 : 2020-03-04 17:02:03,896 [DEBUG   ] Starting new HTTP connection (1): amp.pharm.mssm.edu:80
LINE 437 : 2020-03-04 17:02:04,036 [DEBUG   ] http://amp.pharm.mssm.edu:80 "GET /Enrichr/datasetStatistics HTTP/1.1" 200 None
LINE 166 : 2020-03-04 17:02:04,146 [INFO    ] Enrichr library gene sets already downloaded in: C:\Users\kirst\.gseapy, use local file
LINE 135 : 2020-03-04 17:02:14,468 [INFO    ] 0198 gene_sets have been filtered out when max_size=500 and min_size=15
LINE 498 : 2020-03-04 17:02:14,468 [INFO    ] 0110 gene_sets used for further statistical testing.....
LINE 499 : 2020-03-04 17:02:14,468 [INFO    ] Start to run GSEA...Might take a while..................
LINE 455 : 2020-03-04 17:02:14,468 [DEBUG   ] Start to compute enrichment scores......................
LINE 479 : 2020-03-04 17:02:14,468 [DEBUG   ] Start to compute es and esnulls........................
LINE 622 : 2020-03-04 17:02:36,509 [DEBUG   ] Start to compute pvals..................................
LINE 626 : 2020-03-04 17:02:36,509 [DEBUG   ] Start to compute nes and nesnull........................
LINE 637 : 2020-03-04 17:02:36,509 [DEBUG   ] Start to compute fdrs..................................
LINE 604 : 2020-03-04 17:02:36,525 [DEBUG   ] Statistical testing finished.............................
LINE 507 : 2020-03-04 17:02:36,525 [INFO    ] Start to generate gseapy reports, and produce figures...
LINE 519 : 2020-03-04 17:04:07,116 [INFO    ] Congratulations. GSEApy runs successfully................

LINE 494 : 2020-03-04 17:04:07,444 [INFO    ] Parsing data files for GSEA.............................
LINE 225 : 2020-03-04 17:04:07,476 [DEBUG   ] Starting new HTTP connection (1): amp.pharm.mssm.edu:80
LINE 437 : 2020-03-04 17:04:07,601 [DEBUG   ] http://amp.pharm.mssm.edu:80 "GET /Enrichr/datasetStatistics HTTP/1.1" 200 None
LINE 166 : 2020-03-04 17:04:07,835 [INFO    ] Enrichr library gene sets already downloaded in: C:\Users\kirst\.gseapy, use local file
LINE 135 : 2020-03-04 17:04:51,443 [INFO    ] 4547 gene_sets have been filtered out when max_size=500 and min_size=15
LINE 498 : 2020-03-04 17:04:51,443 [INFO    ] 0556 gene_sets used for further statistical testing.....
LINE 499 : 2020-03-04 17:04:51,443 [INFO    ] Start to run GSEA...Might take a while..................
LINE 455 : 2020-03-04 17:04:51,449 [DEBUG   ] Start to compute enrichment scores......................
LINE 479 : 2020-03-04 17:04:51,449 [DEBUG   ] Start to compute es and esnulls........................
LINE 622 : 2020-03-04 17:05:51,808 [DEBUG   ] Start to compute pvals..................................
LINE 626 : 2020-03-04 17:05:51,925 [DEBUG   ] Start to compute nes and nesnull........................
LINE 637 : 2020-03-04 17:05:51,957 [DEBUG   ] Start to compute fdrs..................................
LINE 604 : 2020-03-04 17:05:52,805 [DEBUG   ] Statistical testing finished.............................
LINE 507 : 2020-03-04 17:05:52,827 [INFO    ] Start to generate gseapy reports, and produce figures...
LINE 519 : 2020-03-04 18:11:15,370 [INFO    ] Congratulations. GSEApy runs successfully................

LINE 2515: 2020-03-04 18:11:16,542 [DEBUG   ] update_title_pos
LINE 2515: 2020-03-04 18:11:16,698 [DEBUG   ] update_title_pos
LINE 2515: 2020-03-04 18:11:16,745 [DEBUG   ] update_title_pos
LINE 2515: 2020-03-04 18:11:16,776 [DEBUG   ] update_title_pos
LINE 2515: 2020-03-04 18:11:16,932 [DEBUG   ] update_title_pos
LINE 2515: 2020-03-04 18:11:17,136 [DEBUG   ] update_title_pos
LINE 2515: 2020-03-04 18:11:17,339 [DEBUG   ] update_title_pos
LINE 2515: 2020-03-04 18:11:17,417 [DEBUG   ] update_title_pos
LINE 2515: 2020-03-04 18:11:17,448 [DEBUG   ] update_title_pos
LINE 2515: 2020-03-04 18:11:17,635 [DEBUG   ] update_title_pos
LINE 494 : 2020-03-04 18:11:17,917 [INFO    ] Parsing data files for GSEA.............................
LINE 225 : 2020-03-04 18:11:18,120 [DEBUG   ] Starting new HTTP connection (1): amp.pharm.mssm.edu:80
LINE 437 : 2020-03-04 18:11:18,463 [DEBUG   ] http://amp.pharm.mssm.edu:80 "GET /Enrichr/datasetStatistics HTTP/1.1" 200 None
LINE 166 : 2020-03-04 18:11:18,541 [INFO    ] Enrichr library gene sets already downloaded in: C:\Users\kirst\.gseapy, use local file
LINE 135 : 2020-03-04 18:11:20,307 [INFO    ] 0297 gene_sets have been filtered out when max_size=500 and min_size=15
LINE 498 : 2020-03-04 18:11:20,307 [INFO    ] 0011 gene_sets used for further statistical testing.....
LINE 499 : 2020-03-04 18:11:20,307 [INFO    ] Start to run GSEA...Might take a while..................
LINE 455 : 2020-03-04 18:11:20,619 [DEBUG   ] Start to compute enrichment scores......................
LINE 479 : 2020-03-04 18:11:20,619 [DEBUG   ] Start to compute es and esnulls........................
LINE 622 : 2020-03-04 18:11:30,707 [DEBUG   ] Start to compute pvals..................................
LINE 626 : 2020-03-04 18:11:30,707 [DEBUG   ] Start to compute nes and nesnull........................
LINE 637 : 2020-03-04 18:11:30,707 [DEBUG   ] Start to compute fdrs..................................
LINE 604 : 2020-03-04 18:11:30,707 [DEBUG   ] Statistical testing finished.............................
LINE 507 : 2020-03-04 18:11:30,707 [INFO    ] Start to generate gseapy reports, and produce figures...
LINE 519 : 2020-03-04 18:12:10,243 [INFO    ] Congratulations. GSEApy runs successfully................

LINE 494 : 2020-03-04 18:12:10,551 [INFO    ] Parsing data files for GSEA.............................
LINE 225 : 2020-03-04 18:12:10,593 [DEBUG   ] Starting new HTTP connection (1): amp.pharm.mssm.edu:80
LINE 437 : 2020-03-04 18:12:10,770 [DEBUG   ] http://amp.pharm.mssm.edu:80 "GET /Enrichr/datasetStatistics HTTP/1.1" 200 None
LINE 166 : 2020-03-04 18:12:11,070 [INFO    ] Enrichr library gene sets already downloaded in: C:\Users\kirst\.gseapy, use local file
LINE 135 : 2020-03-04 18:12:50,189 [INFO    ] 4977 gene_sets have been filtered out when max_size=500 and min_size=15
LINE 498 : 2020-03-04 18:12:50,220 [INFO    ] 0126 gene_sets used for further statistical testing.....
LINE 499 : 2020-03-04 18:12:50,220 [INFO    ] Start to run GSEA...Might take a while..................
LINE 455 : 2020-03-04 18:12:50,220 [DEBUG   ] Start to compute enrichment scores......................
LINE 479 : 2020-03-04 18:12:50,220 [DEBUG   ] Start to compute es and esnulls........................
LINE 622 : 2020-03-04 18:13:43,165 [DEBUG   ] Start to compute pvals..................................
LINE 626 : 2020-03-04 18:13:43,208 [DEBUG   ] Start to compute nes and nesnull........................
LINE 637 : 2020-03-04 18:13:43,224 [DEBUG   ] Start to compute fdrs..................................
LINE 604 : 2020-03-04 18:13:43,251 [DEBUG   ] Statistical testing finished.............................
LINE 507 : 2020-03-04 18:13:43,270 [INFO    ] Start to generate gseapy reports, and produce figures...
LINE 519 : 2020-03-04 18:15:15,567 [INFO    ] Congratulations. GSEApy runs successfully................

LINE 2515: 2020-03-04 18:15:16,887 [DEBUG   ] update_title_pos
LINE 2515: 2020-03-04 18:15:17,124 [DEBUG   ] update_title_pos
LINE 2515: 2020-03-04 18:15:17,243 [DEBUG   ] update_title_pos
LINE 2515: 2020-03-04 18:15:17,363 [DEBUG   ] update_title_pos
LINE 2515: 2020-03-04 18:15:17,676 [DEBUG   ] update_title_pos
LINE 2515: 2020-03-04 18:15:18,176 [DEBUG   ] update_title_pos
LINE 2515: 2020-03-04 18:15:18,769 [DEBUG   ] update_title_pos
LINE 2515: 2020-03-04 18:15:18,925 [DEBUG   ] update_title_pos
LINE 2515: 2020-03-04 18:15:19,019 [DEBUG   ] update_title_pos
LINE 2515: 2020-03-04 18:15:19,488 [DEBUG   ] update_title_pos
LINE 494 : 2020-03-04 18:15:19,847 [INFO    ] Parsing data files for GSEA.............................
LINE 225 : 2020-03-04 18:15:19,925 [DEBUG   ] Starting new HTTP connection (1): amp.pharm.mssm.edu:80
LINE 437 : 2020-03-04 18:15:20,050 [DEBUG   ] http://amp.pharm.mssm.edu:80 "GET /Enrichr/datasetStatistics HTTP/1.1" 200 None
LINE 166 : 2020-03-04 18:15:20,144 [INFO    ] Enrichr library gene sets already downloaded in: C:\Users\kirst\.gseapy, use local file
LINE 135 : 2020-03-04 18:15:22,893 [INFO    ] 0297 gene_sets have been filtered out when max_size=500 and min_size=15
LINE 498 : 2020-03-04 18:15:22,893 [INFO    ] 0011 gene_sets used for further statistical testing.....
LINE 499 : 2020-03-04 18:15:22,893 [INFO    ] Start to run GSEA...Might take a while..................
LINE 455 : 2020-03-04 18:15:22,893 [DEBUG   ] Start to compute enrichment scores......................
LINE 479 : 2020-03-04 18:15:22,893 [DEBUG   ] Start to compute es and esnulls........................
LINE 622 : 2020-03-04 18:15:39,306 [DEBUG   ] Start to compute pvals..................................
LINE 626 : 2020-03-04 18:15:39,306 [DEBUG   ] Start to compute nes and nesnull........................
LINE 637 : 2020-03-04 18:15:39,322 [DEBUG   ] Start to compute fdrs..................................
LINE 604 : 2020-03-04 18:15:39,322 [DEBUG   ] Statistical testing finished.............................
LINE 507 : 2020-03-04 18:15:39,322 [INFO    ] Start to generate gseapy reports, and produce figures...
LINE 519 : 2020-03-04 18:16:26,968 [INFO    ] Congratulations. GSEApy runs successfully................

LINE 494 : 2020-03-04 18:16:27,187 [INFO    ] Parsing data files for GSEA.............................
LINE 225 : 2020-03-04 18:16:27,280 [DEBUG   ] Starting new HTTP connection (1): amp.pharm.mssm.edu:80
LINE 437 : 2020-03-04 18:16:27,405 [DEBUG   ] http://amp.pharm.mssm.edu:80 "GET /Enrichr/datasetStatistics HTTP/1.1" 200 None
LINE 166 : 2020-03-04 18:16:27,499 [INFO    ] Enrichr library gene sets already downloaded in: C:\Users\kirst\.gseapy, use local file
LINE 135 : 2020-03-04 18:16:44,754 [INFO    ] 5023 gene_sets have been filtered out when max_size=500 and min_size=15
LINE 498 : 2020-03-04 18:16:44,754 [INFO    ] 0080 gene_sets used for further statistical testing.....
LINE 499 : 2020-03-04 18:16:44,754 [INFO    ] Start to run GSEA...Might take a while..................
LINE 455 : 2020-03-04 18:16:44,754 [DEBUG   ] Start to compute enrichment scores......................
LINE 479 : 2020-03-04 18:16:44,754 [DEBUG   ] Start to compute es and esnulls........................
LINE 622 : 2020-03-04 18:16:59,830 [DEBUG   ] Start to compute pvals..................................
LINE 626 : 2020-03-04 18:16:59,830 [DEBUG   ] Start to compute nes and nesnull........................
LINE 637 : 2020-03-04 18:16:59,830 [DEBUG   ] Start to compute fdrs..................................
LINE 604 : 2020-03-04 18:16:59,830 [DEBUG   ] Statistical testing finished.............................
LINE 507 : 2020-03-04 18:16:59,830 [INFO    ] Start to generate gseapy reports, and produce figures...
LINE 519 : 2020-03-04 18:18:14,928 [INFO    ] Congratulations. GSEApy runs successfully................

LINE 2515: 2020-03-04 18:18:15,350 [DEBUG   ] update_title_pos
LINE 2515: 2020-03-04 18:18:15,615 [DEBUG   ] update_title_pos
LINE 2515: 2020-03-04 18:18:15,709 [DEBUG   ] update_title_pos
LINE 2515: 2020-03-04 18:18:15,787 [DEBUG   ] update_title_pos
LINE 2515: 2020-03-04 18:18:16,024 [DEBUG   ] update_title_pos
LINE 2515: 2020-03-04 18:18:16,336 [DEBUG   ] update_title_pos
LINE 2515: 2020-03-04 18:18:16,579 [DEBUG   ] update_title_pos
LINE 2515: 2020-03-04 18:18:16,688 [DEBUG   ] update_title_pos
LINE 2515: 2020-03-04 18:18:16,719 [DEBUG   ] update_title_pos
LINE 2515: 2020-03-04 18:18:17,110 [DEBUG   ] update_title_pos
LINE 494 : 2020-03-04 18:18:17,592 [INFO    ] Parsing data files for GSEA.............................
LINE 225 : 2020-03-04 18:18:17,592 [DEBUG   ] Starting new HTTP connection (1): amp.pharm.mssm.edu:80
LINE 437 : 2020-03-04 18:18:17,686 [DEBUG   ] http://amp.pharm.mssm.edu:80 "GET /Enrichr/datasetStatistics HTTP/1.1" 200 None
LINE 166 : 2020-03-04 18:18:17,780 [INFO    ] Enrichr library gene sets already downloaded in: C:\Users\kirst\.gseapy, use local file
LINE 135 : 2020-03-04 18:18:26,904 [INFO    ] 0204 gene_sets have been filtered out when max_size=500 and min_size=15
LINE 498 : 2020-03-04 18:18:26,904 [INFO    ] 0104 gene_sets used for further statistical testing.....
LINE 499 : 2020-03-04 18:18:26,904 [INFO    ] Start to run GSEA...Might take a while..................
LINE 455 : 2020-03-04 18:18:26,904 [DEBUG   ] Start to compute enrichment scores......................
LINE 479 : 2020-03-04 18:18:26,904 [DEBUG   ] Start to compute es and esnulls........................
LINE 622 : 2020-03-04 18:18:45,412 [DEBUG   ] Start to compute pvals..................................
LINE 626 : 2020-03-04 18:18:45,412 [DEBUG   ] Start to compute nes and nesnull........................
LINE 637 : 2020-03-04 18:18:45,412 [DEBUG   ] Start to compute fdrs..................................
LINE 604 : 2020-03-04 18:18:45,412 [DEBUG   ] Statistical testing finished.............................
LINE 507 : 2020-03-04 18:18:45,412 [INFO    ] Start to generate gseapy reports, and produce figures...
LINE 519 : 2020-03-04 18:19:59,889 [INFO    ] Congratulations. GSEApy runs successfully................

LINE 494 : 2020-03-04 18:19:59,904 [INFO    ] Parsing data files for GSEA.............................
LINE 225 : 2020-03-04 18:19:59,904 [DEBUG   ] Starting new HTTP connection (1): amp.pharm.mssm.edu:80
LINE 437 : 2020-03-04 18:19:59,998 [DEBUG   ] http://amp.pharm.mssm.edu:80 "GET /Enrichr/datasetStatistics HTTP/1.1" 200 None
LINE 166 : 2020-03-04 18:20:00,092 [INFO    ] Enrichr library gene sets already downloaded in: C:\Users\kirst\.gseapy, use local file
LINE 135 : 2020-03-04 18:20:38,352 [INFO    ] 4590 gene_sets have been filtered out when max_size=500 and min_size=15
LINE 498 : 2020-03-04 18:20:38,352 [INFO    ] 0513 gene_sets used for further statistical testing.....
LINE 499 : 2020-03-04 18:20:38,352 [INFO    ] Start to run GSEA...Might take a while..................
LINE 455 : 2020-03-04 18:20:38,352 [DEBUG   ] Start to compute enrichment scores......................
LINE 479 : 2020-03-04 18:20:38,352 [DEBUG   ] Start to compute es and esnulls........................
LINE 622 : 2020-03-04 18:21:22,248 [DEBUG   ] Start to compute pvals..................................
LINE 626 : 2020-03-04 18:21:22,248 [DEBUG   ] Start to compute nes and nesnull........................
LINE 637 : 2020-03-04 18:21:22,248 [DEBUG   ] Start to compute fdrs..................................
LINE 604 : 2020-03-04 18:21:22,279 [DEBUG   ] Statistical testing finished.............................
LINE 507 : 2020-03-04 18:21:22,279 [INFO    ] Start to generate gseapy reports, and produce figures...
LINE 519 : 2020-03-04 18:22:35,985 [INFO    ] Congratulations. GSEApy runs successfully................

LINE 2515: 2020-03-04 18:22:36,235 [DEBUG   ] update_title_pos
LINE 2515: 2020-03-04 18:22:36,527 [DEBUG   ] update_title_pos
LINE 2515: 2020-03-04 18:22:36,683 [DEBUG   ] update_title_pos
LINE 2515: 2020-03-04 18:22:36,777 [DEBUG   ] update_title_pos
LINE 2515: 2020-03-04 18:22:36,996 [DEBUG   ] update_title_pos
LINE 2515: 2020-03-04 18:22:37,261 [DEBUG   ] update_title_pos
LINE 2515: 2020-03-04 18:22:37,480 [DEBUG   ] update_title_pos
LINE 2515: 2020-03-04 18:22:37,636 [DEBUG   ] update_title_pos
LINE 2515: 2020-03-04 18:22:37,867 [DEBUG   ] update_title_pos
LINE 2515: 2020-03-04 18:22:38,349 [DEBUG   ] update_title_pos
LINE 494 : 2020-03-04 18:22:38,848 [INFO    ] Parsing data files for GSEA.............................
LINE 225 : 2020-03-04 18:22:38,848 [DEBUG   ] Starting new HTTP connection (1): amp.pharm.mssm.edu:80
LINE 437 : 2020-03-04 18:22:38,958 [DEBUG   ] http://amp.pharm.mssm.edu:80 "GET /Enrichr/datasetStatistics HTTP/1.1" 200 None
LINE 166 : 2020-03-04 18:22:39,036 [INFO    ] Enrichr library gene sets already downloaded in: C:\Users\kirst\.gseapy, use local file
LINE 135 : 2020-03-04 18:22:47,660 [INFO    ] 0204 gene_sets have been filtered out when max_size=500 and min_size=15
LINE 498 : 2020-03-04 18:22:47,660 [INFO    ] 0104 gene_sets used for further statistical testing.....
LINE 499 : 2020-03-04 18:22:47,660 [INFO    ] Start to run GSEA...Might take a while..................
LINE 455 : 2020-03-04 18:22:47,660 [DEBUG   ] Start to compute enrichment scores......................
LINE 479 : 2020-03-04 18:22:47,660 [DEBUG   ] Start to compute es and esnulls........................
LINE 622 : 2020-03-04 18:23:05,956 [DEBUG   ] Start to compute pvals..................................
LINE 626 : 2020-03-04 18:23:05,956 [DEBUG   ] Start to compute nes and nesnull........................
LINE 637 : 2020-03-04 18:23:05,956 [DEBUG   ] Start to compute fdrs..................................
LINE 604 : 2020-03-04 18:23:05,956 [DEBUG   ] Statistical testing finished.............................
LINE 507 : 2020-03-04 18:23:05,956 [INFO    ] Start to generate gseapy reports, and produce figures...
LINE 519 : 2020-03-04 18:24:18,959 [INFO    ] Congratulations. GSEApy runs successfully................

LINE 494 : 2020-03-04 18:24:19,037 [INFO    ] Parsing data files for GSEA.............................
LINE 225 : 2020-03-04 18:24:19,037 [DEBUG   ] Starting new HTTP connection (1): amp.pharm.mssm.edu:80
LINE 437 : 2020-03-04 18:24:19,162 [DEBUG   ] http://amp.pharm.mssm.edu:80 "GET /Enrichr/datasetStatistics HTTP/1.1" 200 None
LINE 166 : 2020-03-04 18:24:19,240 [INFO    ] Enrichr library gene sets already downloaded in: C:\Users\kirst\.gseapy, use local file
LINE 135 : 2020-03-04 18:24:53,790 [INFO    ] 4585 gene_sets have been filtered out when max_size=500 and min_size=15
LINE 498 : 2020-03-04 18:24:53,790 [INFO    ] 0518 gene_sets used for further statistical testing.....
LINE 499 : 2020-03-04 18:24:53,790 [INFO    ] Start to run GSEA...Might take a while..................
LINE 455 : 2020-03-04 18:24:53,790 [DEBUG   ] Start to compute enrichment scores......................
LINE 479 : 2020-03-04 18:24:53,790 [DEBUG   ] Start to compute es and esnulls........................
LINE 622 : 2020-03-04 18:25:35,289 [DEBUG   ] Start to compute pvals..................................
LINE 626 : 2020-03-04 18:25:35,289 [DEBUG   ] Start to compute nes and nesnull........................
LINE 637 : 2020-03-04 18:25:35,289 [DEBUG   ] Start to compute fdrs..................................
LINE 604 : 2020-03-04 18:25:35,320 [DEBUG   ] Statistical testing finished.............................
LINE 507 : 2020-03-04 18:25:35,320 [INFO    ] Start to generate gseapy reports, and produce figures...
LINE 519 : 2020-03-04 18:26:53,170 [INFO    ] Congratulations. GSEApy runs successfully................

LINE 2515: 2020-03-04 18:26:53,506 [DEBUG   ] update_title_pos
LINE 2515: 2020-03-04 18:26:53,709 [DEBUG   ] update_title_pos
LINE 2515: 2020-03-04 18:26:53,787 [DEBUG   ] update_title_pos
LINE 2515: 2020-03-04 18:26:53,834 [DEBUG   ] update_title_pos
LINE 2515: 2020-03-04 18:26:54,260 [DEBUG   ] update_title_pos
LINE 2515: 2020-03-04 18:26:54,918 [DEBUG   ] update_title_pos
LINE 2515: 2020-03-04 18:26:57,030 [DEBUG   ] update_title_pos
LINE 2515: 2020-03-04 18:26:57,139 [DEBUG   ] update_title_pos
LINE 2515: 2020-03-04 18:26:57,312 [DEBUG   ] update_title_pos
LINE 2515: 2020-03-04 18:26:57,971 [DEBUG   ] update_title_pos
LINE 2515: 2020-03-04 18:26:58,446 [DEBUG   ] update_title_pos
LINE 2515: 2020-03-04 18:26:58,790 [DEBUG   ] update_title_pos
LINE 2515: 2020-03-04 18:26:58,931 [DEBUG   ] update_title_pos
LINE 2515: 2020-03-04 18:26:59,025 [DEBUG   ] update_title_pos
LINE 2515: 2020-03-04 18:26:59,406 [DEBUG   ] update_title_pos
LINE 2515: 2020-03-04 18:26:59,941 [DEBUG   ] update_title_pos
LINE 2515: 2020-03-04 18:27:00,191 [DEBUG   ] update_title_pos
LINE 2515: 2020-03-04 18:27:00,363 [DEBUG   ] update_title_pos
LINE 2515: 2020-03-04 18:27:00,632 [DEBUG   ] update_title_pos
LINE 2515: 2020-03-04 18:27:01,028 [DEBUG   ] update_title_pos
LINE 2515: 2020-03-04 18:27:01,278 [DEBUG   ] update_title_pos
LINE 2515: 2020-03-04 18:27:01,429 [DEBUG   ] update_title_pos
LINE 2515: 2020-03-04 18:27:01,910 [DEBUG   ] update_title_pos
LINE 2515: 2020-03-04 18:27:02,235 [DEBUG   ] update_title_pos
LINE 2515: 2020-03-04 18:27:02,439 [DEBUG   ] update_title_pos
LINE 2515: 2020-03-04 18:27:02,579 [DEBUG   ] update_title_pos
LINE 2515: 2020-03-04 18:27:02,992 [DEBUG   ] update_title_pos
LINE 2515: 2020-03-04 18:27:03,238 [DEBUG   ] update_title_pos
LINE 2515: 2020-03-04 18:27:03,416 [DEBUG   ] update_title_pos
LINE 2515: 2020-03-04 18:27:03,463 [DEBUG   ] update_title_pos
LINE 2515: 2020-03-04 18:27:03,619 [DEBUG   ] update_title_pos
LINE 2515: 2020-03-04 18:27:03,919 [DEBUG   ] update_title_pos
LINE 2515: 2020-03-04 18:27:03,997 [DEBUG   ] update_title_pos
LINE 2515: 2020-03-04 18:27:04,060 [DEBUG   ] update_title_pos
LINE 2515: 2020-03-04 18:27:04,711 [DEBUG   ] update_title_pos
LINE 2515: 2020-03-04 18:27:04,851 [DEBUG   ] update_title_pos
LINE 2515: 2020-03-04 18:27:04,929 [DEBUG   ] update_title_pos
LINE 2515: 2020-03-04 18:27:04,961 [DEBUG   ] update_title_pos
LINE 2515: 2020-03-04 18:27:05,101 [DEBUG   ] update_title_pos
LINE 2515: 2020-03-04 18:27:05,399 [DEBUG   ] update_title_pos
LINE 2515: 2020-03-04 18:27:05,462 [DEBUG   ] update_title_pos
LINE 2515: 2020-03-04 18:27:05,493 [DEBUG   ] update_title_pos
LINE 2515: 2020-03-04 18:27:06,087 [DEBUG   ] update_title_pos
LINE 2515: 2020-03-04 18:27:06,271 [DEBUG   ] update_title_pos
LINE 2515: 2020-03-04 18:27:06,349 [DEBUG   ] update_title_pos
LINE 2515: 2020-03-04 18:27:06,380 [DEBUG   ] update_title_pos
LINE 2515: 2020-03-04 18:27:06,565 [DEBUG   ] update_title_pos
LINE 2515: 2020-03-04 18:27:06,753 [DEBUG   ] update_title_pos
LINE 2515: 2020-03-04 18:27:06,815 [DEBUG   ] update_title_pos
LINE 2515: 2020-03-04 18:27:06,847 [DEBUG   ] update_title_pos
LINE 2515: 2020-03-04 18:27:07,041 [DEBUG   ] update_title_pos
LINE 2515: 2020-03-04 18:27:07,226 [DEBUG   ] update_title_pos
LINE 2515: 2020-03-04 18:27:07,319 [DEBUG   ] update_title_pos
LINE 2515: 2020-03-04 18:27:07,350 [DEBUG   ] update_title_pos
LINE 2515: 2020-03-04 18:27:07,507 [DEBUG   ] update_title_pos
LINE 2515: 2020-03-04 18:27:07,685 [DEBUG   ] update_title_pos
LINE 2515: 2020-03-04 18:27:07,748 [DEBUG   ] update_title_pos
LINE 2515: 2020-03-04 18:27:07,779 [DEBUG   ] update_title_pos
LINE 2515: 2020-03-04 18:27:07,995 [DEBUG   ] update_title_pos
LINE 2515: 2020-03-04 18:27:08,187 [DEBUG   ] update_title_pos
LINE 2515: 2020-03-04 18:27:08,281 [DEBUG   ] update_title_pos
LINE 2515: 2020-03-04 18:27:08,312 [DEBUG   ] update_title_pos
LINE 2515: 2020-03-04 18:27:08,469 [DEBUG   ] update_title_pos
LINE 2515: 2020-03-04 18:27:08,643 [DEBUG   ] update_title_pos
LINE 2515: 2020-03-04 18:27:08,690 [DEBUG   ] update_title_pos
LINE 2515: 2020-03-04 18:27:08,737 [DEBUG   ] update_title_pos
LINE 2515: 2020-03-04 18:27:08,972 [DEBUG   ] update_title_pos
LINE 2515: 2020-03-04 18:27:09,127 [DEBUG   ] update_title_pos
LINE 2515: 2020-03-04 18:27:09,205 [DEBUG   ] update_title_pos
LINE 2515: 2020-03-04 18:27:09,252 [DEBUG   ] update_title_pos
LINE 2515: 2020-03-04 18:27:09,423 [DEBUG   ] update_title_pos
LINE 2515: 2020-03-04 18:27:09,601 [DEBUG   ] update_title_pos
LINE 2515: 2020-03-04 18:27:09,663 [DEBUG   ] update_title_pos
LINE 2515: 2020-03-04 18:27:09,710 [DEBUG   ] update_title_pos
LINE 2515: 2020-03-04 18:27:09,976 [DEBUG   ] update_title_pos
LINE 2515: 2020-03-04 18:27:10,135 [DEBUG   ] update_title_pos
LINE 2515: 2020-03-04 18:27:10,213 [DEBUG   ] update_title_pos
LINE 2515: 2020-03-04 18:27:10,260 [DEBUG   ] update_title_pos
LINE 2515: 2020-03-04 18:27:10,416 [DEBUG   ] update_title_pos
LINE 2515: 2020-03-04 18:27:10,612 [DEBUG   ] update_title_pos
LINE 2515: 2020-03-04 18:27:10,674 [DEBUG   ] update_title_pos
LINE 2515: 2020-03-04 18:27:10,721 [DEBUG   ] update_title_pos
LINE 2515: 2020-03-04 18:27:10,940 [DEBUG   ] update_title_pos
LINE 2515: 2020-03-04 18:27:11,069 [DEBUG   ] update_title_pos
LINE 2515: 2020-03-04 18:27:11,162 [DEBUG   ] update_title_pos
LINE 2515: 2020-03-04 18:27:11,225 [DEBUG   ] update_title_pos
LINE 2515: 2020-03-04 18:27:11,381 [DEBUG   ] update_title_pos
LINE 2515: 2020-03-04 18:27:11,553 [DEBUG   ] update_title_pos
LINE 2515: 2020-03-04 18:27:11,631 [DEBUG   ] update_title_pos
LINE 2515: 2020-03-04 18:27:11,693 [DEBUG   ] update_title_pos
LINE 2515: 2020-03-04 18:27:11,897 [DEBUG   ] update_title_pos
LINE 2515: 2020-03-04 18:27:12,041 [DEBUG   ] update_title_pos
LINE 2515: 2020-03-04 18:27:12,119 [DEBUG   ] update_title_pos
LINE 2515: 2020-03-04 18:27:12,166 [DEBUG   ] update_title_pos
LINE 2515: 2020-03-04 18:27:12,322 [DEBUG   ] update_title_pos
LINE 2515: 2020-03-04 18:27:12,488 [DEBUG   ] update_title_pos
LINE 2515: 2020-03-04 18:27:12,551 [DEBUG   ] update_title_pos
LINE 2515: 2020-03-04 18:27:12,582 [DEBUG   ] update_title_pos
LINE 2515: 2020-03-04 18:27:12,775 [DEBUG   ] update_title_pos
LINE 2515: 2020-03-04 18:27:12,932 [DEBUG   ] update_title_pos
LINE 2515: 2020-03-04 18:27:13,010 [DEBUG   ] update_title_pos
LINE 2515: 2020-03-04 18:27:13,042 [DEBUG   ] update_title_pos
LINE 2515: 2020-03-04 18:27:13,187 [DEBUG   ] update_title_pos
LINE 2515: 2020-03-04 18:27:13,391 [DEBUG   ] update_title_pos
LINE 2515: 2020-03-04 18:27:13,454 [DEBUG   ] update_title_pos
LINE 2515: 2020-03-04 18:27:13,485 [DEBUG   ] update_title_pos
LINE 2515: 2020-03-04 18:27:13,691 [DEBUG   ] update_title_pos
LINE 2515: 2020-03-04 18:27:13,868 [DEBUG   ] update_title_pos
LINE 2515: 2020-03-04 18:27:13,962 [DEBUG   ] update_title_pos
LINE 2515: 2020-03-04 18:27:14,009 [DEBUG   ] update_title_pos
LINE 2515: 2020-03-04 18:27:14,150 [DEBUG   ] update_title_pos
LINE 2515: 2020-03-04 18:27:14,360 [DEBUG   ] update_title_pos
LINE 2515: 2020-03-04 18:27:14,441 [DEBUG   ] update_title_pos
LINE 2515: 2020-03-04 18:27:14,488 [DEBUG   ] update_title_pos
LINE 2515: 2020-03-04 18:27:14,676 [DEBUG   ] update_title_pos
LINE 2515: 2020-03-04 18:27:14,823 [DEBUG   ] update_title_pos
LINE 2515: 2020-03-04 18:27:14,885 [DEBUG   ] update_title_pos
LINE 2515: 2020-03-04 18:27:14,932 [DEBUG   ] update_title_pos
LINE 2515: 2020-03-04 18:27:15,073 [DEBUG   ] update_title_pos
LINE 2515: 2020-03-04 18:27:15,263 [DEBUG   ] update_title_pos
LINE 2515: 2020-03-04 18:27:15,326 [DEBUG   ] update_title_pos
LINE 2515: 2020-03-04 18:27:15,357 [DEBUG   ] update_title_pos
LINE 2515: 2020-03-04 18:27:15,571 [DEBUG   ] update_title_pos
LINE 2515: 2020-03-04 18:27:15,748 [DEBUG   ] update_title_pos
LINE 2515: 2020-03-04 18:27:15,826 [DEBUG   ] update_title_pos
LINE 2515: 2020-03-04 18:27:15,857 [DEBUG   ] update_title_pos
LINE 2515: 2020-03-04 18:27:16,002 [DEBUG   ] update_title_pos
LINE 2515: 2020-03-04 18:27:16,199 [DEBUG   ] update_title_pos
LINE 2515: 2020-03-04 18:27:16,264 [DEBUG   ] update_title_pos
LINE 2515: 2020-03-04 18:27:16,311 [DEBUG   ] update_title_pos
LINE 2515: 2020-03-04 18:27:16,484 [DEBUG   ] update_title_pos
LINE 2515: 2020-03-04 18:27:16,635 [DEBUG   ] update_title_pos
LINE 2515: 2020-03-04 18:27:16,713 [DEBUG   ] update_title_pos
LINE 2515: 2020-03-04 18:27:16,762 [DEBUG   ] update_title_pos
LINE 2515: 2020-03-04 18:27:16,918 [DEBUG   ] update_title_pos
LINE 2515: 2020-03-04 18:27:17,107 [DEBUG   ] update_title_pos
LINE 2515: 2020-03-04 18:27:17,170 [DEBUG   ] update_title_pos
LINE 2515: 2020-03-04 18:27:17,201 [DEBUG   ] update_title_pos
