LINE 494 : 2020-03-12 23:07:40,403 [INFO    ] Parsing data files for GSEA.............................
LINE 225 : 2020-03-12 23:07:40,411 [DEBUG   ] Starting new HTTP connection (1): amp.pharm.mssm.edu:80
LINE 437 : 2020-03-12 23:07:40,711 [DEBUG   ] http://amp.pharm.mssm.edu:80 "GET /Enrichr/datasetStatistics HTTP/1.1" 200 None
LINE 166 : 2020-03-12 23:07:40,775 [INFO    ] Enrichr library gene sets already downloaded in: C:\Users\kirst\.gseapy, use local file
LINE 135 : 2020-03-12 23:07:44,826 [INFO    ] 0259 gene_sets have been filtered out when max_size=500 and min_size=15
LINE 498 : 2020-03-12 23:07:44,827 [INFO    ] 0049 gene_sets used for further statistical testing.....
LINE 499 : 2020-03-12 23:07:44,827 [INFO    ] Start to run GSEA...Might take a while..................
LINE 455 : 2020-03-12 23:07:44,827 [DEBUG   ] Start to compute enrichment scores......................
LINE 479 : 2020-03-12 23:07:44,827 [DEBUG   ] Start to compute es and esnulls........................
LINE 622 : 2020-03-12 23:07:58,801 [DEBUG   ] Start to compute pvals..................................
LINE 626 : 2020-03-12 23:07:58,803 [DEBUG   ] Start to compute nes and nesnull........................
LINE 637 : 2020-03-12 23:07:58,804 [DEBUG   ] Start to compute fdrs..................................
LINE 604 : 2020-03-12 23:07:58,808 [DEBUG   ] Statistical testing finished.............................
LINE 507 : 2020-03-12 23:07:58,809 [INFO    ] Start to generate gseapy reports, and produce figures...
LINE 519 : 2020-03-12 23:10:05,878 [INFO    ] Congratulations. GSEApy runs successfully................

LINE 494 : 2020-03-12 23:10:06,121 [INFO    ] Parsing data files for GSEA.............................
LINE 225 : 2020-03-12 23:10:06,169 [DEBUG   ] Starting new HTTP connection (1): amp.pharm.mssm.edu:80
LINE 437 : 2020-03-12 23:10:06,334 [DEBUG   ] http://amp.pharm.mssm.edu:80 "GET /Enrichr/datasetStatistics HTTP/1.1" 200 None
LINE 166 : 2020-03-12 23:10:06,410 [INFO    ] Enrichr library gene sets already downloaded in: C:\Users\kirst\.gseapy, use local file
LINE 135 : 2020-03-12 23:10:27,722 [INFO    ] 4915 gene_sets have been filtered out when max_size=500 and min_size=15
LINE 498 : 2020-03-12 23:10:27,722 [INFO    ] 0188 gene_sets used for further statistical testing.....
LINE 499 : 2020-03-12 23:10:27,722 [INFO    ] Start to run GSEA...Might take a while..................
LINE 455 : 2020-03-12 23:10:27,722 [DEBUG   ] Start to compute enrichment scores......................
LINE 479 : 2020-03-12 23:10:27,722 [DEBUG   ] Start to compute es and esnulls........................
LINE 622 : 2020-03-12 23:10:50,092 [DEBUG   ] Start to compute pvals..................................
LINE 626 : 2020-03-12 23:10:50,104 [DEBUG   ] Start to compute nes and nesnull........................
LINE 637 : 2020-03-12 23:10:50,105 [DEBUG   ] Start to compute fdrs..................................
LINE 604 : 2020-03-12 23:10:50,112 [DEBUG   ] Statistical testing finished.............................
LINE 507 : 2020-03-12 23:10:50,112 [INFO    ] Start to generate gseapy reports, and produce figures...
LINE 519 : 2020-03-12 23:11:58,900 [INFO    ] Congratulations. GSEApy runs successfully................

LINE 2515: 2020-03-12 23:11:59,272 [DEBUG   ] update_title_pos
LINE 1254: 2020-03-12 23:11:59,367 [DEBUG   ] findfont: Matching :family=sans-serif:style=normal:variant=normal:weight=normal:stretch=normal:size=16.0 to DejaVu Sans ('C:\\Users\\kirst\\Miniconda3\\lib\\site-packages\\matplotlib\\mpl-data\\fonts\\ttf\\DejaVuSans.ttf') with score of 0.050000.
LINE 1254: 2020-03-12 23:11:59,568 [DEBUG   ] findfont: Matching :family=sans-serif:style=normal:variant=normal:weight=bold:stretch=normal:size=16.0 to DejaVu Sans ('C:\\Users\\kirst\\Miniconda3\\lib\\site-packages\\matplotlib\\mpl-data\\fonts\\ttf\\DejaVuSans-Bold.ttf') with score of 0.000000.
LINE 1254: 2020-03-12 23:11:59,740 [DEBUG   ] findfont: Matching :family=sans-serif:style=normal:variant=normal:weight=bold:stretch=normal:size=24.0 to DejaVu Sans ('C:\\Users\\kirst\\Miniconda3\\lib\\site-packages\\matplotlib\\mpl-data\\fonts\\ttf\\DejaVuSans-Bold.ttf') with score of 0.000000.
LINE 2515: 2020-03-12 23:11:59,904 [DEBUG   ] update_title_pos
LINE 2515: 2020-03-12 23:12:00,061 [DEBUG   ] update_title_pos
LINE 2515: 2020-03-12 23:12:00,179 [DEBUG   ] update_title_pos
LINE 2515: 2020-03-12 23:12:01,398 [DEBUG   ] update_title_pos
LINE 2515: 2020-03-12 23:12:01,558 [DEBUG   ] update_title_pos
LINE 2515: 2020-03-12 23:12:01,684 [DEBUG   ] update_title_pos
LINE 2515: 2020-03-12 23:12:01,725 [DEBUG   ] update_title_pos
LINE 2515: 2020-03-12 23:12:01,751 [DEBUG   ] update_title_pos
LINE 2515: 2020-03-12 23:12:01,881 [DEBUG   ] update_title_pos
LINE 494 : 2020-03-12 23:12:02,036 [INFO    ] Parsing data files for GSEA.............................
LINE 225 : 2020-03-12 23:12:02,045 [DEBUG   ] Starting new HTTP connection (1): amp.pharm.mssm.edu:80
LINE 437 : 2020-03-12 23:12:02,245 [DEBUG   ] http://amp.pharm.mssm.edu:80 "GET /Enrichr/datasetStatistics HTTP/1.1" 200 None
LINE 166 : 2020-03-12 23:12:02,260 [INFO    ] Enrichr library gene sets already downloaded in: C:\Users\kirst\.gseapy, use local file
LINE 135 : 2020-03-12 23:12:09,010 [INFO    ] 0127 gene_sets have been filtered out when max_size=500 and min_size=15
LINE 498 : 2020-03-12 23:12:09,010 [INFO    ] 0181 gene_sets used for further statistical testing.....
LINE 499 : 2020-03-12 23:12:09,010 [INFO    ] Start to run GSEA...Might take a while..................
LINE 455 : 2020-03-12 23:12:09,010 [DEBUG   ] Start to compute enrichment scores......................
LINE 479 : 2020-03-12 23:12:09,010 [DEBUG   ] Start to compute es and esnulls........................
LINE 622 : 2020-03-12 23:12:34,226 [DEBUG   ] Start to compute pvals..................................
LINE 626 : 2020-03-12 23:12:34,226 [DEBUG   ] Start to compute nes and nesnull........................
LINE 637 : 2020-03-12 23:12:34,226 [DEBUG   ] Start to compute fdrs..................................
LINE 604 : 2020-03-12 23:12:34,226 [DEBUG   ] Statistical testing finished.............................
LINE 507 : 2020-03-12 23:12:34,226 [INFO    ] Start to generate gseapy reports, and produce figures...
LINE 2515: 2020-03-12 23:13:50,982 [DEBUG   ] update_title_pos
LINE 2515: 2020-03-12 23:13:52,198 [DEBUG   ] update_title_pos
LINE 2515: 2020-03-12 23:13:52,553 [DEBUG   ] update_title_pos
LINE 2515: 2020-03-12 23:13:52,641 [DEBUG   ] update_title_pos
LINE 2515: 2020-03-12 23:13:52,972 [DEBUG   ] update_title_pos
LINE 2515: 2020-03-12 23:13:53,232 [DEBUG   ] update_title_pos
LINE 2515: 2020-03-12 23:13:53,319 [DEBUG   ] update_title_pos
LINE 2515: 2020-03-12 23:13:53,374 [DEBUG   ] update_title_pos
LINE 494 : 2020-03-12 23:18:54,069 [INFO    ] Parsing data files for GSEA.............................
LINE 225 : 2020-03-12 23:18:54,122 [DEBUG   ] Starting new HTTP connection (1): amp.pharm.mssm.edu:80
LINE 437 : 2020-03-12 23:21:54,431 [DEBUG   ] http://amp.pharm.mssm.edu:80 "GET /Enrichr/datasetStatistics HTTP/1.1" 200 None
LINE 166 : 2020-03-12 23:21:54,520 [INFO    ] Enrichr library gene sets already downloaded in: C:\Users\kirst\.gseapy, use local file
LINE 135 : 2020-03-12 23:22:09,140 [INFO    ] 4915 gene_sets have been filtered out when max_size=500 and min_size=15
LINE 498 : 2020-03-12 23:22:09,140 [INFO    ] 0188 gene_sets used for further statistical testing.....
LINE 499 : 2020-03-12 23:22:09,140 [INFO    ] Start to run GSEA...Might take a while..................
LINE 455 : 2020-03-12 23:22:09,149 [DEBUG   ] Start to compute enrichment scores......................
LINE 479 : 2020-03-12 23:22:09,149 [DEBUG   ] Start to compute es and esnulls........................
LINE 622 : 2020-03-12 23:23:25,798 [DEBUG   ] Start to compute pvals..................................
LINE 626 : 2020-03-12 23:23:25,815 [DEBUG   ] Start to compute nes and nesnull........................
LINE 637 : 2020-03-12 23:23:25,816 [DEBUG   ] Start to compute fdrs..................................
LINE 604 : 2020-03-12 23:23:25,868 [DEBUG   ] Statistical testing finished.............................
LINE 507 : 2020-03-12 23:23:25,878 [INFO    ] Start to generate gseapy reports, and produce figures...
LINE 519 : 2020-03-12 23:24:47,558 [INFO    ] Congratulations. GSEApy runs successfully................

LINE 2515: 2020-03-12 23:24:48,398 [DEBUG   ] update_title_pos
LINE 653 : 2020-03-12 23:24:48,497 [DEBUG   ] Assigning font /b'F1' = 'C:\\Users\\kirst\\Miniconda3\\lib\\site-packages\\matplotlib\\mpl-data\\fonts\\ttf\\DejaVuSans.ttf'
LINE 653 : 2020-03-12 23:24:48,525 [DEBUG   ] Assigning font /b'F2' = 'C:\\Users\\kirst\\Miniconda3\\lib\\site-packages\\matplotlib\\mpl-data\\fonts\\ttf\\DejaVuSans-Bold.ttf'
LINE 703 : 2020-03-12 23:24:48,749 [DEBUG   ] Embedding font C:\Users\kirst\Miniconda3\lib\site-packages\matplotlib\mpl-data\fonts\ttf\DejaVuSans-Bold.ttf.
LINE 710 : 2020-03-12 23:24:48,849 [DEBUG   ] Writing TrueType font.
LINE 703 : 2020-03-12 23:24:49,397 [DEBUG   ] Embedding font C:\Users\kirst\Miniconda3\lib\site-packages\matplotlib\mpl-data\fonts\ttf\DejaVuSans.ttf.
LINE 710 : 2020-03-12 23:24:49,397 [DEBUG   ] Writing TrueType font.
LINE 2515: 2020-03-12 23:24:49,654 [DEBUG   ] update_title_pos
LINE 2515: 2020-03-12 23:24:49,874 [DEBUG   ] update_title_pos
LINE 2515: 2020-03-12 23:24:49,939 [DEBUG   ] update_title_pos
LINE 653 : 2020-03-12 23:24:49,997 [DEBUG   ] Assigning font /b'F1' = 'C:\\Users\\kirst\\Miniconda3\\lib\\site-packages\\matplotlib\\mpl-data\\fonts\\ttf\\DejaVuSans.ttf'
LINE 653 : 2020-03-12 23:24:50,036 [DEBUG   ] Assigning font /b'F2' = 'C:\\Users\\kirst\\Miniconda3\\lib\\site-packages\\matplotlib\\mpl-data\\fonts\\ttf\\DejaVuSans-Bold.ttf'
LINE 703 : 2020-03-12 23:24:50,143 [DEBUG   ] Embedding font C:\Users\kirst\Miniconda3\lib\site-packages\matplotlib\mpl-data\fonts\ttf\DejaVuSans-Bold.ttf.
LINE 710 : 2020-03-12 23:24:50,143 [DEBUG   ] Writing TrueType font.
LINE 703 : 2020-03-12 23:24:50,231 [DEBUG   ] Embedding font C:\Users\kirst\Miniconda3\lib\site-packages\matplotlib\mpl-data\fonts\ttf\DejaVuSans.ttf.
LINE 710 : 2020-03-12 23:24:50,231 [DEBUG   ] Writing TrueType font.
LINE 2515: 2020-03-12 23:24:50,306 [DEBUG   ] update_title_pos
LINE 494 : 2020-03-12 23:24:50,488 [INFO    ] Parsing data files for GSEA.............................
LINE 225 : 2020-03-12 23:24:50,501 [DEBUG   ] Starting new HTTP connection (1): amp.pharm.mssm.edu:80
LINE 437 : 2020-03-12 23:24:50,697 [DEBUG   ] http://amp.pharm.mssm.edu:80 "GET /Enrichr/datasetStatistics HTTP/1.1" 200 None
LINE 166 : 2020-03-12 23:24:50,827 [INFO    ] Enrichr library gene sets already downloaded in: C:\Users\kirst\.gseapy, use local file
LINE 135 : 2020-03-12 23:25:33,149 [INFO    ] 4289 gene_sets have been filtered out when max_size=500 and min_size=15
LINE 498 : 2020-03-12 23:25:33,150 [INFO    ] 0814 gene_sets used for further statistical testing.....
LINE 499 : 2020-03-12 23:25:33,150 [INFO    ] Start to run GSEA...Might take a while..................
LINE 455 : 2020-03-12 23:25:33,167 [DEBUG   ] Start to compute enrichment scores......................
LINE 479 : 2020-03-12 23:25:33,167 [DEBUG   ] Start to compute es and esnulls........................
LINE 622 : 2020-03-12 23:35:17,015 [DEBUG   ] Start to compute pvals..................................
LINE 626 : 2020-03-12 23:35:17,059 [DEBUG   ] Start to compute nes and nesnull........................
LINE 637 : 2020-03-12 23:35:17,109 [DEBUG   ] Start to compute fdrs..................................
LINE 604 : 2020-03-12 23:35:17,264 [DEBUG   ] Statistical testing finished.............................
LINE 507 : 2020-03-12 23:35:17,302 [INFO    ] Start to generate gseapy reports, and produce figures...
LINE 519 : 2020-03-12 23:36:03,329 [INFO    ] Congratulations. GSEApy runs successfully................

LINE 2515: 2020-03-12 23:36:03,837 [DEBUG   ] update_title_pos
LINE 653 : 2020-03-12 23:36:03,868 [DEBUG   ] Assigning font /b'F1' = 'C:\\Users\\kirst\\Miniconda3\\lib\\site-packages\\matplotlib\\mpl-data\\fonts\\ttf\\DejaVuSans.ttf'
LINE 653 : 2020-03-12 23:36:03,890 [DEBUG   ] Assigning font /b'F2' = 'C:\\Users\\kirst\\Miniconda3\\lib\\site-packages\\matplotlib\\mpl-data\\fonts\\ttf\\DejaVuSans-Bold.ttf'
LINE 703 : 2020-03-12 23:36:03,989 [DEBUG   ] Embedding font C:\Users\kirst\Miniconda3\lib\site-packages\matplotlib\mpl-data\fonts\ttf\DejaVuSans-Bold.ttf.
LINE 710 : 2020-03-12 23:36:03,989 [DEBUG   ] Writing TrueType font.
LINE 703 : 2020-03-12 23:36:04,053 [DEBUG   ] Embedding font C:\Users\kirst\Miniconda3\lib\site-packages\matplotlib\mpl-data\fonts\ttf\DejaVuSans.ttf.
LINE 710 : 2020-03-12 23:36:04,053 [DEBUG   ] Writing TrueType font.
LINE 2515: 2020-03-12 23:36:04,105 [DEBUG   ] update_title_pos
LINE 2515: 2020-03-12 23:36:04,175 [DEBUG   ] update_title_pos
LINE 2515: 2020-03-12 23:36:04,203 [DEBUG   ] update_title_pos
LINE 653 : 2020-03-12 23:36:04,221 [DEBUG   ] Assigning font /b'F1' = 'C:\\Users\\kirst\\Miniconda3\\lib\\site-packages\\matplotlib\\mpl-data\\fonts\\ttf\\DejaVuSans.ttf'
LINE 653 : 2020-03-12 23:36:04,228 [DEBUG   ] Assigning font /b'F2' = 'C:\\Users\\kirst\\Miniconda3\\lib\\site-packages\\matplotlib\\mpl-data\\fonts\\ttf\\DejaVuSans-Bold.ttf'
LINE 703 : 2020-03-12 23:36:04,331 [DEBUG   ] Embedding font C:\Users\kirst\Miniconda3\lib\site-packages\matplotlib\mpl-data\fonts\ttf\DejaVuSans-Bold.ttf.
LINE 710 : 2020-03-12 23:36:04,331 [DEBUG   ] Writing TrueType font.
LINE 703 : 2020-03-12 23:36:04,373 [DEBUG   ] Embedding font C:\Users\kirst\Miniconda3\lib\site-packages\matplotlib\mpl-data\fonts\ttf\DejaVuSans.ttf.
LINE 710 : 2020-03-12 23:36:04,373 [DEBUG   ] Writing TrueType font.
LINE 2515: 2020-03-12 23:36:04,448 [DEBUG   ] update_title_pos
LINE 494 : 2020-03-12 23:36:04,693 [INFO    ] Parsing data files for GSEA.............................
LINE 225 : 2020-03-12 23:36:04,738 [DEBUG   ] Starting new HTTP connection (1): amp.pharm.mssm.edu:80
LINE 437 : 2020-03-12 23:39:05,203 [DEBUG   ] http://amp.pharm.mssm.edu:80 "GET /Enrichr/datasetStatistics HTTP/1.1" 200 None
LINE 166 : 2020-03-12 23:39:05,219 [INFO    ] Enrichr library gene sets already downloaded in: C:\Users\kirst\.gseapy, use local file
LINE 135 : 2020-03-12 23:39:16,136 [INFO    ] 4973 gene_sets have been filtered out when max_size=500 and min_size=15
LINE 498 : 2020-03-12 23:39:16,136 [INFO    ] 0130 gene_sets used for further statistical testing.....
LINE 499 : 2020-03-12 23:39:16,136 [INFO    ] Start to run GSEA...Might take a while..................
LINE 455 : 2020-03-12 23:39:16,171 [DEBUG   ] Start to compute enrichment scores......................
LINE 479 : 2020-03-12 23:39:16,171 [DEBUG   ] Start to compute es and esnulls........................
LINE 622 : 2020-03-12 23:39:58,313 [DEBUG   ] Start to compute pvals..................................
LINE 626 : 2020-03-12 23:39:58,313 [DEBUG   ] Start to compute nes and nesnull........................
LINE 637 : 2020-03-12 23:39:58,329 [DEBUG   ] Start to compute fdrs..................................
LINE 604 : 2020-03-12 23:39:58,349 [DEBUG   ] Statistical testing finished.............................
LINE 507 : 2020-03-12 23:39:58,349 [INFO    ] Start to generate gseapy reports, and produce figures...
LINE 519 : 2020-03-12 23:40:48,762 [INFO    ] Congratulations. GSEApy runs successfully................

LINE 2515: 2020-03-12 23:40:49,352 [DEBUG   ] update_title_pos
LINE 653 : 2020-03-12 23:40:49,391 [DEBUG   ] Assigning font /b'F1' = 'C:\\Users\\kirst\\Miniconda3\\lib\\site-packages\\matplotlib\\mpl-data\\fonts\\ttf\\DejaVuSans.ttf'
LINE 653 : 2020-03-12 23:40:49,408 [DEBUG   ] Assigning font /b'F2' = 'C:\\Users\\kirst\\Miniconda3\\lib\\site-packages\\matplotlib\\mpl-data\\fonts\\ttf\\DejaVuSans-Bold.ttf'
LINE 703 : 2020-03-12 23:40:49,508 [DEBUG   ] Embedding font C:\Users\kirst\Miniconda3\lib\site-packages\matplotlib\mpl-data\fonts\ttf\DejaVuSans-Bold.ttf.
LINE 710 : 2020-03-12 23:40:49,508 [DEBUG   ] Writing TrueType font.
LINE 703 : 2020-03-12 23:40:49,553 [DEBUG   ] Embedding font C:\Users\kirst\Miniconda3\lib\site-packages\matplotlib\mpl-data\fonts\ttf\DejaVuSans.ttf.
LINE 710 : 2020-03-12 23:40:49,553 [DEBUG   ] Writing TrueType font.
LINE 2515: 2020-03-12 23:40:49,615 [DEBUG   ] update_title_pos
LINE 2515: 2020-03-12 23:40:49,671 [DEBUG   ] update_title_pos
LINE 2515: 2020-03-12 23:40:49,710 [DEBUG   ] update_title_pos
LINE 653 : 2020-03-12 23:40:49,729 [DEBUG   ] Assigning font /b'F1' = 'C:\\Users\\kirst\\Miniconda3\\lib\\site-packages\\matplotlib\\mpl-data\\fonts\\ttf\\DejaVuSans.ttf'
LINE 653 : 2020-03-12 23:40:49,747 [DEBUG   ] Assigning font /b'F2' = 'C:\\Users\\kirst\\Miniconda3\\lib\\site-packages\\matplotlib\\mpl-data\\fonts\\ttf\\DejaVuSans-Bold.ttf'
LINE 703 : 2020-03-12 23:40:49,830 [DEBUG   ] Embedding font C:\Users\kirst\Miniconda3\lib\site-packages\matplotlib\mpl-data\fonts\ttf\DejaVuSans-Bold.ttf.
LINE 710 : 2020-03-12 23:40:49,830 [DEBUG   ] Writing TrueType font.
LINE 703 : 2020-03-12 23:40:49,876 [DEBUG   ] Embedding font C:\Users\kirst\Miniconda3\lib\site-packages\matplotlib\mpl-data\fonts\ttf\DejaVuSans.ttf.
LINE 710 : 2020-03-12 23:40:49,876 [DEBUG   ] Writing TrueType font.
LINE 2515: 2020-03-12 23:40:50,821 [DEBUG   ] update_title_pos
LINE 494 : 2020-03-12 23:40:52,083 [INFO    ] Parsing data files for GSEA.............................
LINE 225 : 2020-03-12 23:40:52,100 [DEBUG   ] Starting new HTTP connection (1): amp.pharm.mssm.edu:80
LINE 437 : 2020-03-12 23:40:52,380 [DEBUG   ] http://amp.pharm.mssm.edu:80 "GET /Enrichr/datasetStatistics HTTP/1.1" 200 None
LINE 166 : 2020-03-12 23:40:52,435 [INFO    ] Enrichr library gene sets already downloaded in: C:\Users\kirst\.gseapy, use local file
LINE 135 : 2020-03-12 23:41:37,290 [INFO    ] 4134 gene_sets have been filtered out when max_size=500 and min_size=15
LINE 498 : 2020-03-12 23:41:37,290 [INFO    ] 0969 gene_sets used for further statistical testing.....
LINE 499 : 2020-03-12 23:41:37,290 [INFO    ] Start to run GSEA...Might take a while..................
LINE 455 : 2020-03-12 23:41:37,290 [DEBUG   ] Start to compute enrichment scores......................
LINE 479 : 2020-03-12 23:41:37,290 [DEBUG   ] Start to compute es and esnulls........................
LINE 622 : 2020-03-12 23:56:38,911 [DEBUG   ] Start to compute pvals..................................
LINE 626 : 2020-03-12 23:56:38,977 [DEBUG   ] Start to compute nes and nesnull........................
LINE 637 : 2020-03-12 23:56:39,040 [DEBUG   ] Start to compute fdrs..................................
LINE 604 : 2020-03-12 23:56:39,307 [DEBUG   ] Statistical testing finished.............................
LINE 507 : 2020-03-12 23:56:39,372 [INFO    ] Start to generate gseapy reports, and produce figures...
LINE 519 : 2020-03-12 23:57:34,571 [INFO    ] Congratulations. GSEApy runs successfully................

LINE 2515: 2020-03-12 23:57:35,330 [DEBUG   ] update_title_pos
LINE 653 : 2020-03-12 23:57:35,479 [DEBUG   ] Assigning font /b'F1' = 'C:\\Users\\kirst\\Miniconda3\\lib\\site-packages\\matplotlib\\mpl-data\\fonts\\ttf\\DejaVuSans.ttf'
LINE 653 : 2020-03-12 23:57:35,578 [DEBUG   ] Assigning font /b'F2' = 'C:\\Users\\kirst\\Miniconda3\\lib\\site-packages\\matplotlib\\mpl-data\\fonts\\ttf\\DejaVuSans-Bold.ttf'
LINE 703 : 2020-03-12 23:57:35,779 [DEBUG   ] Embedding font C:\Users\kirst\Miniconda3\lib\site-packages\matplotlib\mpl-data\fonts\ttf\DejaVuSans-Bold.ttf.
LINE 710 : 2020-03-12 23:57:35,779 [DEBUG   ] Writing TrueType font.
LINE 703 : 2020-03-12 23:57:35,832 [DEBUG   ] Embedding font C:\Users\kirst\Miniconda3\lib\site-packages\matplotlib\mpl-data\fonts\ttf\DejaVuSans.ttf.
LINE 710 : 2020-03-12 23:57:35,832 [DEBUG   ] Writing TrueType font.
LINE 2515: 2020-03-12 23:57:35,898 [DEBUG   ] update_title_pos
LINE 2515: 2020-03-12 23:57:35,965 [DEBUG   ] update_title_pos
LINE 2515: 2020-03-12 23:57:36,031 [DEBUG   ] update_title_pos
LINE 653 : 2020-03-12 23:57:36,072 [DEBUG   ] Assigning font /b'F1' = 'C:\\Users\\kirst\\Miniconda3\\lib\\site-packages\\matplotlib\\mpl-data\\fonts\\ttf\\DejaVuSans.ttf'
LINE 653 : 2020-03-12 23:57:36,103 [DEBUG   ] Assigning font /b'F2' = 'C:\\Users\\kirst\\Miniconda3\\lib\\site-packages\\matplotlib\\mpl-data\\fonts\\ttf\\DejaVuSans-Bold.ttf'
LINE 703 : 2020-03-12 23:57:36,227 [DEBUG   ] Embedding font C:\Users\kirst\Miniconda3\lib\site-packages\matplotlib\mpl-data\fonts\ttf\DejaVuSans-Bold.ttf.
LINE 710 : 2020-03-12 23:57:36,227 [DEBUG   ] Writing TrueType font.
LINE 703 : 2020-03-12 23:57:36,273 [DEBUG   ] Embedding font C:\Users\kirst\Miniconda3\lib\site-packages\matplotlib\mpl-data\fonts\ttf\DejaVuSans.ttf.
LINE 710 : 2020-03-12 23:57:36,273 [DEBUG   ] Writing TrueType font.
LINE 2515: 2020-03-12 23:57:36,366 [DEBUG   ] update_title_pos
LINE 494 : 2020-03-12 23:57:36,679 [INFO    ] Parsing data files for GSEA.............................
LINE 225 : 2020-03-12 23:57:36,714 [DEBUG   ] Starting new HTTP connection (1): amp.pharm.mssm.edu:80
LINE 437 : 2020-03-12 23:57:36,946 [DEBUG   ] http://amp.pharm.mssm.edu:80 "GET /Enrichr/datasetStatistics HTTP/1.1" 200 None
LINE 166 : 2020-03-12 23:57:37,019 [INFO    ] Enrichr library gene sets already downloaded in: C:\Users\kirst\.gseapy, use local file
LINE 135 : 2020-03-12 23:57:53,677 [INFO    ] 4961 gene_sets have been filtered out when max_size=500 and min_size=15
LINE 498 : 2020-03-12 23:57:53,677 [INFO    ] 0142 gene_sets used for further statistical testing.....
LINE 499 : 2020-03-12 23:57:53,677 [INFO    ] Start to run GSEA...Might take a while..................
LINE 455 : 2020-03-12 23:57:53,704 [DEBUG   ] Start to compute enrichment scores......................
LINE 479 : 2020-03-12 23:57:53,704 [DEBUG   ] Start to compute es and esnulls........................
LINE 622 : 2020-03-12 23:58:41,504 [DEBUG   ] Start to compute pvals..................................
LINE 626 : 2020-03-12 23:58:41,520 [DEBUG   ] Start to compute nes and nesnull........................
LINE 637 : 2020-03-12 23:58:41,529 [DEBUG   ] Start to compute fdrs..................................
LINE 604 : 2020-03-12 23:58:41,547 [DEBUG   ] Statistical testing finished.............................
LINE 507 : 2020-03-12 23:58:41,563 [INFO    ] Start to generate gseapy reports, and produce figures...
LINE 519 : 2020-03-12 23:59:29,534 [INFO    ] Congratulations. GSEApy runs successfully................

LINE 2515: 2020-03-12 23:59:32,051 [DEBUG   ] update_title_pos
LINE 653 : 2020-03-12 23:59:32,113 [DEBUG   ] Assigning font /b'F1' = 'C:\\Users\\kirst\\Miniconda3\\lib\\site-packages\\matplotlib\\mpl-data\\fonts\\ttf\\DejaVuSans.ttf'
LINE 653 : 2020-03-12 23:59:32,146 [DEBUG   ] Assigning font /b'F2' = 'C:\\Users\\kirst\\Miniconda3\\lib\\site-packages\\matplotlib\\mpl-data\\fonts\\ttf\\DejaVuSans-Bold.ttf'
LINE 703 : 2020-03-12 23:59:32,316 [DEBUG   ] Embedding font C:\Users\kirst\Miniconda3\lib\site-packages\matplotlib\mpl-data\fonts\ttf\DejaVuSans-Bold.ttf.
LINE 710 : 2020-03-12 23:59:32,316 [DEBUG   ] Writing TrueType font.
LINE 703 : 2020-03-12 23:59:32,398 [DEBUG   ] Embedding font C:\Users\kirst\Miniconda3\lib\site-packages\matplotlib\mpl-data\fonts\ttf\DejaVuSans.ttf.
LINE 710 : 2020-03-12 23:59:32,398 [DEBUG   ] Writing TrueType font.
LINE 2515: 2020-03-12 23:59:32,458 [DEBUG   ] update_title_pos
LINE 2515: 2020-03-12 23:59:32,537 [DEBUG   ] update_title_pos
LINE 2515: 2020-03-12 23:59:32,578 [DEBUG   ] update_title_pos
LINE 653 : 2020-03-12 23:59:32,588 [DEBUG   ] Assigning font /b'F1' = 'C:\\Users\\kirst\\Miniconda3\\lib\\site-packages\\matplotlib\\mpl-data\\fonts\\ttf\\DejaVuSans.ttf'
LINE 653 : 2020-03-12 23:59:32,631 [DEBUG   ] Assigning font /b'F2' = 'C:\\Users\\kirst\\Miniconda3\\lib\\site-packages\\matplotlib\\mpl-data\\fonts\\ttf\\DejaVuSans-Bold.ttf'
LINE 703 : 2020-03-12 23:59:32,717 [DEBUG   ] Embedding font C:\Users\kirst\Miniconda3\lib\site-packages\matplotlib\mpl-data\fonts\ttf\DejaVuSans-Bold.ttf.
LINE 710 : 2020-03-12 23:59:32,717 [DEBUG   ] Writing TrueType font.
LINE 703 : 2020-03-12 23:59:32,763 [DEBUG   ] Embedding font C:\Users\kirst\Miniconda3\lib\site-packages\matplotlib\mpl-data\fonts\ttf\DejaVuSans.ttf.
LINE 710 : 2020-03-12 23:59:32,763 [DEBUG   ] Writing TrueType font.
LINE 2515: 2020-03-12 23:59:32,817 [DEBUG   ] update_title_pos
LINE 494 : 2020-03-12 23:59:33,023 [INFO    ] Parsing data files for GSEA.............................
LINE 225 : 2020-03-12 23:59:33,026 [DEBUG   ] Starting new HTTP connection (1): amp.pharm.mssm.edu:80
LINE 437 : 2020-03-12 23:59:33,135 [DEBUG   ] http://amp.pharm.mssm.edu:80 "GET /Enrichr/datasetStatistics HTTP/1.1" 200 None
LINE 166 : 2020-03-12 23:59:33,219 [INFO    ] Enrichr library gene sets already downloaded in: C:\Users\kirst\.gseapy, use local file
LINE 135 : 2020-03-13 00:00:10,347 [INFO    ] 4294 gene_sets have been filtered out when max_size=500 and min_size=15
LINE 498 : 2020-03-13 00:00:10,347 [INFO    ] 0809 gene_sets used for further statistical testing.....
LINE 499 : 2020-03-13 00:00:10,347 [INFO    ] Start to run GSEA...Might take a while..................
LINE 455 : 2020-03-13 00:00:10,359 [DEBUG   ] Start to compute enrichment scores......................
LINE 479 : 2020-03-13 00:00:10,359 [DEBUG   ] Start to compute es and esnulls........................
LINE 622 : 2020-03-13 00:09:59,264 [DEBUG   ] Start to compute pvals..................................
LINE 626 : 2020-03-13 00:09:59,314 [DEBUG   ] Start to compute nes and nesnull........................
LINE 637 : 2020-03-13 00:09:59,369 [DEBUG   ] Start to compute fdrs..................................
LINE 604 : 2020-03-13 00:09:59,515 [DEBUG   ] Statistical testing finished.............................
LINE 507 : 2020-03-13 00:09:59,564 [INFO    ] Start to generate gseapy reports, and produce figures...
LINE 519 : 2020-03-13 00:10:58,602 [INFO    ] Congratulations. GSEApy runs successfully................

LINE 2515: 2020-03-13 00:10:59,656 [DEBUG   ] update_title_pos
LINE 653 : 2020-03-13 00:10:59,718 [DEBUG   ] Assigning font /b'F1' = 'C:\\Users\\kirst\\Miniconda3\\lib\\site-packages\\matplotlib\\mpl-data\\fonts\\ttf\\DejaVuSans.ttf'
LINE 653 : 2020-03-13 00:10:59,749 [DEBUG   ] Assigning font /b'F2' = 'C:\\Users\\kirst\\Miniconda3\\lib\\site-packages\\matplotlib\\mpl-data\\fonts\\ttf\\DejaVuSans-Bold.ttf'
LINE 703 : 2020-03-13 00:10:59,906 [DEBUG   ] Embedding font C:\Users\kirst\Miniconda3\lib\site-packages\matplotlib\mpl-data\fonts\ttf\DejaVuSans-Bold.ttf.
LINE 710 : 2020-03-13 00:10:59,921 [DEBUG   ] Writing TrueType font.
LINE 703 : 2020-03-13 00:10:59,999 [DEBUG   ] Embedding font C:\Users\kirst\Miniconda3\lib\site-packages\matplotlib\mpl-data\fonts\ttf\DejaVuSans.ttf.
LINE 710 : 2020-03-13 00:10:59,999 [DEBUG   ] Writing TrueType font.
LINE 2515: 2020-03-13 00:11:00,124 [DEBUG   ] update_title_pos
LINE 2515: 2020-03-13 00:11:00,234 [DEBUG   ] update_title_pos
LINE 2515: 2020-03-13 00:11:00,312 [DEBUG   ] update_title_pos
LINE 653 : 2020-03-13 00:11:00,343 [DEBUG   ] Assigning font /b'F1' = 'C:\\Users\\kirst\\Miniconda3\\lib\\site-packages\\matplotlib\\mpl-data\\fonts\\ttf\\DejaVuSans.ttf'
LINE 653 : 2020-03-13 00:11:00,406 [DEBUG   ] Assigning font /b'F2' = 'C:\\Users\\kirst\\Miniconda3\\lib\\site-packages\\matplotlib\\mpl-data\\fonts\\ttf\\DejaVuSans-Bold.ttf'
LINE 703 : 2020-03-13 00:11:00,515 [DEBUG   ] Embedding font C:\Users\kirst\Miniconda3\lib\site-packages\matplotlib\mpl-data\fonts\ttf\DejaVuSans-Bold.ttf.
LINE 710 : 2020-03-13 00:11:00,515 [DEBUG   ] Writing TrueType font.
LINE 703 : 2020-03-13 00:11:00,562 [DEBUG   ] Embedding font C:\Users\kirst\Miniconda3\lib\site-packages\matplotlib\mpl-data\fonts\ttf\DejaVuSans.ttf.
LINE 710 : 2020-03-13 00:11:00,562 [DEBUG   ] Writing TrueType font.
LINE 2515: 2020-03-13 00:11:00,609 [DEBUG   ] update_title_pos
LINE 494 : 2020-03-13 00:11:01,119 [INFO    ] Parsing data files for GSEA.............................
LINE 225 : 2020-03-13 00:11:01,197 [DEBUG   ] Starting new HTTP connection (1): amp.pharm.mssm.edu:80
LINE 437 : 2020-03-13 00:14:01,494 [DEBUG   ] http://amp.pharm.mssm.edu:80 "GET /Enrichr/datasetStatistics HTTP/1.1" 200 None
LINE 166 : 2020-03-13 00:14:01,557 [INFO    ] Enrichr library gene sets already downloaded in: C:\Users\kirst\.gseapy, use local file
LINE 135 : 2020-03-13 00:14:05,772 [INFO    ] 5021 gene_sets have been filtered out when max_size=500 and min_size=15
LINE 498 : 2020-03-13 00:14:05,772 [INFO    ] 0082 gene_sets used for further statistical testing.....
LINE 499 : 2020-03-13 00:14:05,772 [INFO    ] Start to run GSEA...Might take a while..................
LINE 455 : 2020-03-13 00:14:05,772 [DEBUG   ] Start to compute enrichment scores......................
LINE 479 : 2020-03-13 00:14:05,772 [DEBUG   ] Start to compute es and esnulls........................
LINE 622 : 2020-03-13 00:14:28,902 [DEBUG   ] Start to compute pvals..................................
LINE 626 : 2020-03-13 00:14:28,918 [DEBUG   ] Start to compute nes and nesnull........................
LINE 637 : 2020-03-13 00:14:28,918 [DEBUG   ] Start to compute fdrs..................................
LINE 604 : 2020-03-13 00:14:28,949 [DEBUG   ] Statistical testing finished.............................
LINE 507 : 2020-03-13 00:14:28,949 [INFO    ] Start to generate gseapy reports, and produce figures...
LINE 519 : 2020-03-13 00:15:07,528 [INFO    ] Congratulations. GSEApy runs successfully................

LINE 2515: 2020-03-13 00:15:08,759 [DEBUG   ] update_title_pos
LINE 653 : 2020-03-13 00:15:08,837 [DEBUG   ] Assigning font /b'F1' = 'C:\\Users\\kirst\\Miniconda3\\lib\\site-packages\\matplotlib\\mpl-data\\fonts\\ttf\\DejaVuSans.ttf'
LINE 653 : 2020-03-13 00:15:08,869 [DEBUG   ] Assigning font /b'F2' = 'C:\\Users\\kirst\\Miniconda3\\lib\\site-packages\\matplotlib\\mpl-data\\fonts\\ttf\\DejaVuSans-Bold.ttf'
LINE 703 : 2020-03-13 00:15:08,978 [DEBUG   ] Embedding font C:\Users\kirst\Miniconda3\lib\site-packages\matplotlib\mpl-data\fonts\ttf\DejaVuSans-Bold.ttf.
LINE 710 : 2020-03-13 00:15:08,978 [DEBUG   ] Writing TrueType font.
LINE 703 : 2020-03-13 00:15:09,040 [DEBUG   ] Embedding font C:\Users\kirst\Miniconda3\lib\site-packages\matplotlib\mpl-data\fonts\ttf\DejaVuSans.ttf.
LINE 710 : 2020-03-13 00:15:09,040 [DEBUG   ] Writing TrueType font.
LINE 2515: 2020-03-13 00:15:09,119 [DEBUG   ] update_title_pos
LINE 2515: 2020-03-13 00:15:09,197 [DEBUG   ] update_title_pos
LINE 2515: 2020-03-13 00:15:09,275 [DEBUG   ] update_title_pos
LINE 653 : 2020-03-13 00:15:09,306 [DEBUG   ] Assigning font /b'F1' = 'C:\\Users\\kirst\\Miniconda3\\lib\\site-packages\\matplotlib\\mpl-data\\fonts\\ttf\\DejaVuSans.ttf'
LINE 653 : 2020-03-13 00:15:09,384 [DEBUG   ] Assigning font /b'F2' = 'C:\\Users\\kirst\\Miniconda3\\lib\\site-packages\\matplotlib\\mpl-data\\fonts\\ttf\\DejaVuSans-Bold.ttf'
LINE 703 : 2020-03-13 00:15:09,525 [DEBUG   ] Embedding font C:\Users\kirst\Miniconda3\lib\site-packages\matplotlib\mpl-data\fonts\ttf\DejaVuSans-Bold.ttf.
LINE 710 : 2020-03-13 00:15:09,525 [DEBUG   ] Writing TrueType font.
LINE 703 : 2020-03-13 00:15:09,587 [DEBUG   ] Embedding font C:\Users\kirst\Miniconda3\lib\site-packages\matplotlib\mpl-data\fonts\ttf\DejaVuSans.ttf.
LINE 710 : 2020-03-13 00:15:09,587 [DEBUG   ] Writing TrueType font.
LINE 2515: 2020-03-13 00:15:09,733 [DEBUG   ] update_title_pos
LINE 494 : 2020-03-13 00:15:09,978 [INFO    ] Parsing data files for GSEA.............................
LINE 225 : 2020-03-13 00:15:10,009 [DEBUG   ] Starting new HTTP connection (1): amp.pharm.mssm.edu:80
LINE 437 : 2020-03-13 00:15:10,213 [DEBUG   ] http://amp.pharm.mssm.edu:80 "GET /Enrichr/datasetStatistics HTTP/1.1" 200 None
LINE 166 : 2020-03-13 00:15:10,320 [INFO    ] Enrichr library gene sets already downloaded in: C:\Users\kirst\.gseapy, use local file
LINE 135 : 2020-03-13 00:15:38,037 [INFO    ] 4229 gene_sets have been filtered out when max_size=500 and min_size=15
LINE 498 : 2020-03-13 00:15:38,037 [INFO    ] 0874 gene_sets used for further statistical testing.....
LINE 499 : 2020-03-13 00:15:38,037 [INFO    ] Start to run GSEA...Might take a while..................
LINE 455 : 2020-03-13 00:15:38,053 [DEBUG   ] Start to compute enrichment scores......................
LINE 479 : 2020-03-13 00:15:38,053 [DEBUG   ] Start to compute es and esnulls........................
LINE 622 : 2020-03-13 00:23:51,383 [DEBUG   ] Start to compute pvals..................................
LINE 626 : 2020-03-13 00:23:51,418 [DEBUG   ] Start to compute nes and nesnull........................
LINE 637 : 2020-03-13 00:23:51,465 [DEBUG   ] Start to compute fdrs..................................
LINE 604 : 2020-03-13 00:23:51,606 [DEBUG   ] Statistical testing finished.............................
LINE 507 : 2020-03-13 00:23:51,652 [INFO    ] Start to generate gseapy reports, and produce figures...
LINE 519 : 2020-03-13 00:24:25,670 [INFO    ] Congratulations. GSEApy runs successfully................

LINE 2515: 2020-03-13 00:24:26,094 [DEBUG   ] update_title_pos
LINE 653 : 2020-03-13 00:24:26,141 [DEBUG   ] Assigning font /b'F1' = 'C:\\Users\\kirst\\Miniconda3\\lib\\site-packages\\matplotlib\\mpl-data\\fonts\\ttf\\DejaVuSans.ttf'
LINE 653 : 2020-03-13 00:24:26,172 [DEBUG   ] Assigning font /b'F2' = 'C:\\Users\\kirst\\Miniconda3\\lib\\site-packages\\matplotlib\\mpl-data\\fonts\\ttf\\DejaVuSans-Bold.ttf'
LINE 703 : 2020-03-13 00:24:26,342 [DEBUG   ] Embedding font C:\Users\kirst\Miniconda3\lib\site-packages\matplotlib\mpl-data\fonts\ttf\DejaVuSans-Bold.ttf.
LINE 710 : 2020-03-13 00:24:26,344 [DEBUG   ] Writing TrueType font.
LINE 703 : 2020-03-13 00:24:26,407 [DEBUG   ] Embedding font C:\Users\kirst\Miniconda3\lib\site-packages\matplotlib\mpl-data\fonts\ttf\DejaVuSans.ttf.
LINE 710 : 2020-03-13 00:24:26,407 [DEBUG   ] Writing TrueType font.
LINE 2515: 2020-03-13 00:24:26,485 [DEBUG   ] update_title_pos
LINE 2515: 2020-03-13 00:24:26,594 [DEBUG   ] update_title_pos
LINE 2515: 2020-03-13 00:24:26,672 [DEBUG   ] update_title_pos
LINE 653 : 2020-03-13 00:24:26,688 [DEBUG   ] Assigning font /b'F1' = 'C:\\Users\\kirst\\Miniconda3\\lib\\site-packages\\matplotlib\\mpl-data\\fonts\\ttf\\DejaVuSans.ttf'
LINE 653 : 2020-03-13 00:24:26,703 [DEBUG   ] Assigning font /b'F2' = 'C:\\Users\\kirst\\Miniconda3\\lib\\site-packages\\matplotlib\\mpl-data\\fonts\\ttf\\DejaVuSans-Bold.ttf'
LINE 703 : 2020-03-13 00:24:26,782 [DEBUG   ] Embedding font C:\Users\kirst\Miniconda3\lib\site-packages\matplotlib\mpl-data\fonts\ttf\DejaVuSans-Bold.ttf.
LINE 710 : 2020-03-13 00:24:26,782 [DEBUG   ] Writing TrueType font.
LINE 703 : 2020-03-13 00:24:26,813 [DEBUG   ] Embedding font C:\Users\kirst\Miniconda3\lib\site-packages\matplotlib\mpl-data\fonts\ttf\DejaVuSans.ttf.
LINE 710 : 2020-03-13 00:24:26,813 [DEBUG   ] Writing TrueType font.
LINE 2515: 2020-03-13 00:24:26,844 [DEBUG   ] update_title_pos
LINE 494 : 2020-03-13 00:24:27,051 [INFO    ] Parsing data files for GSEA.............................
LINE 225 : 2020-03-13 00:24:27,083 [DEBUG   ] Starting new HTTP connection (1): amp.pharm.mssm.edu:80
LINE 437 : 2020-03-13 00:27:27,335 [DEBUG   ] http://amp.pharm.mssm.edu:80 "GET /Enrichr/datasetStatistics HTTP/1.1" 200 None
LINE 166 : 2020-03-13 00:27:27,429 [INFO    ] Enrichr library gene sets already downloaded in: C:\Users\kirst\.gseapy, use local file
LINE 135 : 2020-03-13 00:27:36,185 [INFO    ] 4961 gene_sets have been filtered out when max_size=500 and min_size=15
LINE 498 : 2020-03-13 00:27:36,185 [INFO    ] 0142 gene_sets used for further statistical testing.....
LINE 499 : 2020-03-13 00:27:36,185 [INFO    ] Start to run GSEA...Might take a while..................
LINE 455 : 2020-03-13 00:27:36,185 [DEBUG   ] Start to compute enrichment scores......................
LINE 479 : 2020-03-13 00:27:36,185 [DEBUG   ] Start to compute es and esnulls........................
LINE 622 : 2020-03-13 00:28:19,349 [DEBUG   ] Start to compute pvals..................................
LINE 626 : 2020-03-13 00:28:19,365 [DEBUG   ] Start to compute nes and nesnull........................
LINE 637 : 2020-03-13 00:28:19,380 [DEBUG   ] Start to compute fdrs..................................
LINE 604 : 2020-03-13 00:28:19,412 [DEBUG   ] Statistical testing finished.............................
LINE 507 : 2020-03-13 00:28:19,412 [INFO    ] Start to generate gseapy reports, and produce figures...
LINE 519 : 2020-03-13 00:28:57,275 [INFO    ] Congratulations. GSEApy runs successfully................

LINE 2515: 2020-03-13 00:28:58,357 [DEBUG   ] update_title_pos
LINE 653 : 2020-03-13 00:28:58,436 [DEBUG   ] Assigning font /b'F1' = 'C:\\Users\\kirst\\Miniconda3\\lib\\site-packages\\matplotlib\\mpl-data\\fonts\\ttf\\DejaVuSans.ttf'
LINE 653 : 2020-03-13 00:28:58,451 [DEBUG   ] Assigning font /b'F2' = 'C:\\Users\\kirst\\Miniconda3\\lib\\site-packages\\matplotlib\\mpl-data\\fonts\\ttf\\DejaVuSans-Bold.ttf'
LINE 703 : 2020-03-13 00:28:58,529 [DEBUG   ] Embedding font C:\Users\kirst\Miniconda3\lib\site-packages\matplotlib\mpl-data\fonts\ttf\DejaVuSans-Bold.ttf.
LINE 710 : 2020-03-13 00:28:58,529 [DEBUG   ] Writing TrueType font.
LINE 703 : 2020-03-13 00:28:58,561 [DEBUG   ] Embedding font C:\Users\kirst\Miniconda3\lib\site-packages\matplotlib\mpl-data\fonts\ttf\DejaVuSans.ttf.
LINE 710 : 2020-03-13 00:28:58,561 [DEBUG   ] Writing TrueType font.
LINE 2515: 2020-03-13 00:28:58,607 [DEBUG   ] update_title_pos
LINE 2515: 2020-03-13 00:28:58,654 [DEBUG   ] update_title_pos
LINE 2515: 2020-03-13 00:28:58,670 [DEBUG   ] update_title_pos
LINE 653 : 2020-03-13 00:28:58,701 [DEBUG   ] Assigning font /b'F1' = 'C:\\Users\\kirst\\Miniconda3\\lib\\site-packages\\matplotlib\\mpl-data\\fonts\\ttf\\DejaVuSans.ttf'
LINE 653 : 2020-03-13 00:28:58,701 [DEBUG   ] Assigning font /b'F2' = 'C:\\Users\\kirst\\Miniconda3\\lib\\site-packages\\matplotlib\\mpl-data\\fonts\\ttf\\DejaVuSans-Bold.ttf'
LINE 703 : 2020-03-13 00:28:58,787 [DEBUG   ] Embedding font C:\Users\kirst\Miniconda3\lib\site-packages\matplotlib\mpl-data\fonts\ttf\DejaVuSans-Bold.ttf.
LINE 710 : 2020-03-13 00:28:58,787 [DEBUG   ] Writing TrueType font.
LINE 703 : 2020-03-13 00:28:58,813 [DEBUG   ] Embedding font C:\Users\kirst\Miniconda3\lib\site-packages\matplotlib\mpl-data\fonts\ttf\DejaVuSans.ttf.
LINE 710 : 2020-03-13 00:28:58,813 [DEBUG   ] Writing TrueType font.
LINE 2515: 2020-03-13 00:28:59,188 [DEBUG   ] update_title_pos
LINE 494 : 2020-03-13 00:28:59,519 [INFO    ] Parsing data files for GSEA.............................
LINE 225 : 2020-03-13 00:28:59,550 [DEBUG   ] Starting new HTTP connection (1): amp.pharm.mssm.edu:80
LINE 437 : 2020-03-13 00:28:59,769 [DEBUG   ] http://amp.pharm.mssm.edu:80 "GET /Enrichr/datasetStatistics HTTP/1.1" 200 None
LINE 166 : 2020-03-13 00:28:59,864 [INFO    ] Enrichr library gene sets already downloaded in: C:\Users\kirst\.gseapy, use local file
LINE 135 : 2020-03-13 00:29:25,988 [INFO    ] 4401 gene_sets have been filtered out when max_size=500 and min_size=15
LINE 498 : 2020-03-13 00:29:25,988 [INFO    ] 0702 gene_sets used for further statistical testing.....
LINE 499 : 2020-03-13 00:29:25,988 [INFO    ] Start to run GSEA...Might take a while..................
LINE 455 : 2020-03-13 00:29:25,988 [DEBUG   ] Start to compute enrichment scores......................
LINE 479 : 2020-03-13 00:29:25,988 [DEBUG   ] Start to compute es and esnulls........................
LINE 622 : 2020-03-13 00:35:02,707 [DEBUG   ] Start to compute pvals..................................
LINE 626 : 2020-03-13 00:35:02,760 [DEBUG   ] Start to compute nes and nesnull........................
LINE 637 : 2020-03-13 00:35:02,807 [DEBUG   ] Start to compute fdrs..................................
LINE 604 : 2020-03-13 00:35:02,908 [DEBUG   ] Statistical testing finished.............................
LINE 507 : 2020-03-13 00:35:02,961 [INFO    ] Start to generate gseapy reports, and produce figures...
LINE 519 : 2020-03-13 00:36:24,884 [INFO    ] Congratulations. GSEApy runs successfully................

LINE 2515: 2020-03-13 00:36:28,974 [DEBUG   ] update_title_pos
LINE 653 : 2020-03-13 00:36:29,067 [DEBUG   ] Assigning font /b'F1' = 'C:\\Users\\kirst\\Miniconda3\\lib\\site-packages\\matplotlib\\mpl-data\\fonts\\ttf\\DejaVuSans.ttf'
LINE 653 : 2020-03-13 00:36:29,114 [DEBUG   ] Assigning font /b'F2' = 'C:\\Users\\kirst\\Miniconda3\\lib\\site-packages\\matplotlib\\mpl-data\\fonts\\ttf\\DejaVuSans-Bold.ttf'
LINE 703 : 2020-03-13 00:36:29,380 [DEBUG   ] Embedding font C:\Users\kirst\Miniconda3\lib\site-packages\matplotlib\mpl-data\fonts\ttf\DejaVuSans-Bold.ttf.
LINE 710 : 2020-03-13 00:36:29,380 [DEBUG   ] Writing TrueType font.
LINE 703 : 2020-03-13 00:36:29,520 [DEBUG   ] Embedding font C:\Users\kirst\Miniconda3\lib\site-packages\matplotlib\mpl-data\fonts\ttf\DejaVuSans.ttf.
LINE 710 : 2020-03-13 00:36:29,520 [DEBUG   ] Writing TrueType font.
LINE 2515: 2020-03-13 00:36:29,630 [DEBUG   ] update_title_pos
LINE 2515: 2020-03-13 00:36:29,723 [DEBUG   ] update_title_pos
LINE 2515: 2020-03-13 00:36:29,833 [DEBUG   ] update_title_pos
LINE 653 : 2020-03-13 00:36:29,911 [DEBUG   ] Assigning font /b'F1' = 'C:\\Users\\kirst\\Miniconda3\\lib\\site-packages\\matplotlib\\mpl-data\\fonts\\ttf\\DejaVuSans.ttf'
LINE 653 : 2020-03-13 00:36:29,973 [DEBUG   ] Assigning font /b'F2' = 'C:\\Users\\kirst\\Miniconda3\\lib\\site-packages\\matplotlib\\mpl-data\\fonts\\ttf\\DejaVuSans-Bold.ttf'
LINE 703 : 2020-03-13 00:36:30,333 [DEBUG   ] Embedding font C:\Users\kirst\Miniconda3\lib\site-packages\matplotlib\mpl-data\fonts\ttf\DejaVuSans-Bold.ttf.
LINE 710 : 2020-03-13 00:36:30,333 [DEBUG   ] Writing TrueType font.
LINE 703 : 2020-03-13 00:36:30,426 [DEBUG   ] Embedding font C:\Users\kirst\Miniconda3\lib\site-packages\matplotlib\mpl-data\fonts\ttf\DejaVuSans.ttf.
LINE 710 : 2020-03-13 00:36:30,426 [DEBUG   ] Writing TrueType font.
LINE 2515: 2020-03-13 00:36:31,015 [DEBUG   ] update_title_pos
LINE 494 : 2020-03-13 00:36:36,571 [INFO    ] Parsing data files for GSEA.............................
LINE 225 : 2020-03-13 00:36:36,758 [DEBUG   ] Starting new HTTP connection (1): amp.pharm.mssm.edu:80
LINE 437 : 2020-03-13 00:39:37,313 [DEBUG   ] http://amp.pharm.mssm.edu:80 "GET /Enrichr/datasetStatistics HTTP/1.1" 200 None
LINE 166 : 2020-03-13 00:39:37,750 [INFO    ] Enrichr library gene sets already downloaded in: C:\Users\kirst\.gseapy, use local file
LINE 135 : 2020-03-13 00:40:05,873 [INFO    ] 4962 gene_sets have been filtered out when max_size=500 and min_size=15
LINE 498 : 2020-03-13 00:40:05,873 [INFO    ] 0141 gene_sets used for further statistical testing.....
LINE 499 : 2020-03-13 00:40:05,873 [INFO    ] Start to run GSEA...Might take a while..................
LINE 455 : 2020-03-13 00:40:05,873 [DEBUG   ] Start to compute enrichment scores......................
LINE 479 : 2020-03-13 00:40:05,873 [DEBUG   ] Start to compute es and esnulls........................
LINE 622 : 2020-03-13 00:41:58,430 [DEBUG   ] Start to compute pvals..................................
LINE 626 : 2020-03-13 00:41:58,477 [DEBUG   ] Start to compute nes and nesnull........................
LINE 637 : 2020-03-13 00:41:58,492 [DEBUG   ] Start to compute fdrs..................................
LINE 604 : 2020-03-13 00:41:58,530 [DEBUG   ] Statistical testing finished.............................
LINE 507 : 2020-03-13 00:41:58,561 [INFO    ] Start to generate gseapy reports, and produce figures...
LINE 519 : 2020-03-13 00:42:56,902 [INFO    ] Congratulations. GSEApy runs successfully................

LINE 2515: 2020-03-13 00:42:57,995 [DEBUG   ] update_title_pos
LINE 653 : 2020-03-13 00:42:58,058 [DEBUG   ] Assigning font /b'F1' = 'C:\\Users\\kirst\\Miniconda3\\lib\\site-packages\\matplotlib\\mpl-data\\fonts\\ttf\\DejaVuSans.ttf'
LINE 653 : 2020-03-13 00:42:58,089 [DEBUG   ] Assigning font /b'F2' = 'C:\\Users\\kirst\\Miniconda3\\lib\\site-packages\\matplotlib\\mpl-data\\fonts\\ttf\\DejaVuSans-Bold.ttf'
LINE 703 : 2020-03-13 00:42:58,214 [DEBUG   ] Embedding font C:\Users\kirst\Miniconda3\lib\site-packages\matplotlib\mpl-data\fonts\ttf\DejaVuSans-Bold.ttf.
LINE 710 : 2020-03-13 00:42:58,214 [DEBUG   ] Writing TrueType font.
LINE 703 : 2020-03-13 00:42:58,276 [DEBUG   ] Embedding font C:\Users\kirst\Miniconda3\lib\site-packages\matplotlib\mpl-data\fonts\ttf\DejaVuSans.ttf.
LINE 710 : 2020-03-13 00:42:58,276 [DEBUG   ] Writing TrueType font.
LINE 2515: 2020-03-13 00:42:58,354 [DEBUG   ] update_title_pos
LINE 2515: 2020-03-13 00:42:58,433 [DEBUG   ] update_title_pos
LINE 2515: 2020-03-13 00:42:58,526 [DEBUG   ] update_title_pos
LINE 653 : 2020-03-13 00:42:58,729 [DEBUG   ] Assigning font /b'F1' = 'C:\\Users\\kirst\\Miniconda3\\lib\\site-packages\\matplotlib\\mpl-data\\fonts\\ttf\\DejaVuSans.ttf'
LINE 653 : 2020-03-13 00:42:58,792 [DEBUG   ] Assigning font /b'F2' = 'C:\\Users\\kirst\\Miniconda3\\lib\\site-packages\\matplotlib\\mpl-data\\fonts\\ttf\\DejaVuSans-Bold.ttf'
LINE 703 : 2020-03-13 00:42:58,886 [DEBUG   ] Embedding font C:\Users\kirst\Miniconda3\lib\site-packages\matplotlib\mpl-data\fonts\ttf\DejaVuSans-Bold.ttf.
LINE 710 : 2020-03-13 00:42:58,886 [DEBUG   ] Writing TrueType font.
LINE 703 : 2020-03-13 00:42:58,917 [DEBUG   ] Embedding font C:\Users\kirst\Miniconda3\lib\site-packages\matplotlib\mpl-data\fonts\ttf\DejaVuSans.ttf.
LINE 710 : 2020-03-13 00:42:58,917 [DEBUG   ] Writing TrueType font.
LINE 2515: 2020-03-13 00:42:58,964 [DEBUG   ] update_title_pos
LINE 494 : 2020-03-13 00:42:59,182 [INFO    ] Parsing data files for GSEA.............................
LINE 225 : 2020-03-13 00:42:59,214 [DEBUG   ] Starting new HTTP connection (1): amp.pharm.mssm.edu:80
LINE 437 : 2020-03-13 00:42:59,432 [DEBUG   ] http://amp.pharm.mssm.edu:80 "GET /Enrichr/datasetStatistics HTTP/1.1" 200 None
LINE 166 : 2020-03-13 00:42:59,526 [INFO    ] Enrichr library gene sets already downloaded in: C:\Users\kirst\.gseapy, use local file
LINE 135 : 2020-03-13 00:43:49,748 [INFO    ] 4291 gene_sets have been filtered out when max_size=500 and min_size=15
LINE 498 : 2020-03-13 00:43:49,748 [INFO    ] 0812 gene_sets used for further statistical testing.....
LINE 499 : 2020-03-13 00:43:49,748 [INFO    ] Start to run GSEA...Might take a while..................
LINE 455 : 2020-03-13 00:43:49,795 [DEBUG   ] Start to compute enrichment scores......................
LINE 479 : 2020-03-13 00:43:49,795 [DEBUG   ] Start to compute es and esnulls........................
LINE 622 : 2020-03-13 00:53:52,151 [DEBUG   ] Start to compute pvals..................................
LINE 626 : 2020-03-13 00:53:52,189 [DEBUG   ] Start to compute nes and nesnull........................
LINE 637 : 2020-03-13 00:53:52,236 [DEBUG   ] Start to compute fdrs..................................
LINE 604 : 2020-03-13 00:53:54,713 [DEBUG   ] Statistical testing finished.............................
LINE 507 : 2020-03-13 00:53:55,779 [INFO    ] Start to generate gseapy reports, and produce figures...
LINE 519 : 2020-03-13 00:54:47,896 [INFO    ] Congratulations. GSEApy runs successfully................

LINE 2515: 2020-03-13 00:54:50,021 [DEBUG   ] update_title_pos
LINE 653 : 2020-03-13 00:54:50,068 [DEBUG   ] Assigning font /b'F1' = 'C:\\Users\\kirst\\Miniconda3\\lib\\site-packages\\matplotlib\\mpl-data\\fonts\\ttf\\DejaVuSans.ttf'
LINE 653 : 2020-03-13 00:54:50,099 [DEBUG   ] Assigning font /b'F2' = 'C:\\Users\\kirst\\Miniconda3\\lib\\site-packages\\matplotlib\\mpl-data\\fonts\\ttf\\DejaVuSans-Bold.ttf'
LINE 703 : 2020-03-13 00:54:50,177 [DEBUG   ] Embedding font C:\Users\kirst\Miniconda3\lib\site-packages\matplotlib\mpl-data\fonts\ttf\DejaVuSans-Bold.ttf.
LINE 710 : 2020-03-13 00:54:50,177 [DEBUG   ] Writing TrueType font.
LINE 703 : 2020-03-13 00:54:50,286 [DEBUG   ] Embedding font C:\Users\kirst\Miniconda3\lib\site-packages\matplotlib\mpl-data\fonts\ttf\DejaVuSans.ttf.
LINE 710 : 2020-03-13 00:54:50,286 [DEBUG   ] Writing TrueType font.
LINE 2515: 2020-03-13 00:54:50,396 [DEBUG   ] update_title_pos
LINE 2515: 2020-03-13 00:54:50,474 [DEBUG   ] update_title_pos
LINE 2515: 2020-03-13 00:54:50,521 [DEBUG   ] update_title_pos
LINE 653 : 2020-03-13 00:54:50,552 [DEBUG   ] Assigning font /b'F1' = 'C:\\Users\\kirst\\Miniconda3\\lib\\site-packages\\matplotlib\\mpl-data\\fonts\\ttf\\DejaVuSans.ttf'
LINE 653 : 2020-03-13 00:54:50,614 [DEBUG   ] Assigning font /b'F2' = 'C:\\Users\\kirst\\Miniconda3\\lib\\site-packages\\matplotlib\\mpl-data\\fonts\\ttf\\DejaVuSans-Bold.ttf'
LINE 703 : 2020-03-13 00:54:50,708 [DEBUG   ] Embedding font C:\Users\kirst\Miniconda3\lib\site-packages\matplotlib\mpl-data\fonts\ttf\DejaVuSans-Bold.ttf.
LINE 710 : 2020-03-13 00:54:50,708 [DEBUG   ] Writing TrueType font.
LINE 703 : 2020-03-13 00:54:50,739 [DEBUG   ] Embedding font C:\Users\kirst\Miniconda3\lib\site-packages\matplotlib\mpl-data\fonts\ttf\DejaVuSans.ttf.
LINE 710 : 2020-03-13 00:54:50,739 [DEBUG   ] Writing TrueType font.
LINE 2515: 2020-03-13 00:54:50,786 [DEBUG   ] update_title_pos
LINE 494 : 2020-03-13 00:54:51,130 [INFO    ] Parsing data files for GSEA.............................
LINE 225 : 2020-03-13 00:54:51,192 [DEBUG   ] Starting new HTTP connection (1): amp.pharm.mssm.edu:80
LINE 437 : 2020-03-13 00:57:51,238 [DEBUG   ] http://amp.pharm.mssm.edu:80 "GET /Enrichr/datasetStatistics HTTP/1.1" 200 None
LINE 166 : 2020-03-13 00:57:51,348 [INFO    ] Enrichr library gene sets already downloaded in: C:\Users\kirst\.gseapy, use local file
LINE 135 : 2020-03-13 00:57:55,927 [INFO    ] 5023 gene_sets have been filtered out when max_size=500 and min_size=15
LINE 498 : 2020-03-13 00:57:55,927 [INFO    ] 0080 gene_sets used for further statistical testing.....
LINE 499 : 2020-03-13 00:57:55,927 [INFO    ] Start to run GSEA...Might take a while..................
LINE 455 : 2020-03-13 00:57:55,927 [DEBUG   ] Start to compute enrichment scores......................
LINE 479 : 2020-03-13 00:57:55,927 [DEBUG   ] Start to compute es and esnulls........................
LINE 622 : 2020-03-13 00:58:14,420 [DEBUG   ] Start to compute pvals..................................
LINE 626 : 2020-03-13 00:58:14,436 [DEBUG   ] Start to compute nes and nesnull........................
LINE 637 : 2020-03-13 00:58:14,436 [DEBUG   ] Start to compute fdrs..................................
LINE 604 : 2020-03-13 00:58:14,452 [DEBUG   ] Statistical testing finished.............................
LINE 507 : 2020-03-13 00:58:14,452 [INFO    ] Start to generate gseapy reports, and produce figures...
LINE 519 : 2020-03-13 00:58:35,472 [INFO    ] Congratulations. GSEApy runs successfully................

LINE 2515: 2020-03-13 00:58:36,425 [DEBUG   ] update_title_pos
LINE 653 : 2020-03-13 00:58:36,472 [DEBUG   ] Assigning font /b'F1' = 'C:\\Users\\kirst\\Miniconda3\\lib\\site-packages\\matplotlib\\mpl-data\\fonts\\ttf\\DejaVuSans.ttf'
LINE 653 : 2020-03-13 00:58:36,487 [DEBUG   ] Assigning font /b'F2' = 'C:\\Users\\kirst\\Miniconda3\\lib\\site-packages\\matplotlib\\mpl-data\\fonts\\ttf\\DejaVuSans-Bold.ttf'
LINE 703 : 2020-03-13 00:58:36,534 [DEBUG   ] Embedding font C:\Users\kirst\Miniconda3\lib\site-packages\matplotlib\mpl-data\fonts\ttf\DejaVuSans-Bold.ttf.
LINE 710 : 2020-03-13 00:58:36,534 [DEBUG   ] Writing TrueType font.
LINE 703 : 2020-03-13 00:58:36,581 [DEBUG   ] Embedding font C:\Users\kirst\Miniconda3\lib\site-packages\matplotlib\mpl-data\fonts\ttf\DejaVuSans.ttf.
LINE 710 : 2020-03-13 00:58:36,581 [DEBUG   ] Writing TrueType font.
LINE 2515: 2020-03-13 00:58:36,612 [DEBUG   ] update_title_pos
LINE 2515: 2020-03-13 00:58:36,644 [DEBUG   ] update_title_pos
LINE 2515: 2020-03-13 00:58:36,659 [DEBUG   ] update_title_pos
LINE 653 : 2020-03-13 00:58:36,675 [DEBUG   ] Assigning font /b'F1' = 'C:\\Users\\kirst\\Miniconda3\\lib\\site-packages\\matplotlib\\mpl-data\\fonts\\ttf\\DejaVuSans.ttf'
LINE 653 : 2020-03-13 00:58:36,675 [DEBUG   ] Assigning font /b'F2' = 'C:\\Users\\kirst\\Miniconda3\\lib\\site-packages\\matplotlib\\mpl-data\\fonts\\ttf\\DejaVuSans-Bold.ttf'
LINE 703 : 2020-03-13 00:58:36,722 [DEBUG   ] Embedding font C:\Users\kirst\Miniconda3\lib\site-packages\matplotlib\mpl-data\fonts\ttf\DejaVuSans-Bold.ttf.
LINE 710 : 2020-03-13 00:58:36,722 [DEBUG   ] Writing TrueType font.
LINE 703 : 2020-03-13 00:58:36,737 [DEBUG   ] Embedding font C:\Users\kirst\Miniconda3\lib\site-packages\matplotlib\mpl-data\fonts\ttf\DejaVuSans.ttf.
LINE 710 : 2020-03-13 00:58:36,737 [DEBUG   ] Writing TrueType font.
LINE 2515: 2020-03-13 00:58:36,769 [DEBUG   ] update_title_pos
LINE 494 : 2020-03-13 00:58:36,972 [INFO    ] Parsing data files for GSEA.............................
LINE 225 : 2020-03-13 00:58:36,987 [DEBUG   ] Starting new HTTP connection (1): amp.pharm.mssm.edu:80
LINE 437 : 2020-03-13 00:58:37,190 [DEBUG   ] http://amp.pharm.mssm.edu:80 "GET /Enrichr/datasetStatistics HTTP/1.1" 200 None
LINE 166 : 2020-03-13 00:58:37,284 [INFO    ] Enrichr library gene sets already downloaded in: C:\Users\kirst\.gseapy, use local file
LINE 135 : 2020-03-13 00:58:55,709 [INFO    ] 4481 gene_sets have been filtered out when max_size=500 and min_size=15
LINE 498 : 2020-03-13 00:58:55,709 [INFO    ] 0622 gene_sets used for further statistical testing.....
LINE 499 : 2020-03-13 00:58:55,709 [INFO    ] Start to run GSEA...Might take a while..................
LINE 455 : 2020-03-13 00:58:55,709 [DEBUG   ] Start to compute enrichment scores......................
LINE 479 : 2020-03-13 00:58:55,709 [DEBUG   ] Start to compute es and esnulls........................
LINE 622 : 2020-03-13 01:02:40,539 [DEBUG   ] Start to compute pvals..................................
LINE 626 : 2020-03-13 01:02:40,601 [DEBUG   ] Start to compute nes and nesnull........................
LINE 637 : 2020-03-13 01:02:40,632 [DEBUG   ] Start to compute fdrs..................................
LINE 604 : 2020-03-13 01:02:40,711 [DEBUG   ] Statistical testing finished.............................
LINE 507 : 2020-03-13 01:02:40,742 [INFO    ] Start to generate gseapy reports, and produce figures...
LINE 519 : 2020-03-13 01:03:14,126 [INFO    ] Congratulations. GSEApy runs successfully................

LINE 2515: 2020-03-13 01:03:15,175 [DEBUG   ] update_title_pos
LINE 653 : 2020-03-13 01:03:15,206 [DEBUG   ] Assigning font /b'F1' = 'C:\\Users\\kirst\\Miniconda3\\lib\\site-packages\\matplotlib\\mpl-data\\fonts\\ttf\\DejaVuSans.ttf'
LINE 653 : 2020-03-13 01:03:15,237 [DEBUG   ] Assigning font /b'F2' = 'C:\\Users\\kirst\\Miniconda3\\lib\\site-packages\\matplotlib\\mpl-data\\fonts\\ttf\\DejaVuSans-Bold.ttf'
LINE 703 : 2020-03-13 01:03:15,300 [DEBUG   ] Embedding font C:\Users\kirst\Miniconda3\lib\site-packages\matplotlib\mpl-data\fonts\ttf\DejaVuSans-Bold.ttf.
LINE 710 : 2020-03-13 01:03:15,300 [DEBUG   ] Writing TrueType font.
LINE 703 : 2020-03-13 01:03:15,346 [DEBUG   ] Embedding font C:\Users\kirst\Miniconda3\lib\site-packages\matplotlib\mpl-data\fonts\ttf\DejaVuSans.ttf.
LINE 710 : 2020-03-13 01:03:15,346 [DEBUG   ] Writing TrueType font.
LINE 2515: 2020-03-13 01:03:15,378 [DEBUG   ] update_title_pos
LINE 2515: 2020-03-13 01:03:15,424 [DEBUG   ] update_title_pos
LINE 2515: 2020-03-13 01:03:15,440 [DEBUG   ] update_title_pos
LINE 653 : 2020-03-13 01:03:15,471 [DEBUG   ] Assigning font /b'F1' = 'C:\\Users\\kirst\\Miniconda3\\lib\\site-packages\\matplotlib\\mpl-data\\fonts\\ttf\\DejaVuSans.ttf'
LINE 653 : 2020-03-13 01:03:15,471 [DEBUG   ] Assigning font /b'F2' = 'C:\\Users\\kirst\\Miniconda3\\lib\\site-packages\\matplotlib\\mpl-data\\fonts\\ttf\\DejaVuSans-Bold.ttf'
LINE 703 : 2020-03-13 01:03:15,549 [DEBUG   ] Embedding font C:\Users\kirst\Miniconda3\lib\site-packages\matplotlib\mpl-data\fonts\ttf\DejaVuSans-Bold.ttf.
LINE 710 : 2020-03-13 01:03:15,549 [DEBUG   ] Writing TrueType font.
LINE 703 : 2020-03-13 01:03:15,581 [DEBUG   ] Embedding font C:\Users\kirst\Miniconda3\lib\site-packages\matplotlib\mpl-data\fonts\ttf\DejaVuSans.ttf.
LINE 710 : 2020-03-13 01:03:15,581 [DEBUG   ] Writing TrueType font.
LINE 2515: 2020-03-13 01:03:15,612 [DEBUG   ] update_title_pos
LINE 494 : 2020-03-13 01:03:15,862 [INFO    ] Parsing data files for GSEA.............................
LINE 225 : 2020-03-13 01:03:15,909 [DEBUG   ] Starting new HTTP connection (1): amp.pharm.mssm.edu:80
LINE 437 : 2020-03-13 01:03:16,050 [DEBUG   ] http://amp.pharm.mssm.edu:80 "GET /Enrichr/datasetStatistics HTTP/1.1" 200 None
LINE 166 : 2020-03-13 01:03:16,143 [INFO    ] Enrichr library gene sets already downloaded in: C:\Users\kirst\.gseapy, use local file
LINE 135 : 2020-03-13 01:03:26,972 [INFO    ] 5007 gene_sets have been filtered out when max_size=500 and min_size=15
LINE 498 : 2020-03-13 01:03:26,972 [INFO    ] 0096 gene_sets used for further statistical testing.....
LINE 499 : 2020-03-13 01:03:26,972 [INFO    ] Start to run GSEA...Might take a while..................
LINE 455 : 2020-03-13 01:03:26,972 [DEBUG   ] Start to compute enrichment scores......................
LINE 479 : 2020-03-13 01:03:26,972 [DEBUG   ] Start to compute es and esnulls........................
LINE 622 : 2020-03-13 01:03:49,749 [DEBUG   ] Start to compute pvals..................................
LINE 626 : 2020-03-13 01:03:49,749 [DEBUG   ] Start to compute nes and nesnull........................
LINE 637 : 2020-03-13 01:03:49,749 [DEBUG   ] Start to compute fdrs..................................
LINE 604 : 2020-03-13 01:03:49,765 [DEBUG   ] Statistical testing finished.............................
LINE 507 : 2020-03-13 01:03:49,765 [INFO    ] Start to generate gseapy reports, and produce figures...
LINE 519 : 2020-03-13 01:04:19,785 [INFO    ] Congratulations. GSEApy runs successfully................

LINE 2515: 2020-03-13 01:04:21,468 [DEBUG   ] update_title_pos
LINE 653 : 2020-03-13 01:04:21,500 [DEBUG   ] Assigning font /b'F1' = 'C:\\Users\\kirst\\Miniconda3\\lib\\site-packages\\matplotlib\\mpl-data\\fonts\\ttf\\DejaVuSans.ttf'
LINE 653 : 2020-03-13 01:04:21,531 [DEBUG   ] Assigning font /b'F2' = 'C:\\Users\\kirst\\Miniconda3\\lib\\site-packages\\matplotlib\\mpl-data\\fonts\\ttf\\DejaVuSans-Bold.ttf'
LINE 703 : 2020-03-13 01:04:21,609 [DEBUG   ] Embedding font C:\Users\kirst\Miniconda3\lib\site-packages\matplotlib\mpl-data\fonts\ttf\DejaVuSans-Bold.ttf.
LINE 710 : 2020-03-13 01:04:21,609 [DEBUG   ] Writing TrueType font.
LINE 703 : 2020-03-13 01:04:21,640 [DEBUG   ] Embedding font C:\Users\kirst\Miniconda3\lib\site-packages\matplotlib\mpl-data\fonts\ttf\DejaVuSans.ttf.
LINE 710 : 2020-03-13 01:04:21,640 [DEBUG   ] Writing TrueType font.
LINE 2515: 2020-03-13 01:04:21,671 [DEBUG   ] update_title_pos
LINE 2515: 2020-03-13 01:04:21,718 [DEBUG   ] update_title_pos
LINE 2515: 2020-03-13 01:04:21,749 [DEBUG   ] update_title_pos
LINE 653 : 2020-03-13 01:04:21,765 [DEBUG   ] Assigning font /b'F1' = 'C:\\Users\\kirst\\Miniconda3\\lib\\site-packages\\matplotlib\\mpl-data\\fonts\\ttf\\DejaVuSans.ttf'
LINE 653 : 2020-03-13 01:04:21,781 [DEBUG   ] Assigning font /b'F2' = 'C:\\Users\\kirst\\Miniconda3\\lib\\site-packages\\matplotlib\\mpl-data\\fonts\\ttf\\DejaVuSans-Bold.ttf'
LINE 703 : 2020-03-13 01:04:21,890 [DEBUG   ] Embedding font C:\Users\kirst\Miniconda3\lib\site-packages\matplotlib\mpl-data\fonts\ttf\DejaVuSans-Bold.ttf.
LINE 710 : 2020-03-13 01:04:21,890 [DEBUG   ] Writing TrueType font.
LINE 703 : 2020-03-13 01:04:21,968 [DEBUG   ] Embedding font C:\Users\kirst\Miniconda3\lib\site-packages\matplotlib\mpl-data\fonts\ttf\DejaVuSans.ttf.
LINE 710 : 2020-03-13 01:04:21,984 [DEBUG   ] Writing TrueType font.
LINE 2515: 2020-03-13 01:04:22,062 [DEBUG   ] update_title_pos
LINE 494 : 2020-03-13 01:04:22,327 [INFO    ] Parsing data files for GSEA.............................
LINE 225 : 2020-03-13 01:04:22,359 [DEBUG   ] Starting new HTTP connection (1): amp.pharm.mssm.edu:80
LINE 437 : 2020-03-13 01:04:22,484 [DEBUG   ] http://amp.pharm.mssm.edu:80 "GET /Enrichr/datasetStatistics HTTP/1.1" 200 None
LINE 166 : 2020-03-13 01:04:22,562 [INFO    ] Enrichr library gene sets already downloaded in: C:\Users\kirst\.gseapy, use local file
LINE 135 : 2020-03-13 01:04:37,163 [INFO    ] 4781 gene_sets have been filtered out when max_size=500 and min_size=15
LINE 498 : 2020-03-13 01:04:37,163 [INFO    ] 0322 gene_sets used for further statistical testing.....
LINE 499 : 2020-03-13 01:04:37,163 [INFO    ] Start to run GSEA...Might take a while..................
LINE 455 : 2020-03-13 01:04:37,163 [DEBUG   ] Start to compute enrichment scores......................
LINE 479 : 2020-03-13 01:04:37,163 [DEBUG   ] Start to compute es and esnulls........................
LINE 622 : 2020-03-13 01:05:50,171 [DEBUG   ] Start to compute pvals..................................
LINE 626 : 2020-03-13 01:05:50,178 [DEBUG   ] Start to compute nes and nesnull........................
LINE 637 : 2020-03-13 01:05:50,197 [DEBUG   ] Start to compute fdrs..................................
LINE 604 : 2020-03-13 01:05:50,247 [DEBUG   ] Statistical testing finished.............................
LINE 507 : 2020-03-13 01:05:50,250 [INFO    ] Start to generate gseapy reports, and produce figures...
LINE 519 : 2020-03-13 01:06:22,913 [INFO    ] Congratulations. GSEApy runs successfully................

LINE 2515: 2020-03-13 01:06:23,147 [DEBUG   ] update_title_pos
LINE 653 : 2020-03-13 01:06:23,178 [DEBUG   ] Assigning font /b'F1' = 'C:\\Users\\kirst\\Miniconda3\\lib\\site-packages\\matplotlib\\mpl-data\\fonts\\ttf\\DejaVuSans.ttf'
LINE 653 : 2020-03-13 01:06:23,209 [DEBUG   ] Assigning font /b'F2' = 'C:\\Users\\kirst\\Miniconda3\\lib\\site-packages\\matplotlib\\mpl-data\\fonts\\ttf\\DejaVuSans-Bold.ttf'
LINE 703 : 2020-03-13 01:06:23,272 [DEBUG   ] Embedding font C:\Users\kirst\Miniconda3\lib\site-packages\matplotlib\mpl-data\fonts\ttf\DejaVuSans-Bold.ttf.
LINE 710 : 2020-03-13 01:06:23,272 [DEBUG   ] Writing TrueType font.
LINE 703 : 2020-03-13 01:06:23,366 [DEBUG   ] Embedding font C:\Users\kirst\Miniconda3\lib\site-packages\matplotlib\mpl-data\fonts\ttf\DejaVuSans.ttf.
LINE 710 : 2020-03-13 01:06:23,366 [DEBUG   ] Writing TrueType font.
LINE 2515: 2020-03-13 01:06:23,381 [DEBUG   ] update_title_pos
LINE 2515: 2020-03-13 01:06:23,428 [DEBUG   ] update_title_pos
LINE 2515: 2020-03-13 01:06:23,459 [DEBUG   ] update_title_pos
LINE 653 : 2020-03-13 01:06:23,475 [DEBUG   ] Assigning font /b'F1' = 'C:\\Users\\kirst\\Miniconda3\\lib\\site-packages\\matplotlib\\mpl-data\\fonts\\ttf\\DejaVuSans.ttf'
LINE 653 : 2020-03-13 01:06:23,585 [DEBUG   ] Assigning font /b'F2' = 'C:\\Users\\kirst\\Miniconda3\\lib\\site-packages\\matplotlib\\mpl-data\\fonts\\ttf\\DejaVuSans-Bold.ttf'
LINE 703 : 2020-03-13 01:06:23,647 [DEBUG   ] Embedding font C:\Users\kirst\Miniconda3\lib\site-packages\matplotlib\mpl-data\fonts\ttf\DejaVuSans-Bold.ttf.
LINE 710 : 2020-03-13 01:06:23,647 [DEBUG   ] Writing TrueType font.
LINE 703 : 2020-03-13 01:06:23,663 [DEBUG   ] Embedding font C:\Users\kirst\Miniconda3\lib\site-packages\matplotlib\mpl-data\fonts\ttf\DejaVuSans.ttf.
LINE 710 : 2020-03-13 01:06:23,663 [DEBUG   ] Writing TrueType font.
LINE 2515: 2020-03-13 01:06:24,397 [DEBUG   ] update_title_pos
LINE 494 : 2020-03-13 01:06:25,131 [INFO    ] Parsing data files for GSEA.............................
LINE 225 : 2020-03-13 01:06:25,131 [DEBUG   ] Starting new HTTP connection (1): amp.pharm.mssm.edu:80
LINE 437 : 2020-03-13 01:06:25,256 [DEBUG   ] http://amp.pharm.mssm.edu:80 "GET /Enrichr/datasetStatistics HTTP/1.1" 200 None
LINE 166 : 2020-03-13 01:06:25,350 [INFO    ] Enrichr library gene sets already downloaded in: C:\Users\kirst\.gseapy, use local file
LINE 135 : 2020-03-13 01:06:33,023 [INFO    ] 5032 gene_sets have been filtered out when max_size=500 and min_size=15
LINE 498 : 2020-03-13 01:06:33,023 [INFO    ] 0071 gene_sets used for further statistical testing.....
LINE 499 : 2020-03-13 01:06:33,023 [INFO    ] Start to run GSEA...Might take a while..................
LINE 455 : 2020-03-13 01:06:33,023 [DEBUG   ] Start to compute enrichment scores......................
LINE 479 : 2020-03-13 01:06:33,023 [DEBUG   ] Start to compute es and esnulls........................
LINE 622 : 2020-03-13 01:06:52,037 [DEBUG   ] Start to compute pvals..................................
LINE 626 : 2020-03-13 01:06:52,037 [DEBUG   ] Start to compute nes and nesnull........................
LINE 637 : 2020-03-13 01:06:52,053 [DEBUG   ] Start to compute fdrs..................................
LINE 604 : 2020-03-13 01:06:52,068 [DEBUG   ] Statistical testing finished.............................
LINE 507 : 2020-03-13 01:06:52,068 [INFO    ] Start to generate gseapy reports, and produce figures...
LINE 519 : 2020-03-13 01:07:15,028 [INFO    ] Congratulations. GSEApy runs successfully................

LINE 2515: 2020-03-13 01:07:15,467 [DEBUG   ] update_title_pos
LINE 653 : 2020-03-13 01:07:15,545 [DEBUG   ] Assigning font /b'F1' = 'C:\\Users\\kirst\\Miniconda3\\lib\\site-packages\\matplotlib\\mpl-data\\fonts\\ttf\\DejaVuSans.ttf'
LINE 653 : 2020-03-13 01:07:15,579 [DEBUG   ] Assigning font /b'F2' = 'C:\\Users\\kirst\\Miniconda3\\lib\\site-packages\\matplotlib\\mpl-data\\fonts\\ttf\\DejaVuSans-Bold.ttf'
LINE 703 : 2020-03-13 01:07:15,720 [DEBUG   ] Embedding font C:\Users\kirst\Miniconda3\lib\site-packages\matplotlib\mpl-data\fonts\ttf\DejaVuSans-Bold.ttf.
LINE 710 : 2020-03-13 01:07:15,720 [DEBUG   ] Writing TrueType font.
LINE 703 : 2020-03-13 01:07:15,801 [DEBUG   ] Embedding font C:\Users\kirst\Miniconda3\lib\site-packages\matplotlib\mpl-data\fonts\ttf\DejaVuSans.ttf.
LINE 710 : 2020-03-13 01:07:15,801 [DEBUG   ] Writing TrueType font.
LINE 2515: 2020-03-13 01:07:15,861 [DEBUG   ] update_title_pos
LINE 2515: 2020-03-13 01:07:15,922 [DEBUG   ] update_title_pos
LINE 2515: 2020-03-13 01:07:15,960 [DEBUG   ] update_title_pos
LINE 653 : 2020-03-13 01:07:15,983 [DEBUG   ] Assigning font /b'F1' = 'C:\\Users\\kirst\\Miniconda3\\lib\\site-packages\\matplotlib\\mpl-data\\fonts\\ttf\\DejaVuSans.ttf'
LINE 653 : 2020-03-13 01:07:15,993 [DEBUG   ] Assigning font /b'F2' = 'C:\\Users\\kirst\\Miniconda3\\lib\\site-packages\\matplotlib\\mpl-data\\fonts\\ttf\\DejaVuSans-Bold.ttf'
LINE 703 : 2020-03-13 01:07:16,084 [DEBUG   ] Embedding font C:\Users\kirst\Miniconda3\lib\site-packages\matplotlib\mpl-data\fonts\ttf\DejaVuSans-Bold.ttf.
LINE 710 : 2020-03-13 01:07:16,084 [DEBUG   ] Writing TrueType font.
LINE 703 : 2020-03-13 01:07:16,104 [DEBUG   ] Embedding font C:\Users\kirst\Miniconda3\lib\site-packages\matplotlib\mpl-data\fonts\ttf\DejaVuSans.ttf.
LINE 710 : 2020-03-13 01:07:16,104 [DEBUG   ] Writing TrueType font.
LINE 2515: 2020-03-13 01:07:16,137 [DEBUG   ] update_title_pos
LINE 494 : 2020-03-13 01:07:16,322 [INFO    ] Parsing data files for GSEA.............................
LINE 225 : 2020-03-13 01:07:16,369 [DEBUG   ] Starting new HTTP connection (1): amp.pharm.mssm.edu:80
LINE 437 : 2020-03-13 01:07:16,501 [DEBUG   ] http://amp.pharm.mssm.edu:80 "GET /Enrichr/datasetStatistics HTTP/1.1" 200 None
LINE 166 : 2020-03-13 01:07:16,585 [INFO    ] Enrichr library gene sets already downloaded in: C:\Users\kirst\.gseapy, use local file
LINE 135 : 2020-03-13 01:07:31,048 [INFO    ] 4969 gene_sets have been filtered out when max_size=500 and min_size=15
LINE 498 : 2020-03-13 01:07:31,048 [INFO    ] 0134 gene_sets used for further statistical testing.....
LINE 499 : 2020-03-13 01:07:31,048 [INFO    ] Start to run GSEA...Might take a while..................
LINE 455 : 2020-03-13 01:07:31,048 [DEBUG   ] Start to compute enrichment scores......................
LINE 479 : 2020-03-13 01:07:31,048 [DEBUG   ] Start to compute es and esnulls........................
LINE 622 : 2020-03-13 01:08:04,246 [DEBUG   ] Start to compute pvals..................................
LINE 626 : 2020-03-13 01:08:04,262 [DEBUG   ] Start to compute nes and nesnull........................
LINE 637 : 2020-03-13 01:08:04,277 [DEBUG   ] Start to compute fdrs..................................
LINE 604 : 2020-03-13 01:08:04,293 [DEBUG   ] Statistical testing finished.............................
LINE 507 : 2020-03-13 01:08:04,293 [INFO    ] Start to generate gseapy reports, and produce figures...
LINE 519 : 2020-03-13 01:08:27,818 [INFO    ] Congratulations. GSEApy runs successfully................

LINE 2515: 2020-03-13 01:08:28,177 [DEBUG   ] update_title_pos
LINE 653 : 2020-03-13 01:08:28,224 [DEBUG   ] Assigning font /b'F1' = 'C:\\Users\\kirst\\Miniconda3\\lib\\site-packages\\matplotlib\\mpl-data\\fonts\\ttf\\DejaVuSans.ttf'
LINE 653 : 2020-03-13 01:08:28,224 [DEBUG   ] Assigning font /b'F2' = 'C:\\Users\\kirst\\Miniconda3\\lib\\site-packages\\matplotlib\\mpl-data\\fonts\\ttf\\DejaVuSans-Bold.ttf'
LINE 703 : 2020-03-13 01:08:28,286 [DEBUG   ] Embedding font C:\Users\kirst\Miniconda3\lib\site-packages\matplotlib\mpl-data\fonts\ttf\DejaVuSans-Bold.ttf.
LINE 710 : 2020-03-13 01:08:28,286 [DEBUG   ] Writing TrueType font.
LINE 703 : 2020-03-13 01:08:28,318 [DEBUG   ] Embedding font C:\Users\kirst\Miniconda3\lib\site-packages\matplotlib\mpl-data\fonts\ttf\DejaVuSans.ttf.
LINE 710 : 2020-03-13 01:08:28,318 [DEBUG   ] Writing TrueType font.
LINE 2515: 2020-03-13 01:08:28,365 [DEBUG   ] update_title_pos
LINE 2515: 2020-03-13 01:08:28,396 [DEBUG   ] update_title_pos
LINE 2515: 2020-03-13 01:08:28,411 [DEBUG   ] update_title_pos
LINE 653 : 2020-03-13 01:08:28,427 [DEBUG   ] Assigning font /b'F1' = 'C:\\Users\\kirst\\Miniconda3\\lib\\site-packages\\matplotlib\\mpl-data\\fonts\\ttf\\DejaVuSans.ttf'
LINE 653 : 2020-03-13 01:08:28,443 [DEBUG   ] Assigning font /b'F2' = 'C:\\Users\\kirst\\Miniconda3\\lib\\site-packages\\matplotlib\\mpl-data\\fonts\\ttf\\DejaVuSans-Bold.ttf'
LINE 703 : 2020-03-13 01:08:28,490 [DEBUG   ] Embedding font C:\Users\kirst\Miniconda3\lib\site-packages\matplotlib\mpl-data\fonts\ttf\DejaVuSans-Bold.ttf.
LINE 710 : 2020-03-13 01:08:28,490 [DEBUG   ] Writing TrueType font.
LINE 703 : 2020-03-13 01:08:28,505 [DEBUG   ] Embedding font C:\Users\kirst\Miniconda3\lib\site-packages\matplotlib\mpl-data\fonts\ttf\DejaVuSans.ttf.
LINE 710 : 2020-03-13 01:08:28,505 [DEBUG   ] Writing TrueType font.
LINE 2515: 2020-03-13 01:08:28,536 [DEBUG   ] update_title_pos
LINE 494 : 2020-03-13 01:08:28,786 [INFO    ] Parsing data files for GSEA.............................
LINE 225 : 2020-03-13 01:08:28,818 [DEBUG   ] Starting new HTTP connection (1): amp.pharm.mssm.edu:80
LINE 437 : 2020-03-13 01:08:28,943 [DEBUG   ] http://amp.pharm.mssm.edu:80 "GET /Enrichr/datasetStatistics HTTP/1.1" 200 None
LINE 166 : 2020-03-13 01:08:29,036 [INFO    ] Enrichr library gene sets already downloaded in: C:\Users\kirst\.gseapy, use local file
LINE 135 : 2020-03-13 01:08:34,566 [INFO    ] 5039 gene_sets have been filtered out when max_size=500 and min_size=15
LINE 498 : 2020-03-13 01:08:34,566 [INFO    ] 0064 gene_sets used for further statistical testing.....
LINE 499 : 2020-03-13 01:08:34,566 [INFO    ] Start to run GSEA...Might take a while..................
LINE 455 : 2020-03-13 01:08:34,566 [DEBUG   ] Start to compute enrichment scores......................
LINE 479 : 2020-03-13 01:08:34,566 [DEBUG   ] Start to compute es and esnulls........................
LINE 622 : 2020-03-13 01:08:51,526 [DEBUG   ] Start to compute pvals..................................
LINE 626 : 2020-03-13 01:08:51,526 [DEBUG   ] Start to compute nes and nesnull........................
LINE 637 : 2020-03-13 01:08:51,526 [DEBUG   ] Start to compute fdrs..................................
LINE 604 : 2020-03-13 01:08:51,526 [DEBUG   ] Statistical testing finished.............................
LINE 507 : 2020-03-13 01:08:51,526 [INFO    ] Start to generate gseapy reports, and produce figures...
LINE 519 : 2020-03-13 01:09:26,001 [INFO    ] Congratulations. GSEApy runs successfully................

LINE 2515: 2020-03-13 01:09:26,270 [DEBUG   ] update_title_pos
LINE 653 : 2020-03-13 01:09:26,348 [DEBUG   ] Assigning font /b'F1' = 'C:\\Users\\kirst\\Miniconda3\\lib\\site-packages\\matplotlib\\mpl-data\\fonts\\ttf\\DejaVuSans.ttf'
LINE 653 : 2020-03-13 01:09:26,380 [DEBUG   ] Assigning font /b'F2' = 'C:\\Users\\kirst\\Miniconda3\\lib\\site-packages\\matplotlib\\mpl-data\\fonts\\ttf\\DejaVuSans-Bold.ttf'
LINE 703 : 2020-03-13 01:09:26,505 [DEBUG   ] Embedding font C:\Users\kirst\Miniconda3\lib\site-packages\matplotlib\mpl-data\fonts\ttf\DejaVuSans-Bold.ttf.
LINE 710 : 2020-03-13 01:09:26,505 [DEBUG   ] Writing TrueType font.
LINE 703 : 2020-03-13 01:09:26,567 [DEBUG   ] Embedding font C:\Users\kirst\Miniconda3\lib\site-packages\matplotlib\mpl-data\fonts\ttf\DejaVuSans.ttf.
LINE 710 : 2020-03-13 01:09:26,567 [DEBUG   ] Writing TrueType font.
LINE 2515: 2020-03-13 01:09:26,614 [DEBUG   ] update_title_pos
LINE 2515: 2020-03-13 01:09:26,723 [DEBUG   ] update_title_pos
LINE 2515: 2020-03-13 01:09:26,801 [DEBUG   ] update_title_pos
LINE 653 : 2020-03-13 01:09:26,848 [DEBUG   ] Assigning font /b'F1' = 'C:\\Users\\kirst\\Miniconda3\\lib\\site-packages\\matplotlib\\mpl-data\\fonts\\ttf\\DejaVuSans.ttf'
LINE 653 : 2020-03-13 01:09:26,864 [DEBUG   ] Assigning font /b'F2' = 'C:\\Users\\kirst\\Miniconda3\\lib\\site-packages\\matplotlib\\mpl-data\\fonts\\ttf\\DejaVuSans-Bold.ttf'
LINE 703 : 2020-03-13 01:09:26,958 [DEBUG   ] Embedding font C:\Users\kirst\Miniconda3\lib\site-packages\matplotlib\mpl-data\fonts\ttf\DejaVuSans-Bold.ttf.
LINE 710 : 2020-03-13 01:09:26,958 [DEBUG   ] Writing TrueType font.
LINE 703 : 2020-03-13 01:09:26,989 [DEBUG   ] Embedding font C:\Users\kirst\Miniconda3\lib\site-packages\matplotlib\mpl-data\fonts\ttf\DejaVuSans.ttf.
LINE 710 : 2020-03-13 01:09:26,989 [DEBUG   ] Writing TrueType font.
LINE 2515: 2020-03-13 01:09:27,051 [DEBUG   ] update_title_pos
LINE 494 : 2020-03-13 01:09:27,358 [INFO    ] Parsing data files for GSEA.............................
LINE 225 : 2020-03-13 01:09:27,358 [DEBUG   ] Starting new HTTP connection (1): amp.pharm.mssm.edu:80
LINE 437 : 2020-03-13 01:09:27,467 [DEBUG   ] http://amp.pharm.mssm.edu:80 "GET /Enrichr/datasetStatistics HTTP/1.1" 200 None
LINE 166 : 2020-03-13 01:09:27,561 [INFO    ] Enrichr library gene sets already downloaded in: C:\Users\kirst\.gseapy, use local file
LINE 135 : 2020-03-13 01:09:41,250 [INFO    ] 4665 gene_sets have been filtered out when max_size=500 and min_size=15
LINE 498 : 2020-03-13 01:09:41,250 [INFO    ] 0438 gene_sets used for further statistical testing.....
LINE 499 : 2020-03-13 01:09:41,250 [INFO    ] Start to run GSEA...Might take a while..................
LINE 455 : 2020-03-13 01:09:41,250 [DEBUG   ] Start to compute enrichment scores......................
LINE 479 : 2020-03-13 01:09:41,250 [DEBUG   ] Start to compute es and esnulls........................
LINE 622 : 2020-03-13 01:11:42,556 [DEBUG   ] Start to compute pvals..................................
LINE 626 : 2020-03-13 01:11:42,577 [DEBUG   ] Start to compute nes and nesnull........................
LINE 637 : 2020-03-13 01:11:42,601 [DEBUG   ] Start to compute fdrs..................................
LINE 604 : 2020-03-13 01:11:42,653 [DEBUG   ] Statistical testing finished.............................
LINE 507 : 2020-03-13 01:11:42,653 [INFO    ] Start to generate gseapy reports, and produce figures...
LINE 519 : 2020-03-13 01:12:06,839 [INFO    ] Congratulations. GSEApy runs successfully................

LINE 2515: 2020-03-13 01:12:07,104 [DEBUG   ] update_title_pos
LINE 653 : 2020-03-13 01:12:07,151 [DEBUG   ] Assigning font /b'F1' = 'C:\\Users\\kirst\\Miniconda3\\lib\\site-packages\\matplotlib\\mpl-data\\fonts\\ttf\\DejaVuSans.ttf'
LINE 653 : 2020-03-13 01:12:07,167 [DEBUG   ] Assigning font /b'F2' = 'C:\\Users\\kirst\\Miniconda3\\lib\\site-packages\\matplotlib\\mpl-data\\fonts\\ttf\\DejaVuSans-Bold.ttf'
LINE 703 : 2020-03-13 01:12:07,229 [DEBUG   ] Embedding font C:\Users\kirst\Miniconda3\lib\site-packages\matplotlib\mpl-data\fonts\ttf\DejaVuSans-Bold.ttf.
LINE 710 : 2020-03-13 01:12:07,229 [DEBUG   ] Writing TrueType font.
LINE 703 : 2020-03-13 01:12:07,261 [DEBUG   ] Embedding font C:\Users\kirst\Miniconda3\lib\site-packages\matplotlib\mpl-data\fonts\ttf\DejaVuSans.ttf.
LINE 710 : 2020-03-13 01:12:07,261 [DEBUG   ] Writing TrueType font.
LINE 2515: 2020-03-13 01:12:07,292 [DEBUG   ] update_title_pos
LINE 2515: 2020-03-13 01:12:07,323 [DEBUG   ] update_title_pos
LINE 2515: 2020-03-13 01:12:07,339 [DEBUG   ] update_title_pos
LINE 653 : 2020-03-13 01:12:07,339 [DEBUG   ] Assigning font /b'F1' = 'C:\\Users\\kirst\\Miniconda3\\lib\\site-packages\\matplotlib\\mpl-data\\fonts\\ttf\\DejaVuSans.ttf'
LINE 653 : 2020-03-13 01:12:07,354 [DEBUG   ] Assigning font /b'F2' = 'C:\\Users\\kirst\\Miniconda3\\lib\\site-packages\\matplotlib\\mpl-data\\fonts\\ttf\\DejaVuSans-Bold.ttf'
LINE 703 : 2020-03-13 01:12:07,386 [DEBUG   ] Embedding font C:\Users\kirst\Miniconda3\lib\site-packages\matplotlib\mpl-data\fonts\ttf\DejaVuSans-Bold.ttf.
LINE 710 : 2020-03-13 01:12:07,386 [DEBUG   ] Writing TrueType font.
LINE 703 : 2020-03-13 01:12:07,417 [DEBUG   ] Embedding font C:\Users\kirst\Miniconda3\lib\site-packages\matplotlib\mpl-data\fonts\ttf\DejaVuSans.ttf.
LINE 710 : 2020-03-13 01:12:07,417 [DEBUG   ] Writing TrueType font.
LINE 2515: 2020-03-13 01:12:07,448 [DEBUG   ] update_title_pos
LINE 494 : 2020-03-13 01:12:07,589 [INFO    ] Parsing data files for GSEA.............................
LINE 225 : 2020-03-13 01:12:07,620 [DEBUG   ] Starting new HTTP connection (1): amp.pharm.mssm.edu:80
LINE 437 : 2020-03-13 01:12:07,745 [DEBUG   ] http://amp.pharm.mssm.edu:80 "GET /Enrichr/datasetStatistics HTTP/1.1" 200 None
LINE 166 : 2020-03-13 01:12:07,823 [INFO    ] Enrichr library gene sets already downloaded in: C:\Users\kirst\.gseapy, use local file
LINE 135 : 2020-03-13 01:12:20,180 [INFO    ] 4899 gene_sets have been filtered out when max_size=500 and min_size=15
LINE 498 : 2020-03-13 01:12:20,180 [INFO    ] 0204 gene_sets used for further statistical testing.....
LINE 499 : 2020-03-13 01:12:20,180 [INFO    ] Start to run GSEA...Might take a while..................
LINE 455 : 2020-03-13 01:12:20,180 [DEBUG   ] Start to compute enrichment scores......................
LINE 479 : 2020-03-13 01:12:20,180 [DEBUG   ] Start to compute es and esnulls........................
LINE 622 : 2020-03-13 01:13:04,454 [DEBUG   ] Start to compute pvals..................................
LINE 626 : 2020-03-13 01:13:04,454 [DEBUG   ] Start to compute nes and nesnull........................
LINE 637 : 2020-03-13 01:13:04,470 [DEBUG   ] Start to compute fdrs..................................
LINE 604 : 2020-03-13 01:13:04,485 [DEBUG   ] Statistical testing finished.............................
LINE 507 : 2020-03-13 01:13:04,485 [INFO    ] Start to generate gseapy reports, and produce figures...
LINE 519 : 2020-03-13 01:13:33,676 [INFO    ] Congratulations. GSEApy runs successfully................

LINE 2515: 2020-03-13 01:13:35,676 [DEBUG   ] update_title_pos
LINE 653 : 2020-03-13 01:13:35,733 [DEBUG   ] Assigning font /b'F1' = 'C:\\Users\\kirst\\Miniconda3\\lib\\site-packages\\matplotlib\\mpl-data\\fonts\\ttf\\DejaVuSans.ttf'
LINE 653 : 2020-03-13 01:13:35,764 [DEBUG   ] Assigning font /b'F2' = 'C:\\Users\\kirst\\Miniconda3\\lib\\site-packages\\matplotlib\\mpl-data\\fonts\\ttf\\DejaVuSans-Bold.ttf'
LINE 703 : 2020-03-13 01:13:35,901 [DEBUG   ] Embedding font C:\Users\kirst\Miniconda3\lib\site-packages\matplotlib\mpl-data\fonts\ttf\DejaVuSans-Bold.ttf.
LINE 710 : 2020-03-13 01:13:35,902 [DEBUG   ] Writing TrueType font.
LINE 703 : 2020-03-13 01:13:35,935 [DEBUG   ] Embedding font C:\Users\kirst\Miniconda3\lib\site-packages\matplotlib\mpl-data\fonts\ttf\DejaVuSans.ttf.
LINE 710 : 2020-03-13 01:13:35,935 [DEBUG   ] Writing TrueType font.
LINE 2515: 2020-03-13 01:13:35,982 [DEBUG   ] update_title_pos
LINE 2515: 2020-03-13 01:13:36,013 [DEBUG   ] update_title_pos
LINE 2515: 2020-03-13 01:13:36,044 [DEBUG   ] update_title_pos
LINE 653 : 2020-03-13 01:13:36,076 [DEBUG   ] Assigning font /b'F1' = 'C:\\Users\\kirst\\Miniconda3\\lib\\site-packages\\matplotlib\\mpl-data\\fonts\\ttf\\DejaVuSans.ttf'
LINE 653 : 2020-03-13 01:13:36,091 [DEBUG   ] Assigning font /b'F2' = 'C:\\Users\\kirst\\Miniconda3\\lib\\site-packages\\matplotlib\\mpl-data\\fonts\\ttf\\DejaVuSans-Bold.ttf'
LINE 703 : 2020-03-13 01:13:36,154 [DEBUG   ] Embedding font C:\Users\kirst\Miniconda3\lib\site-packages\matplotlib\mpl-data\fonts\ttf\DejaVuSans-Bold.ttf.
LINE 710 : 2020-03-13 01:13:36,154 [DEBUG   ] Writing TrueType font.
LINE 703 : 2020-03-13 01:13:36,169 [DEBUG   ] Embedding font C:\Users\kirst\Miniconda3\lib\site-packages\matplotlib\mpl-data\fonts\ttf\DejaVuSans.ttf.
LINE 710 : 2020-03-13 01:13:36,169 [DEBUG   ] Writing TrueType font.
LINE 2515: 2020-03-13 01:13:36,201 [DEBUG   ] update_title_pos
LINE 494 : 2020-03-13 01:13:36,451 [INFO    ] Parsing data files for GSEA.............................
LINE 225 : 2020-03-13 01:13:36,513 [DEBUG   ] Starting new HTTP connection (1): amp.pharm.mssm.edu:80
LINE 437 : 2020-03-13 01:13:36,685 [DEBUG   ] http://amp.pharm.mssm.edu:80 "GET /Enrichr/datasetStatistics HTTP/1.1" 200 None
LINE 166 : 2020-03-13 01:13:36,763 [INFO    ] Enrichr library gene sets already downloaded in: C:\Users\kirst\.gseapy, use local file
LINE 135 : 2020-03-13 01:14:07,195 [INFO    ] 4112 gene_sets have been filtered out when max_size=500 and min_size=15
LINE 498 : 2020-03-13 01:14:07,195 [INFO    ] 0991 gene_sets used for further statistical testing.....
LINE 499 : 2020-03-13 01:14:07,195 [INFO    ] Start to run GSEA...Might take a while..................
LINE 455 : 2020-03-13 01:14:07,195 [DEBUG   ] Start to compute enrichment scores......................
LINE 479 : 2020-03-13 01:14:07,195 [DEBUG   ] Start to compute es and esnulls........................
LINE 622 : 2020-03-13 01:23:15,928 [DEBUG   ] Start to compute pvals..................................
LINE 626 : 2020-03-13 01:23:15,981 [DEBUG   ] Start to compute nes and nesnull........................
LINE 637 : 2020-03-13 01:23:16,028 [DEBUG   ] Start to compute fdrs..................................
LINE 604 : 2020-03-13 01:23:16,166 [DEBUG   ] Statistical testing finished.............................
LINE 507 : 2020-03-13 01:23:16,244 [INFO    ] Start to generate gseapy reports, and produce figures...
LINE 519 : 2020-03-13 01:23:52,026 [INFO    ] Congratulations. GSEApy runs successfully................

LINE 2515: 2020-03-13 01:23:52,850 [DEBUG   ] update_title_pos
LINE 653 : 2020-03-13 01:23:52,886 [DEBUG   ] Assigning font /b'F1' = 'C:\\Users\\kirst\\Miniconda3\\lib\\site-packages\\matplotlib\\mpl-data\\fonts\\ttf\\DejaVuSans.ttf'
LINE 653 : 2020-03-13 01:23:52,887 [DEBUG   ] Assigning font /b'F2' = 'C:\\Users\\kirst\\Miniconda3\\lib\\site-packages\\matplotlib\\mpl-data\\fonts\\ttf\\DejaVuSans-Bold.ttf'
LINE 703 : 2020-03-13 01:23:52,965 [DEBUG   ] Embedding font C:\Users\kirst\Miniconda3\lib\site-packages\matplotlib\mpl-data\fonts\ttf\DejaVuSans-Bold.ttf.
LINE 710 : 2020-03-13 01:23:52,965 [DEBUG   ] Writing TrueType font.
LINE 703 : 2020-03-13 01:23:53,075 [DEBUG   ] Embedding font C:\Users\kirst\Miniconda3\lib\site-packages\matplotlib\mpl-data\fonts\ttf\DejaVuSans.ttf.
LINE 710 : 2020-03-13 01:23:53,075 [DEBUG   ] Writing TrueType font.
LINE 2515: 2020-03-13 01:23:53,215 [DEBUG   ] update_title_pos
LINE 2515: 2020-03-13 01:23:53,293 [DEBUG   ] update_title_pos
LINE 2515: 2020-03-13 01:23:53,372 [DEBUG   ] update_title_pos
LINE 653 : 2020-03-13 01:23:53,403 [DEBUG   ] Assigning font /b'F1' = 'C:\\Users\\kirst\\Miniconda3\\lib\\site-packages\\matplotlib\\mpl-data\\fonts\\ttf\\DejaVuSans.ttf'
LINE 653 : 2020-03-13 01:23:53,418 [DEBUG   ] Assigning font /b'F2' = 'C:\\Users\\kirst\\Miniconda3\\lib\\site-packages\\matplotlib\\mpl-data\\fonts\\ttf\\DejaVuSans-Bold.ttf'
LINE 703 : 2020-03-13 01:23:53,497 [DEBUG   ] Embedding font C:\Users\kirst\Miniconda3\lib\site-packages\matplotlib\mpl-data\fonts\ttf\DejaVuSans-Bold.ttf.
LINE 710 : 2020-03-13 01:23:53,497 [DEBUG   ] Writing TrueType font.
LINE 703 : 2020-03-13 01:23:53,528 [DEBUG   ] Embedding font C:\Users\kirst\Miniconda3\lib\site-packages\matplotlib\mpl-data\fonts\ttf\DejaVuSans.ttf.
LINE 710 : 2020-03-13 01:23:53,528 [DEBUG   ] Writing TrueType font.
LINE 2515: 2020-03-13 01:23:53,575 [DEBUG   ] update_title_pos
LINE 494 : 2020-03-13 01:23:53,793 [INFO    ] Parsing data files for GSEA.............................
LINE 225 : 2020-03-13 01:23:53,871 [DEBUG   ] Starting new HTTP connection (1): amp.pharm.mssm.edu:80
LINE 437 : 2020-03-13 01:26:28,274 [DEBUG   ] http://amp.pharm.mssm.edu:80 "GET /Enrichr/datasetStatistics HTTP/1.1" 200 None
LINE 166 : 2020-03-13 01:26:28,352 [INFO    ] Enrichr library gene sets already downloaded in: C:\Users\kirst\.gseapy, use local file
LINE 135 : 2020-03-13 01:26:31,962 [INFO    ] 5047 gene_sets have been filtered out when max_size=500 and min_size=15
LINE 498 : 2020-03-13 01:26:31,962 [INFO    ] 0056 gene_sets used for further statistical testing.....
LINE 499 : 2020-03-13 01:26:31,962 [INFO    ] Start to run GSEA...Might take a while..................
LINE 455 : 2020-03-13 01:26:31,977 [DEBUG   ] Start to compute enrichment scores......................
LINE 479 : 2020-03-13 01:26:31,977 [DEBUG   ] Start to compute es and esnulls........................
LINE 622 : 2020-03-13 01:26:44,219 [DEBUG   ] Start to compute pvals..................................
LINE 626 : 2020-03-13 01:26:44,219 [DEBUG   ] Start to compute nes and nesnull........................
LINE 637 : 2020-03-13 01:26:44,235 [DEBUG   ] Start to compute fdrs..................................
LINE 604 : 2020-03-13 01:26:44,235 [DEBUG   ] Statistical testing finished.............................
LINE 507 : 2020-03-13 01:26:44,235 [INFO    ] Start to generate gseapy reports, and produce figures...
LINE 519 : 2020-03-13 01:27:08,976 [INFO    ] Congratulations. GSEApy runs successfully................

LINE 2515: 2020-03-13 01:27:09,476 [DEBUG   ] update_title_pos
LINE 653 : 2020-03-13 01:27:09,508 [DEBUG   ] Assigning font /b'F1' = 'C:\\Users\\kirst\\Miniconda3\\lib\\site-packages\\matplotlib\\mpl-data\\fonts\\ttf\\DejaVuSans.ttf'
LINE 653 : 2020-03-13 01:27:09,539 [DEBUG   ] Assigning font /b'F2' = 'C:\\Users\\kirst\\Miniconda3\\lib\\site-packages\\matplotlib\\mpl-data\\fonts\\ttf\\DejaVuSans-Bold.ttf'
LINE 703 : 2020-03-13 01:27:09,679 [DEBUG   ] Embedding font C:\Users\kirst\Miniconda3\lib\site-packages\matplotlib\mpl-data\fonts\ttf\DejaVuSans-Bold.ttf.
LINE 710 : 2020-03-13 01:27:09,679 [DEBUG   ] Writing TrueType font.
LINE 703 : 2020-03-13 01:27:09,742 [DEBUG   ] Embedding font C:\Users\kirst\Miniconda3\lib\site-packages\matplotlib\mpl-data\fonts\ttf\DejaVuSans.ttf.
LINE 710 : 2020-03-13 01:27:09,742 [DEBUG   ] Writing TrueType font.
LINE 2515: 2020-03-13 01:27:09,836 [DEBUG   ] update_title_pos
LINE 2515: 2020-03-13 01:27:09,914 [DEBUG   ] update_title_pos
LINE 2515: 2020-03-13 01:27:09,992 [DEBUG   ] update_title_pos
LINE 653 : 2020-03-13 01:27:10,023 [DEBUG   ] Assigning font /b'F1' = 'C:\\Users\\kirst\\Miniconda3\\lib\\site-packages\\matplotlib\\mpl-data\\fonts\\ttf\\DejaVuSans.ttf'
LINE 653 : 2020-03-13 01:27:10,070 [DEBUG   ] Assigning font /b'F2' = 'C:\\Users\\kirst\\Miniconda3\\lib\\site-packages\\matplotlib\\mpl-data\\fonts\\ttf\\DejaVuSans-Bold.ttf'
LINE 703 : 2020-03-13 01:27:10,164 [DEBUG   ] Embedding font C:\Users\kirst\Miniconda3\lib\site-packages\matplotlib\mpl-data\fonts\ttf\DejaVuSans-Bold.ttf.
LINE 710 : 2020-03-13 01:27:10,164 [DEBUG   ] Writing TrueType font.
LINE 703 : 2020-03-13 01:27:10,195 [DEBUG   ] Embedding font C:\Users\kirst\Miniconda3\lib\site-packages\matplotlib\mpl-data\fonts\ttf\DejaVuSans.ttf.
LINE 710 : 2020-03-13 01:27:10,195 [DEBUG   ] Writing TrueType font.
LINE 2515: 2020-03-13 01:27:10,257 [DEBUG   ] update_title_pos
LINE 494 : 2020-03-13 01:27:10,445 [INFO    ] Parsing data files for GSEA.............................
LINE 225 : 2020-03-13 01:27:10,445 [DEBUG   ] Starting new HTTP connection (1): amp.pharm.mssm.edu:80
LINE 437 : 2020-03-13 01:27:10,632 [DEBUG   ] http://amp.pharm.mssm.edu:80 "GET /Enrichr/datasetStatistics HTTP/1.1" 200 None
LINE 166 : 2020-03-13 01:27:10,726 [INFO    ] Enrichr library gene sets already downloaded in: C:\Users\kirst\.gseapy, use local file
LINE 135 : 2020-03-13 01:27:21,237 [INFO    ] 4763 gene_sets have been filtered out when max_size=500 and min_size=15
LINE 498 : 2020-03-13 01:27:21,237 [INFO    ] 0340 gene_sets used for further statistical testing.....
LINE 499 : 2020-03-13 01:27:21,237 [INFO    ] Start to run GSEA...Might take a while..................
LINE 455 : 2020-03-13 01:27:21,237 [DEBUG   ] Start to compute enrichment scores......................
LINE 479 : 2020-03-13 01:27:21,237 [DEBUG   ] Start to compute es and esnulls........................
LINE 622 : 2020-03-13 01:28:33,208 [DEBUG   ] Start to compute pvals..................................
LINE 626 : 2020-03-13 01:28:33,208 [DEBUG   ] Start to compute nes and nesnull........................
LINE 637 : 2020-03-13 01:28:33,224 [DEBUG   ] Start to compute fdrs..................................
LINE 604 : 2020-03-13 01:28:33,271 [DEBUG   ] Statistical testing finished.............................
LINE 507 : 2020-03-13 01:28:33,271 [INFO    ] Start to generate gseapy reports, and produce figures...
LINE 519 : 2020-03-13 01:28:56,818 [INFO    ] Congratulations. GSEApy runs successfully................

LINE 2515: 2020-03-13 01:28:56,881 [DEBUG   ] update_title_pos
LINE 653 : 2020-03-13 01:28:56,896 [DEBUG   ] Assigning font /b'F1' = 'C:\\Users\\kirst\\Miniconda3\\lib\\site-packages\\matplotlib\\mpl-data\\fonts\\ttf\\DejaVuSans.ttf'
LINE 653 : 2020-03-13 01:28:56,896 [DEBUG   ] Assigning font /b'F2' = 'C:\\Users\\kirst\\Miniconda3\\lib\\site-packages\\matplotlib\\mpl-data\\fonts\\ttf\\DejaVuSans-Bold.ttf'
LINE 703 : 2020-03-13 01:28:56,990 [DEBUG   ] Embedding font C:\Users\kirst\Miniconda3\lib\site-packages\matplotlib\mpl-data\fonts\ttf\DejaVuSans-Bold.ttf.
LINE 710 : 2020-03-13 01:28:56,990 [DEBUG   ] Writing TrueType font.
LINE 703 : 2020-03-13 01:28:57,099 [DEBUG   ] Embedding font C:\Users\kirst\Miniconda3\lib\site-packages\matplotlib\mpl-data\fonts\ttf\DejaVuSans.ttf.
LINE 710 : 2020-03-13 01:28:57,099 [DEBUG   ] Writing TrueType font.
LINE 2515: 2020-03-13 01:28:57,162 [DEBUG   ] update_title_pos
LINE 2515: 2020-03-13 01:28:57,240 [DEBUG   ] update_title_pos
LINE 2515: 2020-03-13 01:28:57,318 [DEBUG   ] update_title_pos
LINE 653 : 2020-03-13 01:28:57,349 [DEBUG   ] Assigning font /b'F1' = 'C:\\Users\\kirst\\Miniconda3\\lib\\site-packages\\matplotlib\\mpl-data\\fonts\\ttf\\DejaVuSans.ttf'
LINE 653 : 2020-03-13 01:28:57,349 [DEBUG   ] Assigning font /b'F2' = 'C:\\Users\\kirst\\Miniconda3\\lib\\site-packages\\matplotlib\\mpl-data\\fonts\\ttf\\DejaVuSans-Bold.ttf'
LINE 703 : 2020-03-13 01:28:57,412 [DEBUG   ] Embedding font C:\Users\kirst\Miniconda3\lib\site-packages\matplotlib\mpl-data\fonts\ttf\DejaVuSans-Bold.ttf.
LINE 710 : 2020-03-13 01:28:57,412 [DEBUG   ] Writing TrueType font.
LINE 703 : 2020-03-13 01:28:57,443 [DEBUG   ] Embedding font C:\Users\kirst\Miniconda3\lib\site-packages\matplotlib\mpl-data\fonts\ttf\DejaVuSans.ttf.
LINE 710 : 2020-03-13 01:28:57,443 [DEBUG   ] Writing TrueType font.
LINE 2515: 2020-03-13 01:28:57,474 [DEBUG   ] update_title_pos
LINE 2515: 2020-03-13 01:28:59,364 [DEBUG   ] update_title_pos
LINE 2515: 2020-03-13 01:28:59,567 [DEBUG   ] update_title_pos
LINE 2515: 2020-03-13 01:28:59,646 [DEBUG   ] update_title_pos
LINE 2515: 2020-03-13 01:28:59,692 [DEBUG   ] update_title_pos
LINE 2515: 2020-03-13 01:28:59,942 [DEBUG   ] update_title_pos
LINE 2515: 2020-03-13 01:29:00,161 [DEBUG   ] update_title_pos
LINE 2515: 2020-03-13 01:29:00,228 [DEBUG   ] update_title_pos
LINE 2515: 2020-03-13 01:29:00,264 [DEBUG   ] update_title_pos
LINE 2515: 2020-03-13 01:29:00,611 [DEBUG   ] update_title_pos
LINE 2515: 2020-03-13 01:29:00,846 [DEBUG   ] update_title_pos
LINE 2515: 2020-03-13 01:29:00,862 [DEBUG   ] update_title_pos
LINE 2515: 2020-03-13 01:29:00,893 [DEBUG   ] update_title_pos
LINE 2515: 2020-03-13 01:29:01,002 [DEBUG   ] update_title_pos
LINE 2515: 2020-03-13 01:29:01,137 [DEBUG   ] update_title_pos
LINE 2515: 2020-03-13 01:29:01,184 [DEBUG   ] update_title_pos
LINE 2515: 2020-03-13 01:29:01,200 [DEBUG   ] update_title_pos
LINE 2515: 2020-03-13 01:29:01,309 [DEBUG   ] update_title_pos
LINE 2515: 2020-03-13 01:29:01,430 [DEBUG   ] update_title_pos
LINE 2515: 2020-03-13 01:29:01,445 [DEBUG   ] update_title_pos
LINE 2515: 2020-03-13 01:29:01,477 [DEBUG   ] update_title_pos
LINE 2515: 2020-03-13 01:29:01,601 [DEBUG   ] update_title_pos
LINE 2515: 2020-03-13 01:29:01,742 [DEBUG   ] update_title_pos
LINE 2515: 2020-03-13 01:29:01,789 [DEBUG   ] update_title_pos
LINE 2515: 2020-03-13 01:29:01,820 [DEBUG   ] update_title_pos
LINE 2515: 2020-03-13 01:29:01,976 [DEBUG   ] update_title_pos
LINE 2515: 2020-03-13 01:29:02,130 [DEBUG   ] update_title_pos
LINE 2515: 2020-03-13 01:29:02,227 [DEBUG   ] update_title_pos
LINE 2515: 2020-03-13 01:29:02,243 [DEBUG   ] update_title_pos
LINE 2515: 2020-03-13 01:29:02,509 [DEBUG   ] update_title_pos
LINE 2515: 2020-03-13 01:29:02,832 [DEBUG   ] update_title_pos
LINE 2515: 2020-03-13 01:29:02,895 [DEBUG   ] update_title_pos
LINE 2515: 2020-03-13 01:29:02,926 [DEBUG   ] update_title_pos
LINE 2515: 2020-03-13 01:29:03,098 [DEBUG   ] update_title_pos
LINE 2515: 2020-03-13 01:29:03,247 [DEBUG   ] update_title_pos
LINE 2515: 2020-03-13 01:29:03,310 [DEBUG   ] update_title_pos
LINE 2515: 2020-03-13 01:29:03,341 [DEBUG   ] update_title_pos
LINE 2515: 2020-03-13 01:29:03,872 [DEBUG   ] update_title_pos
LINE 2515: 2020-03-13 01:29:04,602 [DEBUG   ] update_title_pos
LINE 2515: 2020-03-13 01:29:04,846 [DEBUG   ] update_title_pos
LINE 2515: 2020-03-13 01:29:04,971 [DEBUG   ] update_title_pos
LINE 2515: 2020-03-13 01:29:05,596 [DEBUG   ] update_title_pos
LINE 2515: 2020-03-13 01:29:05,815 [DEBUG   ] update_title_pos
LINE 2515: 2020-03-13 01:29:05,877 [DEBUG   ] update_title_pos
LINE 2515: 2020-03-13 01:29:05,908 [DEBUG   ] update_title_pos
LINE 2515: 2020-03-13 01:29:06,080 [DEBUG   ] update_title_pos
LINE 2515: 2020-03-13 01:29:06,318 [DEBUG   ] update_title_pos
LINE 2515: 2020-03-13 01:29:06,381 [DEBUG   ] update_title_pos
LINE 2515: 2020-03-13 01:29:06,428 [DEBUG   ] update_title_pos
LINE 2515: 2020-03-13 01:29:06,818 [DEBUG   ] update_title_pos
LINE 2515: 2020-03-13 01:29:06,957 [DEBUG   ] update_title_pos
LINE 2515: 2020-03-13 01:29:07,004 [DEBUG   ] update_title_pos
LINE 2515: 2020-03-13 01:29:07,035 [DEBUG   ] update_title_pos
LINE 2515: 2020-03-13 01:29:07,194 [DEBUG   ] update_title_pos
LINE 2515: 2020-03-13 01:29:07,357 [DEBUG   ] update_title_pos
LINE 2515: 2020-03-13 01:29:07,404 [DEBUG   ] update_title_pos
LINE 2515: 2020-03-13 01:29:07,435 [DEBUG   ] update_title_pos
LINE 2515: 2020-03-13 01:29:07,720 [DEBUG   ] update_title_pos
LINE 2515: 2020-03-13 01:29:07,953 [DEBUG   ] update_title_pos
LINE 2515: 2020-03-13 01:29:08,016 [DEBUG   ] update_title_pos
LINE 2515: 2020-03-13 01:29:08,047 [DEBUG   ] update_title_pos
LINE 2515: 2020-03-13 01:29:08,172 [DEBUG   ] update_title_pos
LINE 2515: 2020-03-13 01:29:08,307 [DEBUG   ] update_title_pos
LINE 2515: 2020-03-13 01:29:08,354 [DEBUG   ] update_title_pos
LINE 2515: 2020-03-13 01:29:08,385 [DEBUG   ] update_title_pos
LINE 2515: 2020-03-13 01:29:08,544 [DEBUG   ] update_title_pos
LINE 2515: 2020-03-13 01:29:08,875 [DEBUG   ] update_title_pos
LINE 2515: 2020-03-13 01:29:08,938 [DEBUG   ] update_title_pos
LINE 2515: 2020-03-13 01:29:08,985 [DEBUG   ] update_title_pos
LINE 2515: 2020-03-13 01:29:09,156 [DEBUG   ] update_title_pos
LINE 2515: 2020-03-13 01:29:09,279 [DEBUG   ] update_title_pos
LINE 2515: 2020-03-13 01:29:09,310 [DEBUG   ] update_title_pos
LINE 2515: 2020-03-13 01:29:09,341 [DEBUG   ] update_title_pos
LINE 2515: 2020-03-13 01:29:09,484 [DEBUG   ] update_title_pos
LINE 2515: 2020-03-13 01:29:09,597 [DEBUG   ] update_title_pos
LINE 2515: 2020-03-13 01:29:09,612 [DEBUG   ] update_title_pos
LINE 2515: 2020-03-13 01:29:09,628 [DEBUG   ] update_title_pos
LINE 2515: 2020-03-13 01:29:09,737 [DEBUG   ] update_title_pos
LINE 2515: 2020-03-13 01:29:09,827 [DEBUG   ] update_title_pos
LINE 2515: 2020-03-13 01:29:09,842 [DEBUG   ] update_title_pos
LINE 2515: 2020-03-13 01:29:09,858 [DEBUG   ] update_title_pos
LINE 2515: 2020-03-13 01:29:09,952 [DEBUG   ] update_title_pos
LINE 2515: 2020-03-13 01:29:10,041 [DEBUG   ] update_title_pos
LINE 2515: 2020-03-13 01:29:10,072 [DEBUG   ] update_title_pos
LINE 2515: 2020-03-13 01:29:10,088 [DEBUG   ] update_title_pos
LINE 2515: 2020-03-13 01:29:10,197 [DEBUG   ] update_title_pos
LINE 2515: 2020-03-13 01:29:10,301 [DEBUG   ] update_title_pos
LINE 2515: 2020-03-13 01:29:10,332 [DEBUG   ] update_title_pos
LINE 2515: 2020-03-13 01:29:10,348 [DEBUG   ] update_title_pos
LINE 2515: 2020-03-13 01:29:10,458 [DEBUG   ] update_title_pos
LINE 2515: 2020-03-13 01:29:10,543 [DEBUG   ] update_title_pos
LINE 2515: 2020-03-13 01:29:10,574 [DEBUG   ] update_title_pos
LINE 2515: 2020-03-13 01:29:10,590 [DEBUG   ] update_title_pos
LINE 2515: 2020-03-13 01:29:10,683 [DEBUG   ] update_title_pos
LINE 2515: 2020-03-13 01:29:10,777 [DEBUG   ] update_title_pos
LINE 2515: 2020-03-13 01:29:10,792 [DEBUG   ] update_title_pos
LINE 2515: 2020-03-13 01:29:10,808 [DEBUG   ] update_title_pos
